[ 27%] Built target robot_decision_node
[ 36%] Built target standard_robot_pp_ros2_node
[ 54%] Built target gimbal_manager_node
[ 63%] Building CXX object CMakeFiles/standard_robot_pp_ros2.dir/src/2025_robot_decision.cpp.o
[ 72%] Linking CXX shared library libstandard_robot_pp_ros2.so
[100%] Built target standard_robot_pp_ros2
-- Install configuration: ""
-- Up-to-date: /home/ats/ats_sentry_ws/install/standard_robot_pp_ros2/lib/standard_robot_pp_ros2/standard_robot_pp_ros2_node
-- Up-to-date: /home/ats/ats_sentry_ws/install/standard_robot_pp_ros2/lib/standard_robot_pp_ros2/gimbal_manager_node
-- Up-to-date: /home/ats/ats_sentry_ws/install/standard_robot_pp_ros2/lib/standard_robot_pp_ros2/robot_decision_node
-- Up-to-date: /home/ats/ats_sentry_ws/install/standard_robot_pp_ros2/include
-- Up-to-date: /home/ats/ats_sentry_ws/install/standard_robot_pp_ros2/include/standard_robot_pp_ros2
-- Up-to-date: /home/ats/ats_sentry_ws/install/standard_robot_pp_ros2/include/standard_robot_pp_ros2/standard_robot_pp_ros2.hpp
-- Up-to-date: /home/ats/ats_sentry_ws/install/standard_robot_pp_ros2/include/standard_robot_pp_ros2/packet_typedef.hpp
-- Up-to-date: /home/ats/ats_sentry_ws/install/standard_robot_pp_ros2/include/standard_robot_pp_ros2/gimbal_manager.hpp
-- Up-to-date: /home/ats/ats_sentry_ws/install/standard_robot_pp_ros2/include/standard_robot_pp_ros2/crc8_crc16.hpp
-- Up-to-date: /home/ats/ats_sentry_ws/install/standard_robot_pp_ros2/include/standard_robot_pp_ros2/robot_info.hpp
-- Installing: /home/ats/ats_sentry_ws/install/standard_robot_pp_ros2/include/standard_robot_pp_ros2/2025_robot_decision.hpp
-- Up-to-date: /home/ats/ats_sentry_ws/install/standard_robot_pp_ros2/share/standard_robot_pp_ros2/environment/library_path.sh
-- Up-to-date: /home/ats/ats_sentry_ws/install/standard_robot_pp_ros2/share/standard_robot_pp_ros2/environment/library_path.dsv
-- Installing: /home/ats/ats_sentry_ws/install/standard_robot_pp_ros2/lib/libstandard_robot_pp_ros2.so
-- Set runtime path of "/home/ats/ats_sentry_ws/install/standard_robot_pp_ros2/lib/libstandard_robot_pp_ros2.so" to ""
-- Up-to-date: /home/ats/ats_sentry_ws/install/standard_robot_pp_ros2/share/standard_robot_pp_ros2/config
-- Installing: /home/ats/ats_sentry_ws/install/standard_robot_pp_ros2/share/standard_robot_pp_ros2/config/standard_robot_pp_ros2.yaml
-- Up-to-date: /home/ats/ats_sentry_ws/install/standard_robot_pp_ros2/share/standard_robot_pp_ros2/launch
-- Installing: /home/ats/ats_sentry_ws/install/standard_robot_pp_ros2/share/standard_robot_pp_ros2/launch/standard_robot_pp_ros2.launch.py
-- Up-to-date: /home/ats/ats_sentry_ws/install/standard_robot_pp_ros2/share/standard_robot_pp_ros2/launch/__pycache__
-- Up-to-date: /home/ats/ats_sentry_ws/install/standard_robot_pp_ros2/share/standard_robot_pp_ros2/launch/__pycache__/standard_robot_pp_ros2.launch.cpython-310.pyc
-- Up-to-date: /home/ats/ats_sentry_ws/install/standard_robot_pp_ros2/share/ament_index/resource_index/package_run_dependencies/standard_robot_pp_ros2
-- Up-to-date: /home/ats/ats_sentry_ws/install/standard_robot_pp_ros2/share/ament_index/resource_index/parent_prefix_path/standard_robot_pp_ros2
-- Up-to-date: /home/ats/ats_sentry_ws/install/standard_robot_pp_ros2/share/standard_robot_pp_ros2/environment/ament_prefix_path.sh
-- Up-to-date: /home/ats/ats_sentry_ws/install/standard_robot_pp_ros2/share/standard_robot_pp_ros2/environment/ament_prefix_path.dsv
-- Up-to-date: /home/ats/ats_sentry_ws/install/standard_robot_pp_ros2/share/standard_robot_pp_ros2/environment/path.sh
-- Up-to-date: /home/ats/ats_sentry_ws/install/standard_robot_pp_ros2/share/standard_robot_pp_ros2/environment/path.dsv
-- Up-to-date: /home/ats/ats_sentry_ws/install/standard_robot_pp_ros2/share/standard_robot_pp_ros2/local_setup.bash
-- Up-to-date: /home/ats/ats_sentry_ws/install/standard_robot_pp_ros2/share/standard_robot_pp_ros2/local_setup.sh
-- Up-to-date: /home/ats/ats_sentry_ws/install/standard_robot_pp_ros2/share/standard_robot_pp_ros2/local_setup.zsh
-- Up-to-date: /home/ats/ats_sentry_ws/install/standard_robot_pp_ros2/share/standard_robot_pp_ros2/local_setup.dsv
-- Installing: /home/ats/ats_sentry_ws/install/standard_robot_pp_ros2/share/standard_robot_pp_ros2/package.dsv
-- Up-to-date: /home/ats/ats_sentry_ws/install/standard_robot_pp_ros2/share/ament_index/resource_index/packages/standard_robot_pp_ros2
-- Up-to-date: /home/ats/ats_sentry_ws/install/standard_robot_pp_ros2/share/ament_index/resource_index/rclcpp_components/standard_robot_pp_ros2
-- Up-to-date: /home/ats/ats_sentry_ws/install/standard_robot_pp_ros2/share/standard_robot_pp_ros2/cmake/ament_cmake_export_dependencies-extras.cmake
-- Up-to-date: /home/ats/ats_sentry_ws/install/standard_robot_pp_ros2/share/standard_robot_pp_ros2/cmake/ament_cmake_export_include_directories-extras.cmake
-- Up-to-date: /home/ats/ats_sentry_ws/install/standard_robot_pp_ros2/share/standard_robot_pp_ros2/cmake/ament_cmake_export_libraries-extras.cmake
-- Up-to-date: /home/ats/ats_sentry_ws/install/standard_robot_pp_ros2/share/standard_robot_pp_ros2/cmake/standard_robot_pp_ros2Config.cmake
-- Up-to-date: /home/ats/ats_sentry_ws/install/standard_robot_pp_ros2/share/standard_robot_pp_ros2/cmake/standard_robot_pp_ros2Config-version.cmake
-- Up-to-date: /home/ats/ats_sentry_ws/install/standard_robot_pp_ros2/share/standard_robot_pp_ros2/package.xml
