[0.028s] Invoking command in '/home/ats/ats_sentry_ws/build/standard_robot_pp_ros2': AMENT_PREFIX_PATH=/home/ats/ats_sentry_ws/install/pb2025_robot_description:/home/ats/ats_sentry_ws/install/sdformat_tools:/home/ats/ats_sentry_ws/install/rmoss_gz_resources:/home/ats/ats_sentry_ws/install/pb_rm_interfaces:/home/ats/ats_sentry_ws/install/joint_state_publisher:/home/ats/ats_sentry_ws/install/auto_aim_interfaces:${AMENT_PREFIX_PATH} CMAKE_PREFIX_PATH=/home/ats/ats_sentry_ws/install/pb2025_robot_description:/home/ats/ats_sentry_ws/install/rmoss_gz_resources:/home/ats/ats_sentry_ws/install/pb_rm_interfaces:/home/ats/ats_sentry_ws/install/auto_aim_interfaces:/home/ats/ws_livox/install/livox_ros_driver2:/opt/ros/humble LD_LIBRARY_PATH=/home/ats/ats_sentry_ws/install/pb_rm_interfaces/lib:/home/ats/ats_sentry_ws/install/auto_aim_interfaces/lib:/opt/MVS/lib/64:/opt/MVS/lib/32:/opt/MVS/lib/64:/opt/MVS/lib/32:/home/ats/ws_livox/install/livox_ros_driver2/lib:/usr/lib/x86_64-linux-gnu/gazebo-11/plugins:/opt/ros/humble/opt/rviz_ogre_vendor/lib:/opt/ros/humble/lib/x86_64-linux-gnu:/opt/ros/humble/opt/openvdb_vendor/lib:/opt/ros/humble/lib:/usr/lib/x86_64-linux-gnu:/opt/MVS/lib/64:/opt/MVS/lib/32:/opt/MVS/lib/64:/opt/MVS/lib/32 PATH=/home/ats/ats_sentry_ws/install/sdformat_tools/bin:${PATH} PYTHONPATH=/home/ats/ats_sentry_ws/install/sdformat_tools/lib/python3.10/site-packages:/home/ats/ats_sentry_ws/install/pb_rm_interfaces/local/lib/python3.10/dist-packages:/home/ats/ats_sentry_ws/install/joint_state_publisher/lib/python3.10/site-packages:/home/ats/ats_sentry_ws/install/auto_aim_interfaces/local/lib/python3.10/dist-packages:${PYTHONPATH} /usr/bin/cmake --build /home/ats/ats_sentry_ws/build/standard_robot_pp_ros2 -- -j32 -l32
[0.160s] [ 27%] Built target robot_decision_node
[0.160s] [ 36%] Built target standard_robot_pp_ros2_node
[0.161s] [ 54%] Built target gimbal_manager_node
[0.172s] [ 63%] Building CXX object CMakeFiles/standard_robot_pp_ros2.dir/src/2025_robot_decision.cpp.o
[16.213s] [ 72%] Linking CXX shared library libstandard_robot_pp_ros2.so
[19.129s] [100%] Built target standard_robot_pp_ros2
[19.142s] Invoked command in '/home/ats/ats_sentry_ws/build/standard_robot_pp_ros2' returned '0': AMENT_PREFIX_PATH=/home/ats/ats_sentry_ws/install/pb2025_robot_description:/home/ats/ats_sentry_ws/install/sdformat_tools:/home/ats/ats_sentry_ws/install/rmoss_gz_resources:/home/ats/ats_sentry_ws/install/pb_rm_interfaces:/home/ats/ats_sentry_ws/install/joint_state_publisher:/home/ats/ats_sentry_ws/install/auto_aim_interfaces:${AMENT_PREFIX_PATH} CMAKE_PREFIX_PATH=/home/ats/ats_sentry_ws/install/pb2025_robot_description:/home/ats/ats_sentry_ws/install/rmoss_gz_resources:/home/ats/ats_sentry_ws/install/pb_rm_interfaces:/home/ats/ats_sentry_ws/install/auto_aim_interfaces:/home/ats/ws_livox/install/livox_ros_driver2:/opt/ros/humble LD_LIBRARY_PATH=/home/ats/ats_sentry_ws/install/pb_rm_interfaces/lib:/home/ats/ats_sentry_ws/install/auto_aim_interfaces/lib:/opt/MVS/lib/64:/opt/MVS/lib/32:/opt/MVS/lib/64:/opt/MVS/lib/32:/home/ats/ws_livox/install/livox_ros_driver2/lib:/usr/lib/x86_64-linux-gnu/gazebo-11/plugins:/opt/ros/humble/opt/rviz_ogre_vendor/lib:/opt/ros/humble/lib/x86_64-linux-gnu:/opt/ros/humble/opt/openvdb_vendor/lib:/opt/ros/humble/lib:/usr/lib/x86_64-linux-gnu:/opt/MVS/lib/64:/opt/MVS/lib/32:/opt/MVS/lib/64:/opt/MVS/lib/32 PATH=/home/ats/ats_sentry_ws/install/sdformat_tools/bin:${PATH} PYTHONPATH=/home/ats/ats_sentry_ws/install/sdformat_tools/lib/python3.10/site-packages:/home/ats/ats_sentry_ws/install/pb_rm_interfaces/local/lib/python3.10/dist-packages:/home/ats/ats_sentry_ws/install/joint_state_publisher/lib/python3.10/site-packages:/home/ats/ats_sentry_ws/install/auto_aim_interfaces/local/lib/python3.10/dist-packages:${PYTHONPATH} /usr/bin/cmake --build /home/ats/ats_sentry_ws/build/standard_robot_pp_ros2 -- -j32 -l32
[19.152s] Invoking command in '/home/ats/ats_sentry_ws/build/standard_robot_pp_ros2': AMENT_PREFIX_PATH=/home/ats/ats_sentry_ws/install/pb2025_robot_description:/home/ats/ats_sentry_ws/install/sdformat_tools:/home/ats/ats_sentry_ws/install/rmoss_gz_resources:/home/ats/ats_sentry_ws/install/pb_rm_interfaces:/home/ats/ats_sentry_ws/install/joint_state_publisher:/home/ats/ats_sentry_ws/install/auto_aim_interfaces:${AMENT_PREFIX_PATH} CMAKE_PREFIX_PATH=/home/ats/ats_sentry_ws/install/pb2025_robot_description:/home/ats/ats_sentry_ws/install/rmoss_gz_resources:/home/ats/ats_sentry_ws/install/pb_rm_interfaces:/home/ats/ats_sentry_ws/install/auto_aim_interfaces:/home/ats/ws_livox/install/livox_ros_driver2:/opt/ros/humble LD_LIBRARY_PATH=/home/ats/ats_sentry_ws/install/pb_rm_interfaces/lib:/home/ats/ats_sentry_ws/install/auto_aim_interfaces/lib:/opt/MVS/lib/64:/opt/MVS/lib/32:/opt/MVS/lib/64:/opt/MVS/lib/32:/home/ats/ws_livox/install/livox_ros_driver2/lib:/usr/lib/x86_64-linux-gnu/gazebo-11/plugins:/opt/ros/humble/opt/rviz_ogre_vendor/lib:/opt/ros/humble/lib/x86_64-linux-gnu:/opt/ros/humble/opt/openvdb_vendor/lib:/opt/ros/humble/lib:/usr/lib/x86_64-linux-gnu:/opt/MVS/lib/64:/opt/MVS/lib/32:/opt/MVS/lib/64:/opt/MVS/lib/32 PATH=/home/ats/ats_sentry_ws/install/sdformat_tools/bin:${PATH} PYTHONPATH=/home/ats/ats_sentry_ws/install/sdformat_tools/lib/python3.10/site-packages:/home/ats/ats_sentry_ws/install/pb_rm_interfaces/local/lib/python3.10/dist-packages:/home/ats/ats_sentry_ws/install/joint_state_publisher/lib/python3.10/site-packages:/home/ats/ats_sentry_ws/install/auto_aim_interfaces/local/lib/python3.10/dist-packages:${PYTHONPATH} /usr/bin/cmake --install /home/ats/ats_sentry_ws/build/standard_robot_pp_ros2
[19.160s] -- Install configuration: ""
[19.161s] -- Up-to-date: /home/ats/ats_sentry_ws/install/standard_robot_pp_ros2/lib/standard_robot_pp_ros2/standard_robot_pp_ros2_node
[19.161s] -- Up-to-date: /home/ats/ats_sentry_ws/install/standard_robot_pp_ros2/lib/standard_robot_pp_ros2/gimbal_manager_node
[19.161s] -- Up-to-date: /home/ats/ats_sentry_ws/install/standard_robot_pp_ros2/lib/standard_robot_pp_ros2/robot_decision_node
[19.161s] -- Up-to-date: /home/ats/ats_sentry_ws/install/standard_robot_pp_ros2/include
[19.161s] -- Up-to-date: /home/ats/ats_sentry_ws/install/standard_robot_pp_ros2/include/standard_robot_pp_ros2
[19.161s] -- Up-to-date: /home/ats/ats_sentry_ws/install/standard_robot_pp_ros2/include/standard_robot_pp_ros2/standard_robot_pp_ros2.hpp
[19.161s] -- Up-to-date: /home/ats/ats_sentry_ws/install/standard_robot_pp_ros2/include/standard_robot_pp_ros2/packet_typedef.hpp
[19.161s] -- Up-to-date: /home/ats/ats_sentry_ws/install/standard_robot_pp_ros2/include/standard_robot_pp_ros2/gimbal_manager.hpp
[19.162s] -- Up-to-date: /home/ats/ats_sentry_ws/install/standard_robot_pp_ros2/include/standard_robot_pp_ros2/crc8_crc16.hpp
[19.162s] -- Up-to-date: /home/ats/ats_sentry_ws/install/standard_robot_pp_ros2/include/standard_robot_pp_ros2/robot_info.hpp
[19.162s] -- Installing: /home/ats/ats_sentry_ws/install/standard_robot_pp_ros2/include/standard_robot_pp_ros2/2025_robot_decision.hpp
[19.162s] -- Up-to-date: /home/ats/ats_sentry_ws/install/standard_robot_pp_ros2/share/standard_robot_pp_ros2/environment/library_path.sh
[19.162s] -- Up-to-date: /home/ats/ats_sentry_ws/install/standard_robot_pp_ros2/share/standard_robot_pp_ros2/environment/library_path.dsv
[19.162s] -- Installing: /home/ats/ats_sentry_ws/install/standard_robot_pp_ros2/lib/libstandard_robot_pp_ros2.so
[19.196s] -- Set runtime path of "/home/ats/ats_sentry_ws/install/standard_robot_pp_ros2/lib/libstandard_robot_pp_ros2.so" to ""
[19.196s] -- Up-to-date: /home/ats/ats_sentry_ws/install/standard_robot_pp_ros2/share/standard_robot_pp_ros2/config
[19.196s] -- Installing: /home/ats/ats_sentry_ws/install/standard_robot_pp_ros2/share/standard_robot_pp_ros2/config/standard_robot_pp_ros2.yaml
[19.196s] -- Up-to-date: /home/ats/ats_sentry_ws/install/standard_robot_pp_ros2/share/standard_robot_pp_ros2/launch
[19.196s] -- Installing: /home/ats/ats_sentry_ws/install/standard_robot_pp_ros2/share/standard_robot_pp_ros2/launch/standard_robot_pp_ros2.launch.py
[19.196s] -- Up-to-date: /home/ats/ats_sentry_ws/install/standard_robot_pp_ros2/share/standard_robot_pp_ros2/launch/__pycache__
[19.196s] -- Up-to-date: /home/ats/ats_sentry_ws/install/standard_robot_pp_ros2/share/standard_robot_pp_ros2/launch/__pycache__/standard_robot_pp_ros2.launch.cpython-310.pyc
[19.196s] -- Up-to-date: /home/ats/ats_sentry_ws/install/standard_robot_pp_ros2/share/ament_index/resource_index/package_run_dependencies/standard_robot_pp_ros2
[19.196s] -- Up-to-date: /home/ats/ats_sentry_ws/install/standard_robot_pp_ros2/share/ament_index/resource_index/parent_prefix_path/standard_robot_pp_ros2
[19.196s] -- Up-to-date: /home/ats/ats_sentry_ws/install/standard_robot_pp_ros2/share/standard_robot_pp_ros2/environment/ament_prefix_path.sh
[19.196s] -- Up-to-date: /home/ats/ats_sentry_ws/install/standard_robot_pp_ros2/share/standard_robot_pp_ros2/environment/ament_prefix_path.dsv
[19.196s] -- Up-to-date: /home/ats/ats_sentry_ws/install/standard_robot_pp_ros2/share/standard_robot_pp_ros2/environment/path.sh
[19.197s] -- Up-to-date: /home/ats/ats_sentry_ws/install/standard_robot_pp_ros2/share/standard_robot_pp_ros2/environment/path.dsv
[19.197s] -- Up-to-date: /home/ats/ats_sentry_ws/install/standard_robot_pp_ros2/share/standard_robot_pp_ros2/local_setup.bash
[19.197s] -- Up-to-date: /home/ats/ats_sentry_ws/install/standard_robot_pp_ros2/share/standard_robot_pp_ros2/local_setup.sh
[19.197s] -- Up-to-date: /home/ats/ats_sentry_ws/install/standard_robot_pp_ros2/share/standard_robot_pp_ros2/local_setup.zsh
[19.197s] -- Up-to-date: /home/ats/ats_sentry_ws/install/standard_robot_pp_ros2/share/standard_robot_pp_ros2/local_setup.dsv
[19.197s] -- Installing: /home/ats/ats_sentry_ws/install/standard_robot_pp_ros2/share/standard_robot_pp_ros2/package.dsv
[19.197s] -- Up-to-date: /home/ats/ats_sentry_ws/install/standard_robot_pp_ros2/share/ament_index/resource_index/packages/standard_robot_pp_ros2
[19.197s] -- Up-to-date: /home/ats/ats_sentry_ws/install/standard_robot_pp_ros2/share/ament_index/resource_index/rclcpp_components/standard_robot_pp_ros2
[19.198s] -- Up-to-date: /home/ats/ats_sentry_ws/install/standard_robot_pp_ros2/share/standard_robot_pp_ros2/cmake/ament_cmake_export_dependencies-extras.cmake
[19.198s] -- Up-to-date: /home/ats/ats_sentry_ws/install/standard_robot_pp_ros2/share/standard_robot_pp_ros2/cmake/ament_cmake_export_include_directories-extras.cmake
[19.198s] -- Up-to-date: /home/ats/ats_sentry_ws/install/standard_robot_pp_ros2/share/standard_robot_pp_ros2/cmake/ament_cmake_export_libraries-extras.cmake
[19.198s] -- Up-to-date: /home/ats/ats_sentry_ws/install/standard_robot_pp_ros2/share/standard_robot_pp_ros2/cmake/standard_robot_pp_ros2Config.cmake
[19.198s] -- Up-to-date: /home/ats/ats_sentry_ws/install/standard_robot_pp_ros2/share/standard_robot_pp_ros2/cmake/standard_robot_pp_ros2Config-version.cmake
[19.198s] -- Up-to-date: /home/ats/ats_sentry_ws/install/standard_robot_pp_ros2/share/standard_robot_pp_ros2/package.xml
[19.200s] Invoked command in '/home/ats/ats_sentry_ws/build/standard_robot_pp_ros2' returned '0': AMENT_PREFIX_PATH=/home/ats/ats_sentry_ws/install/pb2025_robot_description:/home/ats/ats_sentry_ws/install/sdformat_tools:/home/ats/ats_sentry_ws/install/rmoss_gz_resources:/home/ats/ats_sentry_ws/install/pb_rm_interfaces:/home/ats/ats_sentry_ws/install/joint_state_publisher:/home/ats/ats_sentry_ws/install/auto_aim_interfaces:${AMENT_PREFIX_PATH} CMAKE_PREFIX_PATH=/home/ats/ats_sentry_ws/install/pb2025_robot_description:/home/ats/ats_sentry_ws/install/rmoss_gz_resources:/home/ats/ats_sentry_ws/install/pb_rm_interfaces:/home/ats/ats_sentry_ws/install/auto_aim_interfaces:/home/ats/ws_livox/install/livox_ros_driver2:/opt/ros/humble LD_LIBRARY_PATH=/home/ats/ats_sentry_ws/install/pb_rm_interfaces/lib:/home/ats/ats_sentry_ws/install/auto_aim_interfaces/lib:/opt/MVS/lib/64:/opt/MVS/lib/32:/opt/MVS/lib/64:/opt/MVS/lib/32:/home/ats/ws_livox/install/livox_ros_driver2/lib:/usr/lib/x86_64-linux-gnu/gazebo-11/plugins:/opt/ros/humble/opt/rviz_ogre_vendor/lib:/opt/ros/humble/lib/x86_64-linux-gnu:/opt/ros/humble/opt/openvdb_vendor/lib:/opt/ros/humble/lib:/usr/lib/x86_64-linux-gnu:/opt/MVS/lib/64:/opt/MVS/lib/32:/opt/MVS/lib/64:/opt/MVS/lib/32 PATH=/home/ats/ats_sentry_ws/install/sdformat_tools/bin:${PATH} PYTHONPATH=/home/ats/ats_sentry_ws/install/sdformat_tools/lib/python3.10/site-packages:/home/ats/ats_sentry_ws/install/pb_rm_interfaces/local/lib/python3.10/dist-packages:/home/ats/ats_sentry_ws/install/joint_state_publisher/lib/python3.10/site-packages:/home/ats/ats_sentry_ws/install/auto_aim_interfaces/local/lib/python3.10/dist-packages:${PYTHONPATH} /usr/bin/cmake --install /home/ats/ats_sentry_ws/build/standard_robot_pp_ros2
