[0.011s] Invoking command in '/home/ats/ats_sentry_ws/build/behaviortree_ros2': AMENT_PREFIX_PATH=/home/ats/ats_sentry_ws/install/btcpp_ros2_interfaces:${AMENT_PREFIX_PATH} CMAKE_PREFIX_PATH=/home/ats/ats_sentry_ws/install/btcpp_ros2_interfaces:/home/ats/ws_livox/install/livox_ros_driver2:/opt/ros/humble LD_LIBRARY_PATH=/home/ats/ats_sentry_ws/install/btcpp_ros2_interfaces/lib:/opt/MVS/lib/64:/opt/MVS/lib/32:/opt/MVS/lib/64:/opt/MVS/lib/32:/home/ats/ws_livox/install/livox_ros_driver2/lib:/usr/lib/x86_64-linux-gnu/gazebo-11/plugins:/opt/ros/humble/opt/rviz_ogre_vendor/lib:/opt/ros/humble/lib/x86_64-linux-gnu:/opt/ros/humble/opt/openvdb_vendor/lib:/opt/ros/humble/lib:/usr/lib/x86_64-linux-gnu:/opt/MVS/lib/64:/opt/MVS/lib/32:/opt/MVS/lib/64:/opt/MVS/lib/32 PYTHONPATH=/home/ats/ats_sentry_ws/install/btcpp_ros2_interfaces/local/lib/python3.10/dist-packages:${PYTHONPATH} /usr/bin/cmake /home/ats/ats_sentry_ws/src/dependencies/BehaviorTree.ROS2/behaviortree_ros2 -DCMAKE_INSTALL_PREFIX=/home/ats/ats_sentry_ws/install/behaviortree_ros2
[0.067s] -- The C compiler identification is GNU 11.4.0
[0.117s] -- The CXX compiler identification is GNU 11.4.0
[0.124s] -- Detecting C compiler ABI info
[0.197s] -- Detecting C compiler ABI info - done
[0.203s] -- Check for working C compiler: /usr/bin/cc - skipped
[0.203s] -- Detecting C compile features
[0.203s] -- Detecting C compile features - done
[0.207s] -- Detecting CXX compiler ABI info
[0.286s] -- Detecting CXX compiler ABI info - done
[0.293s] -- Check for working CXX compiler: /usr/bin/c++ - skipped
[0.293s] -- Detecting CXX compile features
[0.294s] -- Detecting CXX compile features - done
[0.296s] -- Found ament_cmake: 1.3.13 (/opt/ros/humble/share/ament_cmake/cmake)
[0.846s] -- Found Python3: /usr/bin/python3 (found version "3.10.12") found components: Interpreter 
[0.925s] -- Found rclcpp: 16.0.18 (/opt/ros/humble/share/rclcpp/cmake)
[0.987s] -- Found rosidl_generator_c: 3.1.8 (/opt/ros/humble/share/rosidl_generator_c/cmake)
[0.993s] -- Found rosidl_adapter: 3.1.8 (/opt/ros/humble/share/rosidl_adapter/cmake)
[1.002s] -- Found rosidl_generator_cpp: 3.1.8 (/opt/ros/humble/share/rosidl_generator_cpp/cmake)
[1.013s] -- Using all available rosidl_typesupport_c: rosidl_typesupport_fastrtps_c;rosidl_typesupport_introspection_c
[1.029s] -- Using all available rosidl_typesupport_cpp: rosidl_typesupport_fastrtps_cpp;rosidl_typesupport_introspection_cpp
[1.096s] -- Found rmw_implementation_cmake: 6.1.2 (/opt/ros/humble/share/rmw_implementation_cmake/cmake)
[1.100s] -- Found rmw_fastrtps_cpp: 6.2.10 (/opt/ros/humble/share/rmw_fastrtps_cpp/cmake)
[1.220s] -- Found OpenSSL: /usr/lib/x86_64-linux-gnu/libcrypto.so (found version "3.0.2")  
[1.247s] -- Found FastRTPS: /opt/ros/humble/include  
[1.285s] -- Using RMW implementation 'rmw_fastrtps_cpp' as default
[1.295s] -- Looking for pthread.h
[1.368s] -- Looking for pthread.h - found
[1.368s] -- Performing Test CMAKE_HAVE_LIBC_PTHREAD
[1.443s] -- Performing Test CMAKE_HAVE_LIBC_PTHREAD - Success
[1.444s] -- Found Threads: TRUE  
[1.518s] -- Found rclcpp_action: 16.0.18 (/opt/ros/humble/share/rclcpp_action/cmake)
[1.557s] -- Found behaviortree_cpp: 4.9.0 (/opt/ros/humble/share/behaviortree_cpp/cmake)
[1.560s] -- Found btcpp_ros2_interfaces: 0.2.0 (/home/ats/ats_sentry_ws/install/btcpp_ros2_interfaces/share/btcpp_ros2_interfaces/cmake)
[1.575s] -- Found generate_parameter_library: 0.6.0 (/opt/ros/humble/share/generate_parameter_library/cmake)
[1.578s] -- Found parameter_traits: 0.6.0 (/opt/ros/humble/share/parameter_traits/cmake)
[1.600s] -- Found rclcpp_lifecycle: 16.0.18 (/opt/ros/humble/share/rclcpp_lifecycle/cmake)
[1.694s] -- Configuring done
[1.703s] -- Generating done
[1.707s] -- Build files have been written to: /home/ats/ats_sentry_ws/build/behaviortree_ros2
[1.716s] Invoked command in '/home/ats/ats_sentry_ws/build/behaviortree_ros2' returned '0': AMENT_PREFIX_PATH=/home/ats/ats_sentry_ws/install/btcpp_ros2_interfaces:${AMENT_PREFIX_PATH} CMAKE_PREFIX_PATH=/home/ats/ats_sentry_ws/install/btcpp_ros2_interfaces:/home/ats/ws_livox/install/livox_ros_driver2:/opt/ros/humble LD_LIBRARY_PATH=/home/ats/ats_sentry_ws/install/btcpp_ros2_interfaces/lib:/opt/MVS/lib/64:/opt/MVS/lib/32:/opt/MVS/lib/64:/opt/MVS/lib/32:/home/ats/ws_livox/install/livox_ros_driver2/lib:/usr/lib/x86_64-linux-gnu/gazebo-11/plugins:/opt/ros/humble/opt/rviz_ogre_vendor/lib:/opt/ros/humble/lib/x86_64-linux-gnu:/opt/ros/humble/opt/openvdb_vendor/lib:/opt/ros/humble/lib:/usr/lib/x86_64-linux-gnu:/opt/MVS/lib/64:/opt/MVS/lib/32:/opt/MVS/lib/64:/opt/MVS/lib/32 PYTHONPATH=/home/ats/ats_sentry_ws/install/btcpp_ros2_interfaces/local/lib/python3.10/dist-packages:${PYTHONPATH} /usr/bin/cmake /home/ats/ats_sentry_ws/src/dependencies/BehaviorTree.ROS2/behaviortree_ros2 -DCMAKE_INSTALL_PREFIX=/home/ats/ats_sentry_ws/install/behaviortree_ros2
[1.717s] Invoking command in '/home/ats/ats_sentry_ws/build/behaviortree_ros2': AMENT_PREFIX_PATH=/home/ats/ats_sentry_ws/install/btcpp_ros2_interfaces:${AMENT_PREFIX_PATH} CMAKE_PREFIX_PATH=/home/ats/ats_sentry_ws/install/btcpp_ros2_interfaces:/home/ats/ws_livox/install/livox_ros_driver2:/opt/ros/humble LD_LIBRARY_PATH=/home/ats/ats_sentry_ws/install/btcpp_ros2_interfaces/lib:/opt/MVS/lib/64:/opt/MVS/lib/32:/opt/MVS/lib/64:/opt/MVS/lib/32:/home/ats/ws_livox/install/livox_ros_driver2/lib:/usr/lib/x86_64-linux-gnu/gazebo-11/plugins:/opt/ros/humble/opt/rviz_ogre_vendor/lib:/opt/ros/humble/lib/x86_64-linux-gnu:/opt/ros/humble/opt/openvdb_vendor/lib:/opt/ros/humble/lib:/usr/lib/x86_64-linux-gnu:/opt/MVS/lib/64:/opt/MVS/lib/32:/opt/MVS/lib/64:/opt/MVS/lib/32 PYTHONPATH=/home/ats/ats_sentry_ws/install/btcpp_ros2_interfaces/local/lib/python3.10/dist-packages:${PYTHONPATH} /usr/bin/cmake --build /home/ats/ats_sentry_ws/build/behaviortree_ros2 -- -j32 -l32
[1.766s] [ 16%] Running `/opt/ros/humble/bin/generate_parameter_library_cpp /home/ats/ats_sentry_ws/build/behaviortree_ros2/include/behaviortree_ros2/bt_executor_parameters.hpp /home/ats/ats_sentry_ws/src/dependencies/BehaviorTree.ROS2/behaviortree_ros2/src/bt_executor_parameters.yaml `
[2.002s] [ 33%] Creating deprecated header file /home/ats/ats_sentry_ws/build/behaviortree_ros2/include/bt_executor_parameters.hpp
[2.029s] [ 33%] Built target bt_executor_parameters
[2.056s] [ 50%] Building CXX object CMakeFiles/behaviortree_ros2.dir/src/bt_ros2.cpp.o
[2.056s] [ 66%] Building CXX object CMakeFiles/behaviortree_ros2.dir/src/bt_utils.cpp.o
[2.056s] [ 83%] Building CXX object CMakeFiles/behaviortree_ros2.dir/src/tree_execution_server.cpp.o
[7.781s] [100%] Linking CXX static library libbehaviortree_ros2.a
[7.927s] [100%] Built target behaviortree_ros2
[7.937s] Invoked command in '/home/ats/ats_sentry_ws/build/behaviortree_ros2' returned '0': AMENT_PREFIX_PATH=/home/ats/ats_sentry_ws/install/btcpp_ros2_interfaces:${AMENT_PREFIX_PATH} CMAKE_PREFIX_PATH=/home/ats/ats_sentry_ws/install/btcpp_ros2_interfaces:/home/ats/ws_livox/install/livox_ros_driver2:/opt/ros/humble LD_LIBRARY_PATH=/home/ats/ats_sentry_ws/install/btcpp_ros2_interfaces/lib:/opt/MVS/lib/64:/opt/MVS/lib/32:/opt/MVS/lib/64:/opt/MVS/lib/32:/home/ats/ws_livox/install/livox_ros_driver2/lib:/usr/lib/x86_64-linux-gnu/gazebo-11/plugins:/opt/ros/humble/opt/rviz_ogre_vendor/lib:/opt/ros/humble/lib/x86_64-linux-gnu:/opt/ros/humble/opt/openvdb_vendor/lib:/opt/ros/humble/lib:/usr/lib/x86_64-linux-gnu:/opt/MVS/lib/64:/opt/MVS/lib/32:/opt/MVS/lib/64:/opt/MVS/lib/32 PYTHONPATH=/home/ats/ats_sentry_ws/install/btcpp_ros2_interfaces/local/lib/python3.10/dist-packages:${PYTHONPATH} /usr/bin/cmake --build /home/ats/ats_sentry_ws/build/behaviortree_ros2 -- -j32 -l32
[7.939s] Invoking command in '/home/ats/ats_sentry_ws/build/behaviortree_ros2': AMENT_PREFIX_PATH=/home/ats/ats_sentry_ws/install/btcpp_ros2_interfaces:${AMENT_PREFIX_PATH} CMAKE_PREFIX_PATH=/home/ats/ats_sentry_ws/install/btcpp_ros2_interfaces:/home/ats/ws_livox/install/livox_ros_driver2:/opt/ros/humble LD_LIBRARY_PATH=/home/ats/ats_sentry_ws/install/btcpp_ros2_interfaces/lib:/opt/MVS/lib/64:/opt/MVS/lib/32:/opt/MVS/lib/64:/opt/MVS/lib/32:/home/ats/ws_livox/install/livox_ros_driver2/lib:/usr/lib/x86_64-linux-gnu/gazebo-11/plugins:/opt/ros/humble/opt/rviz_ogre_vendor/lib:/opt/ros/humble/lib/x86_64-linux-gnu:/opt/ros/humble/opt/openvdb_vendor/lib:/opt/ros/humble/lib:/usr/lib/x86_64-linux-gnu:/opt/MVS/lib/64:/opt/MVS/lib/32:/opt/MVS/lib/64:/opt/MVS/lib/32 PYTHONPATH=/home/ats/ats_sentry_ws/install/btcpp_ros2_interfaces/local/lib/python3.10/dist-packages:${PYTHONPATH} /usr/bin/cmake --install /home/ats/ats_sentry_ws/build/behaviortree_ros2
[7.944s] -- Install configuration: ""
[7.944s] -- Installing: /home/ats/ats_sentry_ws/install/behaviortree_ros2/include/behaviortree_ros2
[7.944s] -- Installing: /home/ats/ats_sentry_ws/install/behaviortree_ros2/include/behaviortree_ros2/bt_executor_parameters.hpp
[7.944s] -- Up-to-date: /home/ats/ats_sentry_ws/install/behaviortree_ros2/include/
[7.944s] -- Up-to-date: /home/ats/ats_sentry_ws/install/behaviortree_ros2/include//behaviortree_ros2
[7.945s] -- Installing: /home/ats/ats_sentry_ws/install/behaviortree_ros2/include//behaviortree_ros2/ros_node_params.hpp
[7.945s] -- Installing: /home/ats/ats_sentry_ws/install/behaviortree_ros2/include//behaviortree_ros2/bt_topic_pub_action_node.hpp
[7.945s] -- Installing: /home/ats/ats_sentry_ws/install/behaviortree_ros2/include//behaviortree_ros2/bt_topic_pub_node.hpp
[7.945s] -- Installing: /home/ats/ats_sentry_ws/install/behaviortree_ros2/include//behaviortree_ros2/bt_action_node.hpp
[7.945s] -- Installing: /home/ats/ats_sentry_ws/install/behaviortree_ros2/include//behaviortree_ros2/plugins.hpp
[7.945s] -- Installing: /home/ats/ats_sentry_ws/install/behaviortree_ros2/include//behaviortree_ros2/bt_utils.hpp
[7.945s] -- Installing: /home/ats/ats_sentry_ws/install/behaviortree_ros2/include//behaviortree_ros2/tree_execution_server.hpp
[7.946s] -- Installing: /home/ats/ats_sentry_ws/install/behaviortree_ros2/include//behaviortree_ros2/bt_service_node.hpp
[7.946s] -- Installing: /home/ats/ats_sentry_ws/install/behaviortree_ros2/include//behaviortree_ros2/bt_topic_sub_node.hpp
[7.946s] -- Installing: /home/ats/ats_sentry_ws/install/behaviortree_ros2/share/behaviortree_ros2/environment/library_path.sh
[7.946s] -- Installing: /home/ats/ats_sentry_ws/install/behaviortree_ros2/share/behaviortree_ros2/environment/library_path.dsv
[7.946s] -- Installing: /home/ats/ats_sentry_ws/install/behaviortree_ros2/lib/libbehaviortree_ros2.a
[7.950s] -- Installing: /home/ats/ats_sentry_ws/install/behaviortree_ros2/share/ament_index/resource_index/package_run_dependencies/behaviortree_ros2
[7.950s] -- Installing: /home/ats/ats_sentry_ws/install/behaviortree_ros2/share/ament_index/resource_index/parent_prefix_path/behaviortree_ros2
[7.950s] -- Installing: /home/ats/ats_sentry_ws/install/behaviortree_ros2/share/behaviortree_ros2/environment/ament_prefix_path.sh
[7.950s] -- Installing: /home/ats/ats_sentry_ws/install/behaviortree_ros2/share/behaviortree_ros2/environment/ament_prefix_path.dsv
[7.950s] -- Installing: /home/ats/ats_sentry_ws/install/behaviortree_ros2/share/behaviortree_ros2/environment/path.sh
[7.951s] -- Installing: /home/ats/ats_sentry_ws/install/behaviortree_ros2/share/behaviortree_ros2/environment/path.dsv
[7.951s] -- Installing: /home/ats/ats_sentry_ws/install/behaviortree_ros2/share/behaviortree_ros2/local_setup.bash
[7.951s] -- Installing: /home/ats/ats_sentry_ws/install/behaviortree_ros2/share/behaviortree_ros2/local_setup.sh
[7.951s] -- Installing: /home/ats/ats_sentry_ws/install/behaviortree_ros2/share/behaviortree_ros2/local_setup.zsh
[7.951s] -- Installing: /home/ats/ats_sentry_ws/install/behaviortree_ros2/share/behaviortree_ros2/local_setup.dsv
[7.951s] -- Installing: /home/ats/ats_sentry_ws/install/behaviortree_ros2/share/behaviortree_ros2/package.dsv
[7.951s] -- Installing: /home/ats/ats_sentry_ws/install/behaviortree_ros2/share/ament_index/resource_index/packages/behaviortree_ros2
[7.951s] -- Installing: /home/ats/ats_sentry_ws/install/behaviortree_ros2/share/behaviortree_ros2/cmake/behaviortree_ros2TargetsExport.cmake
[7.951s] -- Installing: /home/ats/ats_sentry_ws/install/behaviortree_ros2/share/behaviortree_ros2/cmake/behaviortree_ros2TargetsExport-noconfig.cmake
[7.951s] -- Installing: /home/ats/ats_sentry_ws/install/behaviortree_ros2/share/behaviortree_ros2/cmake/ament_cmake_export_dependencies-extras.cmake
[7.951s] -- Installing: /home/ats/ats_sentry_ws/install/behaviortree_ros2/share/behaviortree_ros2/cmake/ament_cmake_export_targets-extras.cmake
[7.952s] -- Installing: /home/ats/ats_sentry_ws/install/behaviortree_ros2/share/behaviortree_ros2/cmake/ament_cmake_export_include_directories-extras.cmake
[7.952s] -- Installing: /home/ats/ats_sentry_ws/install/behaviortree_ros2/share/behaviortree_ros2/cmake/ament_cmake_export_libraries-extras.cmake
[7.952s] -- Installing: /home/ats/ats_sentry_ws/install/behaviortree_ros2/share/behaviortree_ros2/cmake/behaviortree_ros2Config.cmake
[7.952s] -- Installing: /home/ats/ats_sentry_ws/install/behaviortree_ros2/share/behaviortree_ros2/cmake/behaviortree_ros2Config-version.cmake
[7.952s] -- Installing: /home/ats/ats_sentry_ws/install/behaviortree_ros2/share/behaviortree_ros2/package.xml
[7.953s] Invoked command in '/home/ats/ats_sentry_ws/build/behaviortree_ros2' returned '0': AMENT_PREFIX_PATH=/home/ats/ats_sentry_ws/install/btcpp_ros2_interfaces:${AMENT_PREFIX_PATH} CMAKE_PREFIX_PATH=/home/ats/ats_sentry_ws/install/btcpp_ros2_interfaces:/home/ats/ws_livox/install/livox_ros_driver2:/opt/ros/humble LD_LIBRARY_PATH=/home/ats/ats_sentry_ws/install/btcpp_ros2_interfaces/lib:/opt/MVS/lib/64:/opt/MVS/lib/32:/opt/MVS/lib/64:/opt/MVS/lib/32:/home/ats/ws_livox/install/livox_ros_driver2/lib:/usr/lib/x86_64-linux-gnu/gazebo-11/plugins:/opt/ros/humble/opt/rviz_ogre_vendor/lib:/opt/ros/humble/lib/x86_64-linux-gnu:/opt/ros/humble/opt/openvdb_vendor/lib:/opt/ros/humble/lib:/usr/lib/x86_64-linux-gnu:/opt/MVS/lib/64:/opt/MVS/lib/32:/opt/MVS/lib/64:/opt/MVS/lib/32 PYTHONPATH=/home/ats/ats_sentry_ws/install/btcpp_ros2_interfaces/local/lib/python3.10/dist-packages:${PYTHONPATH} /usr/bin/cmake --install /home/ats/ats_sentry_ws/build/behaviortree_ros2
