-- The C compiler identification is GNU 11.4.0
-- The CXX compiler identification is GNU 11.4.0
-- Detecting C compiler ABI info
-- Detecting C compiler ABI info - done
-- Check for working C compiler: /usr/bin/cc - skipped
-- Detecting C compile features
-- Detecting C compile features - done
-- Detecting CXX compiler ABI info
-- Detecting CXX compiler ABI info - done
-- Check for working CXX compiler: /usr/bin/c++ - skipped
-- Detecting CXX compile features
-- Detecting CXX compile features - done
-- Found ament_cmake_auto: 1.3.13 (/opt/ros/humble/share/ament_cmake_auto/cmake)
-- Found Python3: /usr/bin/python3 (found version "3.10.12") found components: Interpreter 
-- Found rosidl_generator_c: 3.1.8 (/opt/ros/humble/share/rosidl_generator_c/cmake)
-- Found rosidl_adapter: 3.1.8 (/opt/ros/humble/share/rosidl_adapter/cmake)
-- Found rosidl_generator_cpp: 3.1.8 (/opt/ros/humble/share/rosidl_generator_cpp/cmake)
-- Using all available rosidl_typesupport_c: rosidl_typesupport_fastrtps_c;rosidl_typesupport_introspection_c
-- Using all available rosidl_typesupport_cpp: rosidl_typesupport_fastrtps_cpp;rosidl_typesupport_introspection_cpp
-- Found rmw_implementation_cmake: 6.1.2 (/opt/ros/humble/share/rmw_implementation_cmake/cmake)
-- Found rmw_fastrtps_cpp: 6.2.10 (/opt/ros/humble/share/rmw_fastrtps_cpp/cmake)
-- Found OpenSSL: /usr/lib/x86_64-linux-gnu/libcrypto.so (found version "3.0.2")  
-- Found FastRTPS: /opt/ros/humble/include  
-- Using RMW implementation 'rmw_fastrtps_cpp' as default
-- Looking for pthread.h
-- Looking for pthread.h - found
-- Performing Test CMAKE_HAVE_LIBC_PTHREAD
-- Performing Test CMAKE_HAVE_LIBC_PTHREAD - Success
-- Found Threads: TRUE  
-- Found eigen3_cmake_module: 0.1.1 (/opt/ros/humble/share/eigen3_cmake_module/cmake)
-- Found Eigen3: TRUE (found version "3.4.0") 
-- Ensuring Eigen3 include directory is part of orocos-kdl CMake target
-- Found ament_lint_auto: 0.12.15 (/opt/ros/humble/share/ament_lint_auto/cmake)
In this package, headers install destination is set to `include` by ament_auto_package. It is recommended to install `include/pb2025_sentry_behavior` instead and will be the default behavior of ament_auto_package from ROS 2 Kilted Kaiju. On distributions before Kilted, ament_auto_package behaves the same way when you use USE_SCOPED_HEADER_INSTALL_DIR option.
-- Added test 'copyright' to check source files copyright and LICENSE
-- Added test 'cppcheck' to perform static code analysis on C / C++ code
-- Configured cppcheck include dirs: /home/ats/ats_sentry_ws/src/pb2025_sentry_behavior/include
-- Configured cppcheck exclude dirs and/or files: 
-- Added test 'cpplint' to check C / C++ code against the Google style
-- Configured cpplint exclude dirs and/or files: 
-- Added test 'lint_cmake' to check CMake code style
-- Added test 'pep257' to check Python code against some of the docstring style conventions in PEP 257
-- Added test 'xmllint' to check XML markup files
-- Added test 'clang_format' to check C / C++ code style
-- Added test 'black' to check Python code style
-- Configuring done
-- Generating done
-- Build files have been written to: /home/ats/ats_sentry_ws/build/pb2025_sentry_behavior
[  7%] Building CXX object CMakeFiles/pb2025_sentry_behavior_client.dir/rclcpp_components/node_main_pb2025_sentry_behavior_client.cpp.o
[  7%] Building CXX object CMakeFiles/action_client.dir/src/pb2025_sentry_behavior_client.cpp.o
[  7%] Building CXX object CMakeFiles/pb2025_sentry_behavior_server.dir/src/pb2025_sentry_behavior_server.cpp.o
[  9%] Linking CXX executable pb2025_sentry_behavior_client
[  9%] Built target pb2025_sentry_behavior_client
[ 11%] Linking CXX shared library libaction_client.so
[ 11%] Built target action_client
[ 14%] Building CXX object CMakeFiles/is_game_status.dir/plugins/condition/is_game_status.cpp.o
[ 16%] Linking CXX shared library libis_game_status.so
[ 16%] Built target is_game_status
[ 19%] Building CXX object CMakeFiles/is_rfid_detected.dir/plugins/condition/is_rfid_detected.cpp.o
[ 21%] Linking CXX shared library libis_rfid_detected.so
[ 21%] Built target is_rfid_detected
[ 23%] Building CXX object CMakeFiles/is_status_ok.dir/plugins/condition/is_status_ok.cpp.o
[ 26%] Linking CXX shared library libis_status_ok.so
[ 26%] Built target is_status_ok
[ 28%] Building CXX object CMakeFiles/is_robot_status_in_range.dir/plugins/condition/is_robot_status_in_range.cpp.o
[ 30%] Linking CXX shared library libis_robot_status_in_range.so
[ 30%] Built target is_robot_status_in_range
[ 33%] Building CXX object CMakeFiles/is_attacked.dir/plugins/condition/is_attacked.cpp.o
[ 35%] Linking CXX shared library libis_attacked.so
[ 35%] Built target is_attacked
[ 38%] Building CXX object CMakeFiles/is_detect_enemy.dir/plugins/condition/is_detect_enemy.cpp.o
[ 40%] Linking CXX executable pb2025_sentry_behavior_server
[ 42%] Linking CXX shared library libis_detect_enemy.so
[ 42%] Built target is_detect_enemy
[ 45%] Building CXX object CMakeFiles/send_nav2_goal.dir/plugins/action/send_nav2_goal.cpp.o
[ 45%] Built target pb2025_sentry_behavior_server
[ 47%] Linking CXX shared library libsend_nav2_goal.so
[ 47%] Built target send_nav2_goal
[ 50%] Building CXX object CMakeFiles/send_nav2_waypoints.dir/plugins/action/send_nav2_waypoints.cpp.o
[ 52%] Linking CXX shared library libsend_nav2_waypoints.so
[ 52%] Built target send_nav2_waypoints
[ 54%] Building CXX object CMakeFiles/select_nearest_goal.dir/plugins/action/select_nearest_goal.cpp.o
[ 57%] Linking CXX shared library libselect_nearest_goal.so
[ 57%] Built target select_nearest_goal
[ 59%] Building CXX object CMakeFiles/pub_nav2_goal.dir/plugins/action/pub_nav2_goal.cpp.o
[ 61%] Linking CXX shared library libpub_nav2_goal.so
[ 61%] Built target pub_nav2_goal
[ 64%] Building CXX object CMakeFiles/pub_spin_speed.dir/plugins/action/pub_spin_speed.cpp.o
[ 66%] Linking CXX shared library libpub_spin_speed.so
[ 66%] Built target pub_spin_speed
[ 69%] Building CXX object CMakeFiles/pub_twist.dir/plugins/action/pub_twist.cpp.o
[ 71%] Linking CXX shared library libpub_twist.so
[ 71%] Built target pub_twist
[ 73%] Building CXX object CMakeFiles/pub_gimbal_absolute.dir/plugins/action/pub_gimbal_absolute.cpp.o
[ 76%] Linking CXX shared library libpub_gimbal_absolute.so
[ 76%] Built target pub_gimbal_absolute
[ 78%] Building CXX object CMakeFiles/pub_gimbal_velocity.dir/plugins/action/pub_gimbal_velocity.cpp.o
[ 80%] Linking CXX shared library libpub_gimbal_velocity.so
[ 80%] Built target pub_gimbal_velocity
[ 83%] Building CXX object CMakeFiles/calculate_attack_pose.dir/plugins/action/calculate_attack_pose.cpp.o
[ 85%] Linking CXX shared library libcalculate_attack_pose.so
[ 85%] Built target calculate_attack_pose
[ 88%] Building CXX object CMakeFiles/recovery_node.dir/plugins/control/recovery_node.cpp.o
[ 90%] Linking CXX shared library librecovery_node.so
[ 90%] Built target recovery_node
[ 92%] Building CXX object CMakeFiles/rate_controller.dir/plugins/decorator/rate_controller.cpp.o
[ 95%] Linking CXX shared library librate_controller.so
[ 95%] Built target rate_controller
[ 97%] Building CXX object CMakeFiles/tick_after_timeout_node.dir/plugins/decorator/tick_after_timeout_node.cpp.o
[100%] Linking CXX shared library libtick_after_timeout_node.so
[100%] Built target tick_after_timeout_node
-- Install configuration: ""
-- Installing: /home/ats/ats_sentry_ws/install/pb2025_sentry_behavior/lib/pb2025_sentry_behavior/pb2025_sentry_behavior_client
-- Set runtime path of "/home/ats/ats_sentry_ws/install/pb2025_sentry_behavior/lib/pb2025_sentry_behavior/pb2025_sentry_behavior_client" to ""
-- Installing: /home/ats/ats_sentry_ws/install/pb2025_sentry_behavior/share/pb2025_sentry_behavior/bt_plugins/libis_game_status.so
-- Set runtime path of "/home/ats/ats_sentry_ws/install/pb2025_sentry_behavior/share/pb2025_sentry_behavior/bt_plugins/libis_game_status.so" to ""
-- Installing: /home/ats/ats_sentry_ws/install/pb2025_sentry_behavior/share/pb2025_sentry_behavior/bt_plugins/libis_rfid_detected.so
-- Set runtime path of "/home/ats/ats_sentry_ws/install/pb2025_sentry_behavior/share/pb2025_sentry_behavior/bt_plugins/libis_rfid_detected.so" to ""
-- Installing: /home/ats/ats_sentry_ws/install/pb2025_sentry_behavior/share/pb2025_sentry_behavior/bt_plugins/libis_status_ok.so
-- Set runtime path of "/home/ats/ats_sentry_ws/install/pb2025_sentry_behavior/share/pb2025_sentry_behavior/bt_plugins/libis_status_ok.so" to ""
-- Installing: /home/ats/ats_sentry_ws/install/pb2025_sentry_behavior/share/pb2025_sentry_behavior/bt_plugins/libis_robot_status_in_range.so
-- Set runtime path of "/home/ats/ats_sentry_ws/install/pb2025_sentry_behavior/share/pb2025_sentry_behavior/bt_plugins/libis_robot_status_in_range.so" to ""
-- Installing: /home/ats/ats_sentry_ws/install/pb2025_sentry_behavior/share/pb2025_sentry_behavior/bt_plugins/libis_attacked.so
-- Set runtime path of "/home/ats/ats_sentry_ws/install/pb2025_sentry_behavior/share/pb2025_sentry_behavior/bt_plugins/libis_attacked.so" to ""
-- Installing: /home/ats/ats_sentry_ws/install/pb2025_sentry_behavior/share/pb2025_sentry_behavior/bt_plugins/libis_detect_enemy.so
-- Set runtime path of "/home/ats/ats_sentry_ws/install/pb2025_sentry_behavior/share/pb2025_sentry_behavior/bt_plugins/libis_detect_enemy.so" to ""
-- Installing: /home/ats/ats_sentry_ws/install/pb2025_sentry_behavior/share/pb2025_sentry_behavior/bt_plugins/libsend_nav2_goal.so
-- Set runtime path of "/home/ats/ats_sentry_ws/install/pb2025_sentry_behavior/share/pb2025_sentry_behavior/bt_plugins/libsend_nav2_goal.so" to ""
-- Installing: /home/ats/ats_sentry_ws/install/pb2025_sentry_behavior/share/pb2025_sentry_behavior/bt_plugins/libsend_nav2_waypoints.so
-- Set runtime path of "/home/ats/ats_sentry_ws/install/pb2025_sentry_behavior/share/pb2025_sentry_behavior/bt_plugins/libsend_nav2_waypoints.so" to ""
-- Installing: /home/ats/ats_sentry_ws/install/pb2025_sentry_behavior/share/pb2025_sentry_behavior/bt_plugins/libselect_nearest_goal.so
-- Set runtime path of "/home/ats/ats_sentry_ws/install/pb2025_sentry_behavior/share/pb2025_sentry_behavior/bt_plugins/libselect_nearest_goal.so" to ""
-- Installing: /home/ats/ats_sentry_ws/install/pb2025_sentry_behavior/share/pb2025_sentry_behavior/bt_plugins/libpub_nav2_goal.so
-- Set runtime path of "/home/ats/ats_sentry_ws/install/pb2025_sentry_behavior/share/pb2025_sentry_behavior/bt_plugins/libpub_nav2_goal.so" to ""
-- Installing: /home/ats/ats_sentry_ws/install/pb2025_sentry_behavior/share/pb2025_sentry_behavior/bt_plugins/libpub_spin_speed.so
-- Set runtime path of "/home/ats/ats_sentry_ws/install/pb2025_sentry_behavior/share/pb2025_sentry_behavior/bt_plugins/libpub_spin_speed.so" to ""
-- Installing: /home/ats/ats_sentry_ws/install/pb2025_sentry_behavior/share/pb2025_sentry_behavior/bt_plugins/libpub_twist.so
-- Set runtime path of "/home/ats/ats_sentry_ws/install/pb2025_sentry_behavior/share/pb2025_sentry_behavior/bt_plugins/libpub_twist.so" to ""
-- Installing: /home/ats/ats_sentry_ws/install/pb2025_sentry_behavior/share/pb2025_sentry_behavior/bt_plugins/libpub_gimbal_absolute.so
-- Set runtime path of "/home/ats/ats_sentry_ws/install/pb2025_sentry_behavior/share/pb2025_sentry_behavior/bt_plugins/libpub_gimbal_absolute.so" to ""
-- Installing: /home/ats/ats_sentry_ws/install/pb2025_sentry_behavior/share/pb2025_sentry_behavior/bt_plugins/libpub_gimbal_velocity.so
-- Set runtime path of "/home/ats/ats_sentry_ws/install/pb2025_sentry_behavior/share/pb2025_sentry_behavior/bt_plugins/libpub_gimbal_velocity.so" to ""
-- Installing: /home/ats/ats_sentry_ws/install/pb2025_sentry_behavior/share/pb2025_sentry_behavior/bt_plugins/libcalculate_attack_pose.so
-- Set runtime path of "/home/ats/ats_sentry_ws/install/pb2025_sentry_behavior/share/pb2025_sentry_behavior/bt_plugins/libcalculate_attack_pose.so" to ""
-- Installing: /home/ats/ats_sentry_ws/install/pb2025_sentry_behavior/share/pb2025_sentry_behavior/bt_plugins/librecovery_node.so
-- Set runtime path of "/home/ats/ats_sentry_ws/install/pb2025_sentry_behavior/share/pb2025_sentry_behavior/bt_plugins/librecovery_node.so" to ""
-- Installing: /home/ats/ats_sentry_ws/install/pb2025_sentry_behavior/share/pb2025_sentry_behavior/bt_plugins/librate_controller.so
-- Set runtime path of "/home/ats/ats_sentry_ws/install/pb2025_sentry_behavior/share/pb2025_sentry_behavior/bt_plugins/librate_controller.so" to ""
-- Installing: /home/ats/ats_sentry_ws/install/pb2025_sentry_behavior/share/pb2025_sentry_behavior/bt_plugins/libtick_after_timeout_node.so
-- Set runtime path of "/home/ats/ats_sentry_ws/install/pb2025_sentry_behavior/share/pb2025_sentry_behavior/bt_plugins/libtick_after_timeout_node.so" to ""
-- Installing: /home/ats/ats_sentry_ws/install/pb2025_sentry_behavior/include
-- Installing: /home/ats/ats_sentry_ws/install/pb2025_sentry_behavior/include/pb2025_sentry_behavior
-- Installing: /home/ats/ats_sentry_ws/install/pb2025_sentry_behavior/include/pb2025_sentry_behavior/pb2025_sentry_behavior_client.hpp
-- Installing: /home/ats/ats_sentry_ws/install/pb2025_sentry_behavior/include/pb2025_sentry_behavior/pb2025_sentry_behavior_server.hpp
-- Installing: /home/ats/ats_sentry_ws/install/pb2025_sentry_behavior/include/pb2025_sentry_behavior/plugins
-- Installing: /home/ats/ats_sentry_ws/install/pb2025_sentry_behavior/include/pb2025_sentry_behavior/plugins/decorator
-- Installing: /home/ats/ats_sentry_ws/install/pb2025_sentry_behavior/include/pb2025_sentry_behavior/plugins/decorator/tick_after_timeout_node.hpp
-- Installing: /home/ats/ats_sentry_ws/install/pb2025_sentry_behavior/include/pb2025_sentry_behavior/plugins/decorator/rate_controller.hpp
-- Installing: /home/ats/ats_sentry_ws/install/pb2025_sentry_behavior/include/pb2025_sentry_behavior/plugins/action
-- Installing: /home/ats/ats_sentry_ws/install/pb2025_sentry_behavior/include/pb2025_sentry_behavior/plugins/action/send_nav2_goal.hpp
-- Installing: /home/ats/ats_sentry_ws/install/pb2025_sentry_behavior/include/pb2025_sentry_behavior/plugins/action/pub_nav2_goal.hpp
-- Installing: /home/ats/ats_sentry_ws/install/pb2025_sentry_behavior/include/pb2025_sentry_behavior/plugins/action/pub_spin_speed.hpp
-- Installing: /home/ats/ats_sentry_ws/install/pb2025_sentry_behavior/include/pb2025_sentry_behavior/plugins/action/pub_twist.hpp
-- Installing: /home/ats/ats_sentry_ws/install/pb2025_sentry_behavior/include/pb2025_sentry_behavior/plugins/action/calculate_attack_pose.hpp
-- Installing: /home/ats/ats_sentry_ws/install/pb2025_sentry_behavior/include/pb2025_sentry_behavior/plugins/action/send_nav2_waypoints.hpp
-- Installing: /home/ats/ats_sentry_ws/install/pb2025_sentry_behavior/include/pb2025_sentry_behavior/plugins/action/pub_gimbal_velocity.hpp
-- Installing: /home/ats/ats_sentry_ws/install/pb2025_sentry_behavior/include/pb2025_sentry_behavior/plugins/action/pub_gimbal_absolute.hpp
-- Installing: /home/ats/ats_sentry_ws/install/pb2025_sentry_behavior/include/pb2025_sentry_behavior/plugins/action/select_nearest_goal.hpp
-- Installing: /home/ats/ats_sentry_ws/install/pb2025_sentry_behavior/include/pb2025_sentry_behavior/plugins/condition
-- Installing: /home/ats/ats_sentry_ws/install/pb2025_sentry_behavior/include/pb2025_sentry_behavior/plugins/condition/is_game_status.hpp
-- Installing: /home/ats/ats_sentry_ws/install/pb2025_sentry_behavior/include/pb2025_sentry_behavior/plugins/condition/is_robot_status_in_range.hpp
-- Installing: /home/ats/ats_sentry_ws/install/pb2025_sentry_behavior/include/pb2025_sentry_behavior/plugins/condition/is_attacked.hpp
-- Installing: /home/ats/ats_sentry_ws/install/pb2025_sentry_behavior/include/pb2025_sentry_behavior/plugins/condition/is_rfid_detected.hpp
-- Installing: /home/ats/ats_sentry_ws/install/pb2025_sentry_behavior/include/pb2025_sentry_behavior/plugins/condition/is_status_ok.hpp
-- Installing: /home/ats/ats_sentry_ws/install/pb2025_sentry_behavior/include/pb2025_sentry_behavior/plugins/condition/is_detect_enemy.hpp
-- Installing: /home/ats/ats_sentry_ws/install/pb2025_sentry_behavior/include/pb2025_sentry_behavior/plugins/control
-- Installing: /home/ats/ats_sentry_ws/install/pb2025_sentry_behavior/include/pb2025_sentry_behavior/plugins/control/recovery_node.hpp
-- Installing: /home/ats/ats_sentry_ws/install/pb2025_sentry_behavior/include/pb2025_sentry_behavior/custom_types.hpp
-- Installing: /home/ats/ats_sentry_ws/install/pb2025_sentry_behavior/share/pb2025_sentry_behavior/environment/library_path.sh
-- Installing: /home/ats/ats_sentry_ws/install/pb2025_sentry_behavior/share/pb2025_sentry_behavior/environment/library_path.dsv
-- Installing: /home/ats/ats_sentry_ws/install/pb2025_sentry_behavior/lib/libaction_client.so
-- Set runtime path of "/home/ats/ats_sentry_ws/install/pb2025_sentry_behavior/lib/libaction_client.so" to ""
-- Installing: /home/ats/ats_sentry_ws/install/pb2025_sentry_behavior/lib/libis_game_status.so
-- Set runtime path of "/home/ats/ats_sentry_ws/install/pb2025_sentry_behavior/lib/libis_game_status.so" to ""
-- Installing: /home/ats/ats_sentry_ws/install/pb2025_sentry_behavior/lib/libis_rfid_detected.so
-- Set runtime path of "/home/ats/ats_sentry_ws/install/pb2025_sentry_behavior/lib/libis_rfid_detected.so" to ""
-- Installing: /home/ats/ats_sentry_ws/install/pb2025_sentry_behavior/lib/libis_status_ok.so
-- Set runtime path of "/home/ats/ats_sentry_ws/install/pb2025_sentry_behavior/lib/libis_status_ok.so" to ""
-- Installing: /home/ats/ats_sentry_ws/install/pb2025_sentry_behavior/lib/libis_robot_status_in_range.so
-- Set runtime path of "/home/ats/ats_sentry_ws/install/pb2025_sentry_behavior/lib/libis_robot_status_in_range.so" to ""
-- Installing: /home/ats/ats_sentry_ws/install/pb2025_sentry_behavior/lib/libis_attacked.so
-- Set runtime path of "/home/ats/ats_sentry_ws/install/pb2025_sentry_behavior/lib/libis_attacked.so" to ""
-- Installing: /home/ats/ats_sentry_ws/install/pb2025_sentry_behavior/lib/libis_detect_enemy.so
-- Set runtime path of "/home/ats/ats_sentry_ws/install/pb2025_sentry_behavior/lib/libis_detect_enemy.so" to ""
-- Installing: /home/ats/ats_sentry_ws/install/pb2025_sentry_behavior/lib/libsend_nav2_goal.so
-- Set runtime path of "/home/ats/ats_sentry_ws/install/pb2025_sentry_behavior/lib/libsend_nav2_goal.so" to ""
-- Installing: /home/ats/ats_sentry_ws/install/pb2025_sentry_behavior/lib/libsend_nav2_waypoints.so
-- Set runtime path of "/home/ats/ats_sentry_ws/install/pb2025_sentry_behavior/lib/libsend_nav2_waypoints.so" to ""
-- Installing: /home/ats/ats_sentry_ws/install/pb2025_sentry_behavior/lib/libselect_nearest_goal.so
-- Set runtime path of "/home/ats/ats_sentry_ws/install/pb2025_sentry_behavior/lib/libselect_nearest_goal.so" to ""
-- Installing: /home/ats/ats_sentry_ws/install/pb2025_sentry_behavior/lib/libpub_nav2_goal.so
-- Set runtime path of "/home/ats/ats_sentry_ws/install/pb2025_sentry_behavior/lib/libpub_nav2_goal.so" to ""
-- Installing: /home/ats/ats_sentry_ws/install/pb2025_sentry_behavior/lib/libpub_spin_speed.so
-- Set runtime path of "/home/ats/ats_sentry_ws/install/pb2025_sentry_behavior/lib/libpub_spin_speed.so" to ""
-- Installing: /home/ats/ats_sentry_ws/install/pb2025_sentry_behavior/lib/libpub_twist.so
-- Set runtime path of "/home/ats/ats_sentry_ws/install/pb2025_sentry_behavior/lib/libpub_twist.so" to ""
-- Installing: /home/ats/ats_sentry_ws/install/pb2025_sentry_behavior/lib/libpub_gimbal_absolute.so
-- Set runtime path of "/home/ats/ats_sentry_ws/install/pb2025_sentry_behavior/lib/libpub_gimbal_absolute.so" to ""
-- Installing: /home/ats/ats_sentry_ws/install/pb2025_sentry_behavior/lib/libpub_gimbal_velocity.so
-- Set runtime path of "/home/ats/ats_sentry_ws/install/pb2025_sentry_behavior/lib/libpub_gimbal_velocity.so" to ""
-- Installing: /home/ats/ats_sentry_ws/install/pb2025_sentry_behavior/lib/libcalculate_attack_pose.so
-- Set runtime path of "/home/ats/ats_sentry_ws/install/pb2025_sentry_behavior/lib/libcalculate_attack_pose.so" to ""
-- Installing: /home/ats/ats_sentry_ws/install/pb2025_sentry_behavior/lib/librecovery_node.so
-- Set runtime path of "/home/ats/ats_sentry_ws/install/pb2025_sentry_behavior/lib/librecovery_node.so" to ""
-- Installing: /home/ats/ats_sentry_ws/install/pb2025_sentry_behavior/lib/librate_controller.so
-- Set runtime path of "/home/ats/ats_sentry_ws/install/pb2025_sentry_behavior/lib/librate_controller.so" to ""
-- Installing: /home/ats/ats_sentry_ws/install/pb2025_sentry_behavior/lib/libtick_after_timeout_node.so
-- Set runtime path of "/home/ats/ats_sentry_ws/install/pb2025_sentry_behavior/lib/libtick_after_timeout_node.so" to ""
-- Installing: /home/ats/ats_sentry_ws/install/pb2025_sentry_behavior/lib/pb2025_sentry_behavior/pb2025_sentry_behavior_server
-- Set runtime path of "/home/ats/ats_sentry_ws/install/pb2025_sentry_behavior/lib/pb2025_sentry_behavior/pb2025_sentry_behavior_server" to ""
-- Installing: /home/ats/ats_sentry_ws/install/pb2025_sentry_behavior/share/pb2025_sentry_behavior/behavior_trees
-- Installing: /home/ats/ats_sentry_ws/install/pb2025_sentry_behavior/share/pb2025_sentry_behavior/behavior_trees/rmul_2025_decision_bt.xml
-- Installing: /home/ats/ats_sentry_ws/install/pb2025_sentry_behavior/share/pb2025_sentry_behavior/behavior_trees/dev_rm.xml
-- Installing: /home/ats/ats_sentry_ws/install/pb2025_sentry_behavior/share/pb2025_sentry_behavior/behavior_trees/rmul_2025.xml
-- Installing: /home/ats/ats_sentry_ws/install/pb2025_sentry_behavior/share/pb2025_sentry_behavior/behavior_trees/Project.btproj
-- Installing: /home/ats/ats_sentry_ws/install/pb2025_sentry_behavior/share/pb2025_sentry_behavior/behavior_trees/models.xml
-- Installing: /home/ats/ats_sentry_ws/install/pb2025_sentry_behavior/share/pb2025_sentry_behavior/params
-- Installing: /home/ats/ats_sentry_ws/install/pb2025_sentry_behavior/share/pb2025_sentry_behavior/params/sentry_behavior.yaml
-- Installing: /home/ats/ats_sentry_ws/install/pb2025_sentry_behavior/share/pb2025_sentry_behavior/launch
-- Installing: /home/ats/ats_sentry_ws/install/pb2025_sentry_behavior/share/pb2025_sentry_behavior/launch/pb2025_sentry_behavior_launch.py
-- Installing: /home/ats/ats_sentry_ws/install/pb2025_sentry_behavior/share/ament_index/resource_index/package_run_dependencies/pb2025_sentry_behavior
-- Installing: /home/ats/ats_sentry_ws/install/pb2025_sentry_behavior/share/ament_index/resource_index/parent_prefix_path/pb2025_sentry_behavior
-- Installing: /home/ats/ats_sentry_ws/install/pb2025_sentry_behavior/share/pb2025_sentry_behavior/environment/ament_prefix_path.sh
-- Installing: /home/ats/ats_sentry_ws/install/pb2025_sentry_behavior/share/pb2025_sentry_behavior/environment/ament_prefix_path.dsv
-- Installing: /home/ats/ats_sentry_ws/install/pb2025_sentry_behavior/share/pb2025_sentry_behavior/environment/path.sh
-- Installing: /home/ats/ats_sentry_ws/install/pb2025_sentry_behavior/share/pb2025_sentry_behavior/environment/path.dsv
-- Installing: /home/ats/ats_sentry_ws/install/pb2025_sentry_behavior/share/pb2025_sentry_behavior/local_setup.bash
-- Installing: /home/ats/ats_sentry_ws/install/pb2025_sentry_behavior/share/pb2025_sentry_behavior/local_setup.sh
-- Installing: /home/ats/ats_sentry_ws/install/pb2025_sentry_behavior/share/pb2025_sentry_behavior/local_setup.zsh
-- Installing: /home/ats/ats_sentry_ws/install/pb2025_sentry_behavior/share/pb2025_sentry_behavior/local_setup.dsv
-- Installing: /home/ats/ats_sentry_ws/install/pb2025_sentry_behavior/share/pb2025_sentry_behavior/package.dsv
-- Installing: /home/ats/ats_sentry_ws/install/pb2025_sentry_behavior/share/ament_index/resource_index/packages/pb2025_sentry_behavior
-- Installing: /home/ats/ats_sentry_ws/install/pb2025_sentry_behavior/share/ament_index/resource_index/rclcpp_components/pb2025_sentry_behavior
-- Installing: /home/ats/ats_sentry_ws/install/pb2025_sentry_behavior/share/pb2025_sentry_behavior/cmake/ament_cmake_export_dependencies-extras.cmake
-- Installing: /home/ats/ats_sentry_ws/install/pb2025_sentry_behavior/share/pb2025_sentry_behavior/cmake/ament_cmake_export_include_directories-extras.cmake
-- Installing: /home/ats/ats_sentry_ws/install/pb2025_sentry_behavior/share/pb2025_sentry_behavior/cmake/ament_cmake_export_libraries-extras.cmake
-- Installing: /home/ats/ats_sentry_ws/install/pb2025_sentry_behavior/share/pb2025_sentry_behavior/cmake/pb2025_sentry_behaviorConfig.cmake
-- Installing: /home/ats/ats_sentry_ws/install/pb2025_sentry_behavior/share/pb2025_sentry_behavior/cmake/pb2025_sentry_behaviorConfig-version.cmake
-- Installing: /home/ats/ats_sentry_ws/install/pb2025_sentry_behavior/share/pb2025_sentry_behavior/package.xml
