[0.018s] Invoking command in '/home/ats/ats_sentry_ws/build/pb2025_sentry_behavior': AMENT_PREFIX_PATH=/home/ats/ats_sentry_ws/install/behaviortree_ros2:/home/ats/ats_sentry_ws/install/pb_rm_interfaces:/home/ats/ats_sentry_ws/install/btcpp_ros2_interfaces:/home/ats/ats_sentry_ws/install/auto_aim_interfaces:${AMENT_PREFIX_PATH} CMAKE_PREFIX_PATH=/home/ats/ats_sentry_ws/install/behaviortree_ros2:/home/ats/ats_sentry_ws/install/pb_rm_interfaces:/home/ats/ats_sentry_ws/install/btcpp_ros2_interfaces:/home/ats/ats_sentry_ws/install/auto_aim_interfaces:/home/ats/ws_livox/install/livox_ros_driver2:/opt/ros/humble LD_LIBRARY_PATH=/home/ats/ats_sentry_ws/install/behaviortree_ros2/lib:/home/ats/ats_sentry_ws/install/pb_rm_interfaces/lib:/home/ats/ats_sentry_ws/install/btcpp_ros2_interfaces/lib:/home/ats/ats_sentry_ws/install/auto_aim_interfaces/lib:/opt/MVS/lib/64:/opt/MVS/lib/32:/opt/MVS/lib/64:/opt/MVS/lib/32:/home/ats/ws_livox/install/livox_ros_driver2/lib:/usr/lib/x86_64-linux-gnu/gazebo-11/plugins:/opt/ros/humble/opt/rviz_ogre_vendor/lib:/opt/ros/humble/lib/x86_64-linux-gnu:/opt/ros/humble/opt/openvdb_vendor/lib:/opt/ros/humble/lib:/usr/lib/x86_64-linux-gnu:/opt/MVS/lib/64:/opt/MVS/lib/32:/opt/MVS/lib/64:/opt/MVS/lib/32 PYTHONPATH=/home/ats/ats_sentry_ws/install/pb_rm_interfaces/local/lib/python3.10/dist-packages:/home/ats/ats_sentry_ws/install/btcpp_ros2_interfaces/local/lib/python3.10/dist-packages:/home/ats/ats_sentry_ws/install/auto_aim_interfaces/local/lib/python3.10/dist-packages:${PYTHONPATH} /usr/bin/cmake /home/ats/ats_sentry_ws/src/pb2025_sentry_behavior -DCMAKE_INSTALL_PREFIX=/home/ats/ats_sentry_ws/install/pb2025_sentry_behavior
[0.072s] -- The C compiler identification is GNU 11.4.0
[0.118s] -- The CXX compiler identification is GNU 11.4.0
[0.125s] -- Detecting C compiler ABI info
[0.191s] -- Detecting C compiler ABI info - done
[0.196s] -- Check for working C compiler: /usr/bin/cc - skipped
[0.196s] -- Detecting C compile features
[0.197s] -- Detecting C compile features - done
[0.200s] -- Detecting CXX compiler ABI info
[0.274s] -- Detecting CXX compiler ABI info - done
[0.279s] -- Check for working CXX compiler: /usr/bin/c++ - skipped
[0.280s] -- Detecting CXX compile features
[0.280s] -- Detecting CXX compile features - done
[0.282s] -- Found ament_cmake_auto: 1.3.13 (/opt/ros/humble/share/ament_cmake_auto/cmake)
[0.727s] -- Found Python3: /usr/bin/python3 (found version "3.10.12") found components: Interpreter 
[0.907s] -- Found rosidl_generator_c: 3.1.8 (/opt/ros/humble/share/rosidl_generator_c/cmake)
[0.912s] -- Found rosidl_adapter: 3.1.8 (/opt/ros/humble/share/rosidl_adapter/cmake)
[0.920s] -- Found rosidl_generator_cpp: 3.1.8 (/opt/ros/humble/share/rosidl_generator_cpp/cmake)
[0.931s] -- Using all available rosidl_typesupport_c: rosidl_typesupport_fastrtps_c;rosidl_typesupport_introspection_c
[0.944s] -- Using all available rosidl_typesupport_cpp: rosidl_typesupport_fastrtps_cpp;rosidl_typesupport_introspection_cpp
[0.982s] -- Found rmw_implementation_cmake: 6.1.2 (/opt/ros/humble/share/rmw_implementation_cmake/cmake)
[0.985s] -- Found rmw_fastrtps_cpp: 6.2.10 (/opt/ros/humble/share/rmw_fastrtps_cpp/cmake)
[1.072s] -- Found OpenSSL: /usr/lib/x86_64-linux-gnu/libcrypto.so (found version "3.0.2")  
[1.101s] -- Found FastRTPS: /opt/ros/humble/include  
[1.157s] -- Using RMW implementation 'rmw_fastrtps_cpp' as default
[1.168s] -- Looking for pthread.h
[1.244s] -- Looking for pthread.h - found
[1.244s] -- Performing Test CMAKE_HAVE_LIBC_PTHREAD
[1.327s] -- Performing Test CMAKE_HAVE_LIBC_PTHREAD - Success
[1.328s] -- Found Threads: TRUE  
[1.570s] -- Found eigen3_cmake_module: 0.1.1 (/opt/ros/humble/share/eigen3_cmake_module/cmake)
[1.572s] -- Found Eigen3: TRUE (found version "3.4.0") 
[1.572s] -- Ensuring Eigen3 include directory is part of orocos-kdl CMake target
[2.019s] -- Found ament_lint_auto: 0.12.15 (/opt/ros/humble/share/ament_lint_auto/cmake)
[2.049s] In this package, headers install destination is set to `include` by ament_auto_package. It is recommended to install `include/pb2025_sentry_behavior` instead and will be the default behavior of ament_auto_package from ROS 2 Kilted Kaiju. On distributions before Kilted, ament_auto_package behaves the same way when you use USE_SCOPED_HEADER_INSTALL_DIR option.
[2.052s] -- Added test 'copyright' to check source files copyright and LICENSE
[2.054s] -- Added test 'cppcheck' to perform static code analysis on C / C++ code
[2.057s] -- Configured cppcheck include dirs: /home/ats/ats_sentry_ws/src/pb2025_sentry_behavior/include
[2.057s] -- Configured cppcheck exclude dirs and/or files: 
[2.059s] -- Added test 'cpplint' to check C / C++ code against the Google style
[2.059s] -- Configured cpplint exclude dirs and/or files: 
[2.060s] -- Added test 'lint_cmake' to check CMake code style
[2.061s] -- Added test 'pep257' to check Python code against some of the docstring style conventions in PEP 257
[2.062s] -- Added test 'xmllint' to check XML markup files
[2.064s] -- Added test 'clang_format' to check C / C++ code style
[2.065s] -- Added test 'black' to check Python code style
[2.067s] -- Configuring done
[2.723s] -- Generating done
[2.809s] -- Build files have been written to: /home/ats/ats_sentry_ws/build/pb2025_sentry_behavior
[2.830s] Invoked command in '/home/ats/ats_sentry_ws/build/pb2025_sentry_behavior' returned '0': AMENT_PREFIX_PATH=/home/ats/ats_sentry_ws/install/behaviortree_ros2:/home/ats/ats_sentry_ws/install/pb_rm_interfaces:/home/ats/ats_sentry_ws/install/btcpp_ros2_interfaces:/home/ats/ats_sentry_ws/install/auto_aim_interfaces:${AMENT_PREFIX_PATH} CMAKE_PREFIX_PATH=/home/ats/ats_sentry_ws/install/behaviortree_ros2:/home/ats/ats_sentry_ws/install/pb_rm_interfaces:/home/ats/ats_sentry_ws/install/btcpp_ros2_interfaces:/home/ats/ats_sentry_ws/install/auto_aim_interfaces:/home/ats/ws_livox/install/livox_ros_driver2:/opt/ros/humble LD_LIBRARY_PATH=/home/ats/ats_sentry_ws/install/behaviortree_ros2/lib:/home/ats/ats_sentry_ws/install/pb_rm_interfaces/lib:/home/ats/ats_sentry_ws/install/btcpp_ros2_interfaces/lib:/home/ats/ats_sentry_ws/install/auto_aim_interfaces/lib:/opt/MVS/lib/64:/opt/MVS/lib/32:/opt/MVS/lib/64:/opt/MVS/lib/32:/home/ats/ws_livox/install/livox_ros_driver2/lib:/usr/lib/x86_64-linux-gnu/gazebo-11/plugins:/opt/ros/humble/opt/rviz_ogre_vendor/lib:/opt/ros/humble/lib/x86_64-linux-gnu:/opt/ros/humble/opt/openvdb_vendor/lib:/opt/ros/humble/lib:/usr/lib/x86_64-linux-gnu:/opt/MVS/lib/64:/opt/MVS/lib/32:/opt/MVS/lib/64:/opt/MVS/lib/32 PYTHONPATH=/home/ats/ats_sentry_ws/install/pb_rm_interfaces/local/lib/python3.10/dist-packages:/home/ats/ats_sentry_ws/install/btcpp_ros2_interfaces/local/lib/python3.10/dist-packages:/home/ats/ats_sentry_ws/install/auto_aim_interfaces/local/lib/python3.10/dist-packages:${PYTHONPATH} /usr/bin/cmake /home/ats/ats_sentry_ws/src/pb2025_sentry_behavior -DCMAKE_INSTALL_PREFIX=/home/ats/ats_sentry_ws/install/pb2025_sentry_behavior
[2.833s] Invoking command in '/home/ats/ats_sentry_ws/build/pb2025_sentry_behavior': AMENT_PREFIX_PATH=/home/ats/ats_sentry_ws/install/behaviortree_ros2:/home/ats/ats_sentry_ws/install/pb_rm_interfaces:/home/ats/ats_sentry_ws/install/btcpp_ros2_interfaces:/home/ats/ats_sentry_ws/install/auto_aim_interfaces:${AMENT_PREFIX_PATH} CMAKE_PREFIX_PATH=/home/ats/ats_sentry_ws/install/behaviortree_ros2:/home/ats/ats_sentry_ws/install/pb_rm_interfaces:/home/ats/ats_sentry_ws/install/btcpp_ros2_interfaces:/home/ats/ats_sentry_ws/install/auto_aim_interfaces:/home/ats/ws_livox/install/livox_ros_driver2:/opt/ros/humble LD_LIBRARY_PATH=/home/ats/ats_sentry_ws/install/behaviortree_ros2/lib:/home/ats/ats_sentry_ws/install/pb_rm_interfaces/lib:/home/ats/ats_sentry_ws/install/btcpp_ros2_interfaces/lib:/home/ats/ats_sentry_ws/install/auto_aim_interfaces/lib:/opt/MVS/lib/64:/opt/MVS/lib/32:/opt/MVS/lib/64:/opt/MVS/lib/32:/home/ats/ws_livox/install/livox_ros_driver2/lib:/usr/lib/x86_64-linux-gnu/gazebo-11/plugins:/opt/ros/humble/opt/rviz_ogre_vendor/lib:/opt/ros/humble/lib/x86_64-linux-gnu:/opt/ros/humble/opt/openvdb_vendor/lib:/opt/ros/humble/lib:/usr/lib/x86_64-linux-gnu:/opt/MVS/lib/64:/opt/MVS/lib/32:/opt/MVS/lib/64:/opt/MVS/lib/32 PYTHONPATH=/home/ats/ats_sentry_ws/install/pb_rm_interfaces/local/lib/python3.10/dist-packages:/home/ats/ats_sentry_ws/install/btcpp_ros2_interfaces/local/lib/python3.10/dist-packages:/home/ats/ats_sentry_ws/install/auto_aim_interfaces/local/lib/python3.10/dist-packages:${PYTHONPATH} /usr/bin/cmake --build /home/ats/ats_sentry_ws/build/pb2025_sentry_behavior -- -j32 -l32
[2.889s] [  7%] Building CXX object CMakeFiles/pb2025_sentry_behavior_client.dir/rclcpp_components/node_main_pb2025_sentry_behavior_client.cpp.o
[2.889s] [  7%] Building CXX object CMakeFiles/action_client.dir/src/pb2025_sentry_behavior_client.cpp.o
[2.889s] [  7%] Building CXX object CMakeFiles/pb2025_sentry_behavior_server.dir/src/pb2025_sentry_behavior_server.cpp.o
[5.244s] [  9%] Linking CXX executable pb2025_sentry_behavior_client
[5.371s] [  9%] Built target pb2025_sentry_behavior_client
[6.139s] [ 11%] Linking CXX shared library libaction_client.so
[6.389s] [ 11%] Built target action_client
[6.411s] [ 14%] Building CXX object CMakeFiles/is_game_status.dir/plugins/condition/is_game_status.cpp.o
[10.400s] [ 16%] Linking CXX shared library libis_game_status.so
[10.608s] [ 16%] Built target is_game_status
[10.632s] [ 19%] Building CXX object CMakeFiles/is_rfid_detected.dir/plugins/condition/is_rfid_detected.cpp.o
[14.162s] [ 21%] Linking CXX shared library libis_rfid_detected.so
[14.389s] [ 21%] Built target is_rfid_detected
[14.409s] [ 23%] Building CXX object CMakeFiles/is_status_ok.dir/plugins/condition/is_status_ok.cpp.o
[18.005s] [ 26%] Linking CXX shared library libis_status_ok.so
[18.245s] [ 26%] Built target is_status_ok
[18.266s] [ 28%] Building CXX object CMakeFiles/is_robot_status_in_range.dir/plugins/condition/is_robot_status_in_range.cpp.o
[22.228s] [ 30%] Linking CXX shared library libis_robot_status_in_range.so
[22.458s] [ 30%] Built target is_robot_status_in_range
[22.483s] [ 33%] Building CXX object CMakeFiles/is_attacked.dir/plugins/condition/is_attacked.cpp.o
[26.509s] [ 35%] Linking CXX shared library libis_attacked.so
[26.763s] [ 35%] Built target is_attacked
[26.785s] [ 38%] Building CXX object CMakeFiles/is_detect_enemy.dir/plugins/condition/is_detect_enemy.cpp.o
[29.040s] [ 40%] Linking CXX executable pb2025_sentry_behavior_server
[31.166s] [ 42%] Linking CXX shared library libis_detect_enemy.so
[31.523s] [ 42%] Built target is_detect_enemy
[31.552s] [ 45%] Building CXX object CMakeFiles/send_nav2_goal.dir/plugins/action/send_nav2_goal.cpp.o
[31.826s] [ 45%] Built target pb2025_sentry_behavior_server
[36.959s] [ 47%] Linking CXX shared library libsend_nav2_goal.so
[37.345s] [ 47%] Built target send_nav2_goal
[37.370s] [ 50%] Building CXX object CMakeFiles/send_nav2_waypoints.dir/plugins/action/send_nav2_waypoints.cpp.o
[42.609s] [ 52%] Linking CXX shared library libsend_nav2_waypoints.so
[42.940s] [ 52%] Built target send_nav2_waypoints
[42.963s] [ 54%] Building CXX object CMakeFiles/select_nearest_goal.dir/plugins/action/select_nearest_goal.cpp.o
[46.711s] [ 57%] Linking CXX shared library libselect_nearest_goal.so
[46.921s] [ 57%] Built target select_nearest_goal
[46.939s] [ 59%] Building CXX object CMakeFiles/pub_nav2_goal.dir/plugins/action/pub_nav2_goal.cpp.o
[51.522s] [ 61%] Linking CXX shared library libpub_nav2_goal.so
[51.900s] [ 61%] Built target pub_nav2_goal
[51.925s] [ 64%] Building CXX object CMakeFiles/pub_spin_speed.dir/plugins/action/pub_spin_speed.cpp.o
[56.847s] [ 66%] Linking CXX shared library libpub_spin_speed.so
[57.167s] [ 66%] Built target pub_spin_speed
[57.186s] [ 69%] Building CXX object CMakeFiles/pub_twist.dir/plugins/action/pub_twist.cpp.o
[61.905s] [ 71%] Linking CXX shared library libpub_twist.so
[62.251s] [ 71%] Built target pub_twist
[62.274s] [ 73%] Building CXX object CMakeFiles/pub_gimbal_absolute.dir/plugins/action/pub_gimbal_absolute.cpp.o
[67.165s] [ 76%] Linking CXX shared library libpub_gimbal_absolute.so
[67.501s] [ 76%] Built target pub_gimbal_absolute
[67.518s] [ 78%] Building CXX object CMakeFiles/pub_gimbal_velocity.dir/plugins/action/pub_gimbal_velocity.cpp.o
[71.943s] [ 80%] Linking CXX shared library libpub_gimbal_velocity.so
[72.280s] [ 80%] Built target pub_gimbal_velocity
[72.300s] [ 83%] Building CXX object CMakeFiles/calculate_attack_pose.dir/plugins/action/calculate_attack_pose.cpp.o
[77.909s] [ 85%] Linking CXX shared library libcalculate_attack_pose.so
[78.358s] [ 85%] Built target calculate_attack_pose
[78.384s] [ 88%] Building CXX object CMakeFiles/recovery_node.dir/plugins/control/recovery_node.cpp.o
[80.657s] [ 90%] Linking CXX shared library librecovery_node.so
[80.918s] [ 90%] Built target recovery_node
[80.945s] [ 92%] Building CXX object CMakeFiles/rate_controller.dir/plugins/decorator/rate_controller.cpp.o
[83.345s] [ 95%] Linking CXX shared library librate_controller.so
[83.604s] [ 95%] Built target rate_controller
[83.630s] [ 97%] Building CXX object CMakeFiles/tick_after_timeout_node.dir/plugins/decorator/tick_after_timeout_node.cpp.o
[86.236s] [100%] Linking CXX shared library libtick_after_timeout_node.so
[86.476s] [100%] Built target tick_after_timeout_node
[86.489s] Invoked command in '/home/ats/ats_sentry_ws/build/pb2025_sentry_behavior' returned '0': AMENT_PREFIX_PATH=/home/ats/ats_sentry_ws/install/behaviortree_ros2:/home/ats/ats_sentry_ws/install/pb_rm_interfaces:/home/ats/ats_sentry_ws/install/btcpp_ros2_interfaces:/home/ats/ats_sentry_ws/install/auto_aim_interfaces:${AMENT_PREFIX_PATH} CMAKE_PREFIX_PATH=/home/ats/ats_sentry_ws/install/behaviortree_ros2:/home/ats/ats_sentry_ws/install/pb_rm_interfaces:/home/ats/ats_sentry_ws/install/btcpp_ros2_interfaces:/home/ats/ats_sentry_ws/install/auto_aim_interfaces:/home/ats/ws_livox/install/livox_ros_driver2:/opt/ros/humble LD_LIBRARY_PATH=/home/ats/ats_sentry_ws/install/behaviortree_ros2/lib:/home/ats/ats_sentry_ws/install/pb_rm_interfaces/lib:/home/ats/ats_sentry_ws/install/btcpp_ros2_interfaces/lib:/home/ats/ats_sentry_ws/install/auto_aim_interfaces/lib:/opt/MVS/lib/64:/opt/MVS/lib/32:/opt/MVS/lib/64:/opt/MVS/lib/32:/home/ats/ws_livox/install/livox_ros_driver2/lib:/usr/lib/x86_64-linux-gnu/gazebo-11/plugins:/opt/ros/humble/opt/rviz_ogre_vendor/lib:/opt/ros/humble/lib/x86_64-linux-gnu:/opt/ros/humble/opt/openvdb_vendor/lib:/opt/ros/humble/lib:/usr/lib/x86_64-linux-gnu:/opt/MVS/lib/64:/opt/MVS/lib/32:/opt/MVS/lib/64:/opt/MVS/lib/32 PYTHONPATH=/home/ats/ats_sentry_ws/install/pb_rm_interfaces/local/lib/python3.10/dist-packages:/home/ats/ats_sentry_ws/install/btcpp_ros2_interfaces/local/lib/python3.10/dist-packages:/home/ats/ats_sentry_ws/install/auto_aim_interfaces/local/lib/python3.10/dist-packages:${PYTHONPATH} /usr/bin/cmake --build /home/ats/ats_sentry_ws/build/pb2025_sentry_behavior -- -j32 -l32
[86.491s] Invoking command in '/home/ats/ats_sentry_ws/build/pb2025_sentry_behavior': AMENT_PREFIX_PATH=/home/ats/ats_sentry_ws/install/behaviortree_ros2:/home/ats/ats_sentry_ws/install/pb_rm_interfaces:/home/ats/ats_sentry_ws/install/btcpp_ros2_interfaces:/home/ats/ats_sentry_ws/install/auto_aim_interfaces:${AMENT_PREFIX_PATH} CMAKE_PREFIX_PATH=/home/ats/ats_sentry_ws/install/behaviortree_ros2:/home/ats/ats_sentry_ws/install/pb_rm_interfaces:/home/ats/ats_sentry_ws/install/btcpp_ros2_interfaces:/home/ats/ats_sentry_ws/install/auto_aim_interfaces:/home/ats/ws_livox/install/livox_ros_driver2:/opt/ros/humble LD_LIBRARY_PATH=/home/ats/ats_sentry_ws/install/behaviortree_ros2/lib:/home/ats/ats_sentry_ws/install/pb_rm_interfaces/lib:/home/ats/ats_sentry_ws/install/btcpp_ros2_interfaces/lib:/home/ats/ats_sentry_ws/install/auto_aim_interfaces/lib:/opt/MVS/lib/64:/opt/MVS/lib/32:/opt/MVS/lib/64:/opt/MVS/lib/32:/home/ats/ws_livox/install/livox_ros_driver2/lib:/usr/lib/x86_64-linux-gnu/gazebo-11/plugins:/opt/ros/humble/opt/rviz_ogre_vendor/lib:/opt/ros/humble/lib/x86_64-linux-gnu:/opt/ros/humble/opt/openvdb_vendor/lib:/opt/ros/humble/lib:/usr/lib/x86_64-linux-gnu:/opt/MVS/lib/64:/opt/MVS/lib/32:/opt/MVS/lib/64:/opt/MVS/lib/32 PYTHONPATH=/home/ats/ats_sentry_ws/install/pb_rm_interfaces/local/lib/python3.10/dist-packages:/home/ats/ats_sentry_ws/install/btcpp_ros2_interfaces/local/lib/python3.10/dist-packages:/home/ats/ats_sentry_ws/install/auto_aim_interfaces/local/lib/python3.10/dist-packages:${PYTHONPATH} /usr/bin/cmake --install /home/ats/ats_sentry_ws/build/pb2025_sentry_behavior
[86.500s] -- Install configuration: ""
[86.500s] -- Installing: /home/ats/ats_sentry_ws/install/pb2025_sentry_behavior/lib/pb2025_sentry_behavior/pb2025_sentry_behavior_client
[86.500s] -- Set runtime path of "/home/ats/ats_sentry_ws/install/pb2025_sentry_behavior/lib/pb2025_sentry_behavior/pb2025_sentry_behavior_client" to ""
[86.500s] -- Installing: /home/ats/ats_sentry_ws/install/pb2025_sentry_behavior/share/pb2025_sentry_behavior/bt_plugins/libis_game_status.so
[86.501s] -- Set runtime path of "/home/ats/ats_sentry_ws/install/pb2025_sentry_behavior/share/pb2025_sentry_behavior/bt_plugins/libis_game_status.so" to ""
[86.501s] -- Installing: /home/ats/ats_sentry_ws/install/pb2025_sentry_behavior/share/pb2025_sentry_behavior/bt_plugins/libis_rfid_detected.so
[86.502s] -- Set runtime path of "/home/ats/ats_sentry_ws/install/pb2025_sentry_behavior/share/pb2025_sentry_behavior/bt_plugins/libis_rfid_detected.so" to ""
[86.502s] -- Installing: /home/ats/ats_sentry_ws/install/pb2025_sentry_behavior/share/pb2025_sentry_behavior/bt_plugins/libis_status_ok.so
[86.503s] -- Set runtime path of "/home/ats/ats_sentry_ws/install/pb2025_sentry_behavior/share/pb2025_sentry_behavior/bt_plugins/libis_status_ok.so" to ""
[86.504s] -- Installing: /home/ats/ats_sentry_ws/install/pb2025_sentry_behavior/share/pb2025_sentry_behavior/bt_plugins/libis_robot_status_in_range.so
[86.505s] -- Set runtime path of "/home/ats/ats_sentry_ws/install/pb2025_sentry_behavior/share/pb2025_sentry_behavior/bt_plugins/libis_robot_status_in_range.so" to ""
[86.505s] -- Installing: /home/ats/ats_sentry_ws/install/pb2025_sentry_behavior/share/pb2025_sentry_behavior/bt_plugins/libis_attacked.so
[86.506s] -- Set runtime path of "/home/ats/ats_sentry_ws/install/pb2025_sentry_behavior/share/pb2025_sentry_behavior/bt_plugins/libis_attacked.so" to ""
[86.506s] -- Installing: /home/ats/ats_sentry_ws/install/pb2025_sentry_behavior/share/pb2025_sentry_behavior/bt_plugins/libis_detect_enemy.so
[86.507s] -- Set runtime path of "/home/ats/ats_sentry_ws/install/pb2025_sentry_behavior/share/pb2025_sentry_behavior/bt_plugins/libis_detect_enemy.so" to ""
[86.507s] -- Installing: /home/ats/ats_sentry_ws/install/pb2025_sentry_behavior/share/pb2025_sentry_behavior/bt_plugins/libsend_nav2_goal.so
[86.509s] -- Set runtime path of "/home/ats/ats_sentry_ws/install/pb2025_sentry_behavior/share/pb2025_sentry_behavior/bt_plugins/libsend_nav2_goal.so" to ""
[86.509s] -- Installing: /home/ats/ats_sentry_ws/install/pb2025_sentry_behavior/share/pb2025_sentry_behavior/bt_plugins/libsend_nav2_waypoints.so
[86.511s] -- Set runtime path of "/home/ats/ats_sentry_ws/install/pb2025_sentry_behavior/share/pb2025_sentry_behavior/bt_plugins/libsend_nav2_waypoints.so" to ""
[86.511s] -- Installing: /home/ats/ats_sentry_ws/install/pb2025_sentry_behavior/share/pb2025_sentry_behavior/bt_plugins/libselect_nearest_goal.so
[86.512s] -- Set runtime path of "/home/ats/ats_sentry_ws/install/pb2025_sentry_behavior/share/pb2025_sentry_behavior/bt_plugins/libselect_nearest_goal.so" to ""
[86.512s] -- Installing: /home/ats/ats_sentry_ws/install/pb2025_sentry_behavior/share/pb2025_sentry_behavior/bt_plugins/libpub_nav2_goal.so
[86.514s] -- Set runtime path of "/home/ats/ats_sentry_ws/install/pb2025_sentry_behavior/share/pb2025_sentry_behavior/bt_plugins/libpub_nav2_goal.so" to ""
[86.514s] -- Installing: /home/ats/ats_sentry_ws/install/pb2025_sentry_behavior/share/pb2025_sentry_behavior/bt_plugins/libpub_spin_speed.so
[86.516s] -- Set runtime path of "/home/ats/ats_sentry_ws/install/pb2025_sentry_behavior/share/pb2025_sentry_behavior/bt_plugins/libpub_spin_speed.so" to ""
[86.516s] -- Installing: /home/ats/ats_sentry_ws/install/pb2025_sentry_behavior/share/pb2025_sentry_behavior/bt_plugins/libpub_twist.so
[86.518s] -- Set runtime path of "/home/ats/ats_sentry_ws/install/pb2025_sentry_behavior/share/pb2025_sentry_behavior/bt_plugins/libpub_twist.so" to ""
[86.518s] -- Installing: /home/ats/ats_sentry_ws/install/pb2025_sentry_behavior/share/pb2025_sentry_behavior/bt_plugins/libpub_gimbal_absolute.so
[86.519s] -- Set runtime path of "/home/ats/ats_sentry_ws/install/pb2025_sentry_behavior/share/pb2025_sentry_behavior/bt_plugins/libpub_gimbal_absolute.so" to ""
[86.519s] -- Installing: /home/ats/ats_sentry_ws/install/pb2025_sentry_behavior/share/pb2025_sentry_behavior/bt_plugins/libpub_gimbal_velocity.so
[86.521s] -- Set runtime path of "/home/ats/ats_sentry_ws/install/pb2025_sentry_behavior/share/pb2025_sentry_behavior/bt_plugins/libpub_gimbal_velocity.so" to ""
[86.521s] -- Installing: /home/ats/ats_sentry_ws/install/pb2025_sentry_behavior/share/pb2025_sentry_behavior/bt_plugins/libcalculate_attack_pose.so
[86.523s] -- Set runtime path of "/home/ats/ats_sentry_ws/install/pb2025_sentry_behavior/share/pb2025_sentry_behavior/bt_plugins/libcalculate_attack_pose.so" to ""
[86.523s] -- Installing: /home/ats/ats_sentry_ws/install/pb2025_sentry_behavior/share/pb2025_sentry_behavior/bt_plugins/librecovery_node.so
[86.524s] -- Set runtime path of "/home/ats/ats_sentry_ws/install/pb2025_sentry_behavior/share/pb2025_sentry_behavior/bt_plugins/librecovery_node.so" to ""
[86.524s] -- Installing: /home/ats/ats_sentry_ws/install/pb2025_sentry_behavior/share/pb2025_sentry_behavior/bt_plugins/librate_controller.so
[86.525s] -- Set runtime path of "/home/ats/ats_sentry_ws/install/pb2025_sentry_behavior/share/pb2025_sentry_behavior/bt_plugins/librate_controller.so" to ""
[86.525s] -- Installing: /home/ats/ats_sentry_ws/install/pb2025_sentry_behavior/share/pb2025_sentry_behavior/bt_plugins/libtick_after_timeout_node.so
[86.526s] -- Set runtime path of "/home/ats/ats_sentry_ws/install/pb2025_sentry_behavior/share/pb2025_sentry_behavior/bt_plugins/libtick_after_timeout_node.so" to ""
[86.526s] -- Installing: /home/ats/ats_sentry_ws/install/pb2025_sentry_behavior/include
[86.526s] -- Installing: /home/ats/ats_sentry_ws/install/pb2025_sentry_behavior/include/pb2025_sentry_behavior
[86.527s] -- Installing: /home/ats/ats_sentry_ws/install/pb2025_sentry_behavior/include/pb2025_sentry_behavior/pb2025_sentry_behavior_client.hpp
[86.527s] -- Installing: /home/ats/ats_sentry_ws/install/pb2025_sentry_behavior/include/pb2025_sentry_behavior/pb2025_sentry_behavior_server.hpp
[86.527s] -- Installing: /home/ats/ats_sentry_ws/install/pb2025_sentry_behavior/include/pb2025_sentry_behavior/plugins
[86.527s] -- Installing: /home/ats/ats_sentry_ws/install/pb2025_sentry_behavior/include/pb2025_sentry_behavior/plugins/decorator
[86.527s] -- Installing: /home/ats/ats_sentry_ws/install/pb2025_sentry_behavior/include/pb2025_sentry_behavior/plugins/decorator/tick_after_timeout_node.hpp
[86.527s] -- Installing: /home/ats/ats_sentry_ws/install/pb2025_sentry_behavior/include/pb2025_sentry_behavior/plugins/decorator/rate_controller.hpp
[86.527s] -- Installing: /home/ats/ats_sentry_ws/install/pb2025_sentry_behavior/include/pb2025_sentry_behavior/plugins/action
[86.527s] -- Installing: /home/ats/ats_sentry_ws/install/pb2025_sentry_behavior/include/pb2025_sentry_behavior/plugins/action/send_nav2_goal.hpp
[86.527s] -- Installing: /home/ats/ats_sentry_ws/install/pb2025_sentry_behavior/include/pb2025_sentry_behavior/plugins/action/pub_nav2_goal.hpp
[86.528s] -- Installing: /home/ats/ats_sentry_ws/install/pb2025_sentry_behavior/include/pb2025_sentry_behavior/plugins/action/pub_spin_speed.hpp
[86.528s] -- Installing: /home/ats/ats_sentry_ws/install/pb2025_sentry_behavior/include/pb2025_sentry_behavior/plugins/action/pub_twist.hpp
[86.528s] -- Installing: /home/ats/ats_sentry_ws/install/pb2025_sentry_behavior/include/pb2025_sentry_behavior/plugins/action/calculate_attack_pose.hpp
[86.528s] -- Installing: /home/ats/ats_sentry_ws/install/pb2025_sentry_behavior/include/pb2025_sentry_behavior/plugins/action/send_nav2_waypoints.hpp
[86.528s] -- Installing: /home/ats/ats_sentry_ws/install/pb2025_sentry_behavior/include/pb2025_sentry_behavior/plugins/action/pub_gimbal_velocity.hpp
[86.528s] -- Installing: /home/ats/ats_sentry_ws/install/pb2025_sentry_behavior/include/pb2025_sentry_behavior/plugins/action/pub_gimbal_absolute.hpp
[86.529s] -- Installing: /home/ats/ats_sentry_ws/install/pb2025_sentry_behavior/include/pb2025_sentry_behavior/plugins/action/select_nearest_goal.hpp
[86.529s] -- Installing: /home/ats/ats_sentry_ws/install/pb2025_sentry_behavior/include/pb2025_sentry_behavior/plugins/condition
[86.529s] -- Installing: /home/ats/ats_sentry_ws/install/pb2025_sentry_behavior/include/pb2025_sentry_behavior/plugins/condition/is_game_status.hpp
[86.529s] -- Installing: /home/ats/ats_sentry_ws/install/pb2025_sentry_behavior/include/pb2025_sentry_behavior/plugins/condition/is_robot_status_in_range.hpp
[86.529s] -- Installing: /home/ats/ats_sentry_ws/install/pb2025_sentry_behavior/include/pb2025_sentry_behavior/plugins/condition/is_attacked.hpp
[86.529s] -- Installing: /home/ats/ats_sentry_ws/install/pb2025_sentry_behavior/include/pb2025_sentry_behavior/plugins/condition/is_rfid_detected.hpp
[86.529s] -- Installing: /home/ats/ats_sentry_ws/install/pb2025_sentry_behavior/include/pb2025_sentry_behavior/plugins/condition/is_status_ok.hpp
[86.529s] -- Installing: /home/ats/ats_sentry_ws/install/pb2025_sentry_behavior/include/pb2025_sentry_behavior/plugins/condition/is_detect_enemy.hpp
[86.529s] -- Installing: /home/ats/ats_sentry_ws/install/pb2025_sentry_behavior/include/pb2025_sentry_behavior/plugins/control
[86.530s] -- Installing: /home/ats/ats_sentry_ws/install/pb2025_sentry_behavior/include/pb2025_sentry_behavior/plugins/control/recovery_node.hpp
[86.530s] -- Installing: /home/ats/ats_sentry_ws/install/pb2025_sentry_behavior/include/pb2025_sentry_behavior/custom_types.hpp
[86.530s] -- Installing: /home/ats/ats_sentry_ws/install/pb2025_sentry_behavior/share/pb2025_sentry_behavior/environment/library_path.sh
[86.531s] -- Installing: /home/ats/ats_sentry_ws/install/pb2025_sentry_behavior/share/pb2025_sentry_behavior/environment/library_path.dsv
[86.531s] -- Installing: /home/ats/ats_sentry_ws/install/pb2025_sentry_behavior/lib/libaction_client.so
[86.531s] -- Set runtime path of "/home/ats/ats_sentry_ws/install/pb2025_sentry_behavior/lib/libaction_client.so" to ""
[86.531s] -- Installing: /home/ats/ats_sentry_ws/install/pb2025_sentry_behavior/lib/libis_game_status.so
[86.531s] -- Set runtime path of "/home/ats/ats_sentry_ws/install/pb2025_sentry_behavior/lib/libis_game_status.so" to ""
[86.532s] -- Installing: /home/ats/ats_sentry_ws/install/pb2025_sentry_behavior/lib/libis_rfid_detected.so
[86.532s] -- Set runtime path of "/home/ats/ats_sentry_ws/install/pb2025_sentry_behavior/lib/libis_rfid_detected.so" to ""
[86.532s] -- Installing: /home/ats/ats_sentry_ws/install/pb2025_sentry_behavior/lib/libis_status_ok.so
[86.533s] -- Set runtime path of "/home/ats/ats_sentry_ws/install/pb2025_sentry_behavior/lib/libis_status_ok.so" to ""
[86.533s] -- Installing: /home/ats/ats_sentry_ws/install/pb2025_sentry_behavior/lib/libis_robot_status_in_range.so
[86.533s] -- Set runtime path of "/home/ats/ats_sentry_ws/install/pb2025_sentry_behavior/lib/libis_robot_status_in_range.so" to ""
[86.533s] -- Installing: /home/ats/ats_sentry_ws/install/pb2025_sentry_behavior/lib/libis_attacked.so
[86.534s] -- Set runtime path of "/home/ats/ats_sentry_ws/install/pb2025_sentry_behavior/lib/libis_attacked.so" to ""
[86.535s] -- Installing: /home/ats/ats_sentry_ws/install/pb2025_sentry_behavior/lib/libis_detect_enemy.so
[86.536s] -- Set runtime path of "/home/ats/ats_sentry_ws/install/pb2025_sentry_behavior/lib/libis_detect_enemy.so" to ""
[86.536s] -- Installing: /home/ats/ats_sentry_ws/install/pb2025_sentry_behavior/lib/libsend_nav2_goal.so
[86.538s] -- Set runtime path of "/home/ats/ats_sentry_ws/install/pb2025_sentry_behavior/lib/libsend_nav2_goal.so" to ""
[86.538s] -- Installing: /home/ats/ats_sentry_ws/install/pb2025_sentry_behavior/lib/libsend_nav2_waypoints.so
[86.540s] -- Set runtime path of "/home/ats/ats_sentry_ws/install/pb2025_sentry_behavior/lib/libsend_nav2_waypoints.so" to ""
[86.540s] -- Installing: /home/ats/ats_sentry_ws/install/pb2025_sentry_behavior/lib/libselect_nearest_goal.so
[86.541s] -- Set runtime path of "/home/ats/ats_sentry_ws/install/pb2025_sentry_behavior/lib/libselect_nearest_goal.so" to ""
[86.541s] -- Installing: /home/ats/ats_sentry_ws/install/pb2025_sentry_behavior/lib/libpub_nav2_goal.so
[86.543s] -- Set runtime path of "/home/ats/ats_sentry_ws/install/pb2025_sentry_behavior/lib/libpub_nav2_goal.so" to ""
[86.543s] -- Installing: /home/ats/ats_sentry_ws/install/pb2025_sentry_behavior/lib/libpub_spin_speed.so
[86.545s] -- Set runtime path of "/home/ats/ats_sentry_ws/install/pb2025_sentry_behavior/lib/libpub_spin_speed.so" to ""
[86.545s] -- Installing: /home/ats/ats_sentry_ws/install/pb2025_sentry_behavior/lib/libpub_twist.so
[86.547s] -- Set runtime path of "/home/ats/ats_sentry_ws/install/pb2025_sentry_behavior/lib/libpub_twist.so" to ""
[86.547s] -- Installing: /home/ats/ats_sentry_ws/install/pb2025_sentry_behavior/lib/libpub_gimbal_absolute.so
[86.549s] -- Set runtime path of "/home/ats/ats_sentry_ws/install/pb2025_sentry_behavior/lib/libpub_gimbal_absolute.so" to ""
[86.549s] -- Installing: /home/ats/ats_sentry_ws/install/pb2025_sentry_behavior/lib/libpub_gimbal_velocity.so
[86.551s] -- Set runtime path of "/home/ats/ats_sentry_ws/install/pb2025_sentry_behavior/lib/libpub_gimbal_velocity.so" to ""
[86.551s] -- Installing: /home/ats/ats_sentry_ws/install/pb2025_sentry_behavior/lib/libcalculate_attack_pose.so
[86.553s] -- Set runtime path of "/home/ats/ats_sentry_ws/install/pb2025_sentry_behavior/lib/libcalculate_attack_pose.so" to ""
[86.553s] -- Installing: /home/ats/ats_sentry_ws/install/pb2025_sentry_behavior/lib/librecovery_node.so
[86.554s] -- Set runtime path of "/home/ats/ats_sentry_ws/install/pb2025_sentry_behavior/lib/librecovery_node.so" to ""
[86.554s] -- Installing: /home/ats/ats_sentry_ws/install/pb2025_sentry_behavior/lib/librate_controller.so
[86.555s] -- Set runtime path of "/home/ats/ats_sentry_ws/install/pb2025_sentry_behavior/lib/librate_controller.so" to ""
[86.555s] -- Installing: /home/ats/ats_sentry_ws/install/pb2025_sentry_behavior/lib/libtick_after_timeout_node.so
[86.555s] -- Set runtime path of "/home/ats/ats_sentry_ws/install/pb2025_sentry_behavior/lib/libtick_after_timeout_node.so" to ""
[86.555s] -- Installing: /home/ats/ats_sentry_ws/install/pb2025_sentry_behavior/lib/pb2025_sentry_behavior/pb2025_sentry_behavior_server
[86.573s] -- Set runtime path of "/home/ats/ats_sentry_ws/install/pb2025_sentry_behavior/lib/pb2025_sentry_behavior/pb2025_sentry_behavior_server" to ""
[86.574s] -- Installing: /home/ats/ats_sentry_ws/install/pb2025_sentry_behavior/share/pb2025_sentry_behavior/behavior_trees
[86.574s] -- Installing: /home/ats/ats_sentry_ws/install/pb2025_sentry_behavior/share/pb2025_sentry_behavior/behavior_trees/rmul_2025_decision_bt.xml
[86.574s] -- Installing: /home/ats/ats_sentry_ws/install/pb2025_sentry_behavior/share/pb2025_sentry_behavior/behavior_trees/dev_rm.xml
[86.574s] -- Installing: /home/ats/ats_sentry_ws/install/pb2025_sentry_behavior/share/pb2025_sentry_behavior/behavior_trees/rmul_2025.xml
[86.574s] -- Installing: /home/ats/ats_sentry_ws/install/pb2025_sentry_behavior/share/pb2025_sentry_behavior/behavior_trees/Project.btproj
[86.574s] -- Installing: /home/ats/ats_sentry_ws/install/pb2025_sentry_behavior/share/pb2025_sentry_behavior/behavior_trees/models.xml
[86.575s] -- Installing: /home/ats/ats_sentry_ws/install/pb2025_sentry_behavior/share/pb2025_sentry_behavior/params
[86.575s] -- Installing: /home/ats/ats_sentry_ws/install/pb2025_sentry_behavior/share/pb2025_sentry_behavior/params/sentry_behavior.yaml
[86.575s] -- Installing: /home/ats/ats_sentry_ws/install/pb2025_sentry_behavior/share/pb2025_sentry_behavior/launch
[86.575s] -- Installing: /home/ats/ats_sentry_ws/install/pb2025_sentry_behavior/share/pb2025_sentry_behavior/launch/pb2025_sentry_behavior_launch.py
[86.575s] -- Installing: /home/ats/ats_sentry_ws/install/pb2025_sentry_behavior/share/ament_index/resource_index/package_run_dependencies/pb2025_sentry_behavior
[86.575s] -- Installing: /home/ats/ats_sentry_ws/install/pb2025_sentry_behavior/share/ament_index/resource_index/parent_prefix_path/pb2025_sentry_behavior
[86.576s] -- Installing: /home/ats/ats_sentry_ws/install/pb2025_sentry_behavior/share/pb2025_sentry_behavior/environment/ament_prefix_path.sh
[86.576s] -- Installing: /home/ats/ats_sentry_ws/install/pb2025_sentry_behavior/share/pb2025_sentry_behavior/environment/ament_prefix_path.dsv
[86.576s] -- Installing: /home/ats/ats_sentry_ws/install/pb2025_sentry_behavior/share/pb2025_sentry_behavior/environment/path.sh
[86.576s] -- Installing: /home/ats/ats_sentry_ws/install/pb2025_sentry_behavior/share/pb2025_sentry_behavior/environment/path.dsv
[86.576s] -- Installing: /home/ats/ats_sentry_ws/install/pb2025_sentry_behavior/share/pb2025_sentry_behavior/local_setup.bash
[86.576s] -- Installing: /home/ats/ats_sentry_ws/install/pb2025_sentry_behavior/share/pb2025_sentry_behavior/local_setup.sh
[86.576s] -- Installing: /home/ats/ats_sentry_ws/install/pb2025_sentry_behavior/share/pb2025_sentry_behavior/local_setup.zsh
[86.576s] -- Installing: /home/ats/ats_sentry_ws/install/pb2025_sentry_behavior/share/pb2025_sentry_behavior/local_setup.dsv
[86.576s] -- Installing: /home/ats/ats_sentry_ws/install/pb2025_sentry_behavior/share/pb2025_sentry_behavior/package.dsv
[86.576s] -- Installing: /home/ats/ats_sentry_ws/install/pb2025_sentry_behavior/share/ament_index/resource_index/packages/pb2025_sentry_behavior
[86.576s] -- Installing: /home/ats/ats_sentry_ws/install/pb2025_sentry_behavior/share/ament_index/resource_index/rclcpp_components/pb2025_sentry_behavior
[86.576s] -- Installing: /home/ats/ats_sentry_ws/install/pb2025_sentry_behavior/share/pb2025_sentry_behavior/cmake/ament_cmake_export_dependencies-extras.cmake
[86.576s] -- Installing: /home/ats/ats_sentry_ws/install/pb2025_sentry_behavior/share/pb2025_sentry_behavior/cmake/ament_cmake_export_include_directories-extras.cmake
[86.576s] -- Installing: /home/ats/ats_sentry_ws/install/pb2025_sentry_behavior/share/pb2025_sentry_behavior/cmake/ament_cmake_export_libraries-extras.cmake
[86.576s] -- Installing: /home/ats/ats_sentry_ws/install/pb2025_sentry_behavior/share/pb2025_sentry_behavior/cmake/pb2025_sentry_behaviorConfig.cmake
[86.576s] -- Installing: /home/ats/ats_sentry_ws/install/pb2025_sentry_behavior/share/pb2025_sentry_behavior/cmake/pb2025_sentry_behaviorConfig-version.cmake
[86.577s] -- Installing: /home/ats/ats_sentry_ws/install/pb2025_sentry_behavior/share/pb2025_sentry_behavior/package.xml
[86.578s] Invoked command in '/home/ats/ats_sentry_ws/build/pb2025_sentry_behavior' returned '0': AMENT_PREFIX_PATH=/home/ats/ats_sentry_ws/install/behaviortree_ros2:/home/ats/ats_sentry_ws/install/pb_rm_interfaces:/home/ats/ats_sentry_ws/install/btcpp_ros2_interfaces:/home/ats/ats_sentry_ws/install/auto_aim_interfaces:${AMENT_PREFIX_PATH} CMAKE_PREFIX_PATH=/home/ats/ats_sentry_ws/install/behaviortree_ros2:/home/ats/ats_sentry_ws/install/pb_rm_interfaces:/home/ats/ats_sentry_ws/install/btcpp_ros2_interfaces:/home/ats/ats_sentry_ws/install/auto_aim_interfaces:/home/ats/ws_livox/install/livox_ros_driver2:/opt/ros/humble LD_LIBRARY_PATH=/home/ats/ats_sentry_ws/install/behaviortree_ros2/lib:/home/ats/ats_sentry_ws/install/pb_rm_interfaces/lib:/home/ats/ats_sentry_ws/install/btcpp_ros2_interfaces/lib:/home/ats/ats_sentry_ws/install/auto_aim_interfaces/lib:/opt/MVS/lib/64:/opt/MVS/lib/32:/opt/MVS/lib/64:/opt/MVS/lib/32:/home/ats/ws_livox/install/livox_ros_driver2/lib:/usr/lib/x86_64-linux-gnu/gazebo-11/plugins:/opt/ros/humble/opt/rviz_ogre_vendor/lib:/opt/ros/humble/lib/x86_64-linux-gnu:/opt/ros/humble/opt/openvdb_vendor/lib:/opt/ros/humble/lib:/usr/lib/x86_64-linux-gnu:/opt/MVS/lib/64:/opt/MVS/lib/32:/opt/MVS/lib/64:/opt/MVS/lib/32 PYTHONPATH=/home/ats/ats_sentry_ws/install/pb_rm_interfaces/local/lib/python3.10/dist-packages:/home/ats/ats_sentry_ws/install/btcpp_ros2_interfaces/local/lib/python3.10/dist-packages:/home/ats/ats_sentry_ws/install/auto_aim_interfaces/local/lib/python3.10/dist-packages:${PYTHONPATH} /usr/bin/cmake --install /home/ats/ats_sentry_ws/build/pb2025_sentry_behavior
