running egg_info
creating ../../../../build/joint_state_publisher/joint_state_publisher.egg-info
writing manifest file '../../../../build/joint_state_publisher/joint_state_publisher.egg-info/SOURCES.txt'
writing manifest file '../../../../build/joint_state_publisher/joint_state_publisher.egg-info/SOURCES.txt'
running build
running build_py
creating /home/ats/ats_sentry_ws/build/joint_state_publisher/build
creating /home/ats/ats_sentry_ws/build/joint_state_publisher/build/lib
creating /home/ats/ats_sentry_ws/build/joint_state_publisher/build/lib/joint_state_publisher
copying joint_state_publisher/__init__.py -> /home/ats/ats_sentry_ws/build/joint_state_publisher/build/lib/joint_state_publisher
copying joint_state_publisher/joint_state_publisher.py -> /home/ats/ats_sentry_ws/build/joint_state_publisher/build/lib/joint_state_publisher
running install
running install_lib
creating /home/ats/ats_sentry_ws/install/joint_state_publisher/lib/python3.10/site-packages/joint_state_publisher
copying /home/ats/ats_sentry_ws/build/joint_state_publisher/build/lib/joint_state_publisher/__init__.py -> /home/ats/ats_sentry_ws/install/joint_state_publisher/lib/python3.10/site-packages/joint_state_publisher
copying /home/ats/ats_sentry_ws/build/joint_state_publisher/build/lib/joint_state_publisher/joint_state_publisher.py -> /home/ats/ats_sentry_ws/install/joint_state_publisher/lib/python3.10/site-packages/joint_state_publisher
byte-compiling /home/ats/ats_sentry_ws/install/joint_state_publisher/lib/python3.10/site-packages/joint_state_publisher/__init__.py to __init__.cpython-310.pyc
byte-compiling /home/ats/ats_sentry_ws/install/joint_state_publisher/lib/python3.10/site-packages/joint_state_publisher/joint_state_publisher.py to joint_state_publisher.cpython-310.pyc
running install_data
creating /home/ats/ats_sentry_ws/install/joint_state_publisher/share/ament_index
creating /home/ats/ats_sentry_ws/install/joint_state_publisher/share/ament_index/resource_index
creating /home/ats/ats_sentry_ws/install/joint_state_publisher/share/ament_index/resource_index/packages
copying resource/joint_state_publisher -> /home/ats/ats_sentry_ws/install/joint_state_publisher/share/ament_index/resource_index/packages
copying package.xml -> /home/ats/ats_sentry_ws/install/joint_state_publisher/share/joint_state_publisher
running install_egg_info
Copying ../../../../build/joint_state_publisher/joint_state_publisher.egg-info to /home/ats/ats_sentry_ws/install/joint_state_publisher/lib/python3.10/site-packages/joint_state_publisher-2.4.0-py3.10.egg-info
running install_scripts
writing list of installed files to '/home/ats/ats_sentry_ws/build/joint_state_publisher/install.log'
