[1.239s] Invoking command in '/home/ats/ats_sentry_ws/src/dependencies/joint_state_publisher/joint_state_publisher': PYTHONPATH=/home/ats/ats_sentry_ws/build/joint_state_publisher/prefix_override:/usr/lib/python3/dist-packages/colcon_core/task/python/colcon_distutils_commands:/home/ats/ats_sentry_ws/install/joint_state_publisher/lib/python3.10/site-packages:${PYTHONPATH} /usr/bin/python3 -W ignore:setup.py install is deprecated -W ignore:easy_install command is deprecated setup.py egg_info --egg-base ../../../../build/joint_state_publisher build --build-base /home/ats/ats_sentry_ws/build/joint_state_publisher/build install --record /home/ats/ats_sentry_ws/build/joint_state_publisher/install.log --single-version-externally-managed install_data
[1.537s] running egg_info
[1.537s] creating ../../../../build/joint_state_publisher/joint_state_publisher.egg-info
[1.537s] writing manifest file '../../../../build/joint_state_publisher/joint_state_publisher.egg-info/SOURCES.txt'
[1.539s] writing manifest file '../../../../build/joint_state_publisher/joint_state_publisher.egg-info/SOURCES.txt'
[1.539s] running build
[1.539s] running build_py
[1.539s] creating /home/ats/ats_sentry_ws/build/joint_state_publisher/build
[1.539s] creating /home/ats/ats_sentry_ws/build/joint_state_publisher/build/lib
[1.539s] creating /home/ats/ats_sentry_ws/build/joint_state_publisher/build/lib/joint_state_publisher
[1.539s] copying joint_state_publisher/__init__.py -> /home/ats/ats_sentry_ws/build/joint_state_publisher/build/lib/joint_state_publisher
[1.539s] copying joint_state_publisher/joint_state_publisher.py -> /home/ats/ats_sentry_ws/build/joint_state_publisher/build/lib/joint_state_publisher
[1.539s] running install
[1.545s] running install_lib
[1.545s] creating /home/ats/ats_sentry_ws/install/joint_state_publisher/lib/python3.10/site-packages/joint_state_publisher
[1.545s] copying /home/ats/ats_sentry_ws/build/joint_state_publisher/build/lib/joint_state_publisher/__init__.py -> /home/ats/ats_sentry_ws/install/joint_state_publisher/lib/python3.10/site-packages/joint_state_publisher
[1.545s] copying /home/ats/ats_sentry_ws/build/joint_state_publisher/build/lib/joint_state_publisher/joint_state_publisher.py -> /home/ats/ats_sentry_ws/install/joint_state_publisher/lib/python3.10/site-packages/joint_state_publisher
[1.545s] byte-compiling /home/ats/ats_sentry_ws/install/joint_state_publisher/lib/python3.10/site-packages/joint_state_publisher/__init__.py to __init__.cpython-310.pyc
[1.545s] byte-compiling /home/ats/ats_sentry_ws/install/joint_state_publisher/lib/python3.10/site-packages/joint_state_publisher/joint_state_publisher.py to joint_state_publisher.cpython-310.pyc
[1.548s] running install_data
[1.548s] creating /home/ats/ats_sentry_ws/install/joint_state_publisher/share/ament_index
[1.548s] creating /home/ats/ats_sentry_ws/install/joint_state_publisher/share/ament_index/resource_index
[1.548s] creating /home/ats/ats_sentry_ws/install/joint_state_publisher/share/ament_index/resource_index/packages
[1.548s] copying resource/joint_state_publisher -> /home/ats/ats_sentry_ws/install/joint_state_publisher/share/ament_index/resource_index/packages
[1.548s] copying package.xml -> /home/ats/ats_sentry_ws/install/joint_state_publisher/share/joint_state_publisher
[1.548s] running install_egg_info
[1.550s] Copying ../../../../build/joint_state_publisher/joint_state_publisher.egg-info to /home/ats/ats_sentry_ws/install/joint_state_publisher/lib/python3.10/site-packages/joint_state_publisher-2.4.0-py3.10.egg-info
[1.551s] running install_scripts
[1.572s] writing list of installed files to '/home/ats/ats_sentry_ws/build/joint_state_publisher/install.log'
[1.599s] Invoked command in '/home/ats/ats_sentry_ws/src/dependencies/joint_state_publisher/joint_state_publisher' returned '0': PYTHONPATH=/home/ats/ats_sentry_ws/build/joint_state_publisher/prefix_override:/usr/lib/python3/dist-packages/colcon_core/task/python/colcon_distutils_commands:/home/ats/ats_sentry_ws/install/joint_state_publisher/lib/python3.10/site-packages:${PYTHONPATH} /usr/bin/python3 -W ignore:setup.py install is deprecated -W ignore:easy_install command is deprecated setup.py egg_info --egg-base ../../../../build/joint_state_publisher build --build-base /home/ats/ats_sentry_ws/build/joint_state_publisher/build install --record /home/ats/ats_sentry_ws/build/joint_state_publisher/install.log --single-version-externally-managed install_data
