-- The C compiler identification is GNU 11.4.0
-- The CXX compiler identification is GNU 11.4.0
-- Detecting C compiler ABI info
-- Detecting C compiler ABI info - done
-- Check for working C compiler: /usr/bin/cc - skipped
-- Detecting C compile features
-- Detecting C compile features - done
-- Detecting CXX compiler ABI info
-- Detecting CXX compiler ABI info - done
-- Check for working CXX compiler: /usr/bin/c++ - skipped
-- Detecting CXX compile features
-- Detecting CXX compile features - done
-- Found ament_cmake: 1.3.13 (/opt/ros/humble/share/ament_cmake/cmake)
-- Found Python3: /usr/bin/python3 (found version "3.10.12") found components: Interpreter 
-- Found rosidl_default_generators: 1.2.0 (/opt/ros/humble/share/rosidl_default_generators/cmake)
-- Using all available rosidl_typesupport_c: rosidl_typesupport_fastrtps_c;rosidl_typesupport_introspection_c
-- Found rosidl_adapter: 3.1.8 (/opt/ros/humble/share/rosidl_adapter/cmake)
-- Using all available rosidl_typesupport_cpp: rosidl_typesupport_fastrtps_cpp;rosidl_typesupport_introspection_cpp
-- Found geometry_msgs: 4.9.1 (/opt/ros/humble/share/geometry_msgs/cmake)
-- Found ament_cmake_ros: 0.10.0 (/opt/ros/humble/share/ament_cmake_ros/cmake)
-- Using all available rosidl_typesupport_c: rosidl_typesupport_fastrtps_c;rosidl_typesupport_introspection_c
-- Using all available rosidl_typesupport_cpp: rosidl_typesupport_fastrtps_cpp;rosidl_typesupport_introspection_cpp
-- Found PythonInterp: /usr/bin/python3 (found suitable version "3.10.12", minimum required is "3.6") 
-- Found python_cmake_module: 0.10.0 (/opt/ros/humble/share/python_cmake_module/cmake)
-- Found PythonLibs: /usr/lib/x86_64-linux-gnu/libpython3.10.so (found suitable version "3.10.12", minimum required is "3.5") 
-- Using PYTHON_EXECUTABLE: /usr/bin/python3
-- Using PYTHON_INCLUDE_DIRS: /usr/include/python3.10
-- Using PYTHON_LIBRARIES: /usr/lib/x86_64-linux-gnu/libpython3.10.so
-- Found PythonExtra: .so  
-- Configuring done
-- Generating done
-- Build files have been written to: /home/ats/ats_sentry_ws/build/pb_rm_interfaces
[  1%] Generating C code for ROS interfaces
[  1%] Generating C++ code for ROS interfaces
[  1%] Built target ament_cmake_python_copy_pb_rm_interfaces
running egg_info
creating pb_rm_interfaces.egg-info
writing manifest file 'pb_rm_interfaces.egg-info/SOURCES.txt'
writing manifest file 'pb_rm_interfaces.egg-info/SOURCES.txt'
[  1%] Built target ament_cmake_python_build_pb_rm_interfaces_egg
[  1%] Built target pb_rm_interfaces__cpp
[  2%] Building C object CMakeFiles/pb_rm_interfaces__rosidl_generator_c.dir/rosidl_generator_c/pb_rm_interfaces/msg/detail/game_robot_hp__functions.c.o
[  3%] Building C object CMakeFiles/pb_rm_interfaces__rosidl_generator_c.dir/rosidl_generator_c/pb_rm_interfaces/msg/detail/rfid_status__functions.c.o
[  4%] Building C object CMakeFiles/pb_rm_interfaces__rosidl_generator_c.dir/rosidl_generator_c/pb_rm_interfaces/msg/detail/robot_status__functions.c.o
[  4%] Building C object CMakeFiles/pb_rm_interfaces__rosidl_generator_c.dir/rosidl_generator_c/pb_rm_interfaces/msg/detail/gimbal__functions.c.o
[  5%] Building C object CMakeFiles/pb_rm_interfaces__rosidl_generator_c.dir/rosidl_generator_c/pb_rm_interfaces/msg/detail/gimbal_cmd__functions.c.o
[  6%] Building C object CMakeFiles/pb_rm_interfaces__rosidl_generator_c.dir/rosidl_generator_c/pb_rm_interfaces/msg/detail/models__functions.c.o
[  7%] Building C object CMakeFiles/pb_rm_interfaces__rosidl_generator_c.dir/rosidl_generator_c/pb_rm_interfaces/msg/detail/buff__functions.c.o
[  8%] Building C object CMakeFiles/pb_rm_interfaces__rosidl_generator_c.dir/rosidl_generator_c/pb_rm_interfaces/msg/detail/event_data__functions.c.o
[  9%] Building C object CMakeFiles/pb_rm_interfaces__rosidl_generator_c.dir/rosidl_generator_c/pb_rm_interfaces/msg/detail/game_status__functions.c.o
[ 10%] Building C object CMakeFiles/pb_rm_interfaces__rosidl_generator_c.dir/rosidl_generator_c/pb_rm_interfaces/msg/detail/robot_state_info__functions.c.o
[ 11%] Building C object CMakeFiles/pb_rm_interfaces__rosidl_generator_c.dir/rosidl_generator_c/pb_rm_interfaces/msg/detail/ground_robot_position__functions.c.o
[ 12%] Generating C++ type support dispatch for ROS interfaces
[ 12%] Generating C++ type support for eProsima Fast-RTPS
[ 13%] Generating C++ introspection for ROS interfaces
[ 14%] Linking C shared library libpb_rm_interfaces__rosidl_generator_c.so
[ 14%] Built target pb_rm_interfaces__rosidl_generator_c
[ 15%] Generating C type support for eProsima Fast-RTPS
[ 16%] Generating C introspection for ROS interfaces
[ 17%] Generating C type support dispatch for ROS interfaces
[ 18%] Building CXX object CMakeFiles/pb_rm_interfaces__rosidl_typesupport_cpp.dir/rosidl_typesupport_cpp/pb_rm_interfaces/msg/buff__type_support.cpp.o
[ 19%] Building CXX object CMakeFiles/pb_rm_interfaces__rosidl_typesupport_cpp.dir/rosidl_typesupport_cpp/pb_rm_interfaces/msg/game_status__type_support.cpp.o
[ 20%] Building CXX object CMakeFiles/pb_rm_interfaces__rosidl_typesupport_cpp.dir/rosidl_typesupport_cpp/pb_rm_interfaces/msg/ground_robot_position__type_support.cpp.o
[ 20%] Building CXX object CMakeFiles/pb_rm_interfaces__rosidl_typesupport_cpp.dir/rosidl_typesupport_cpp/pb_rm_interfaces/msg/gimbal__type_support.cpp.o
[ 21%] Building CXX object CMakeFiles/pb_rm_interfaces__rosidl_typesupport_cpp.dir/rosidl_typesupport_cpp/pb_rm_interfaces/msg/rfid_status__type_support.cpp.o
[ 22%] Building CXX object CMakeFiles/pb_rm_interfaces__rosidl_typesupport_cpp.dir/rosidl_typesupport_cpp/pb_rm_interfaces/msg/game_robot_hp__type_support.cpp.o
[ 23%] Building CXX object CMakeFiles/pb_rm_interfaces__rosidl_typesupport_cpp.dir/rosidl_typesupport_cpp/pb_rm_interfaces/msg/event_data__type_support.cpp.o
[ 24%] Building CXX object CMakeFiles/pb_rm_interfaces__rosidl_typesupport_cpp.dir/rosidl_typesupport_cpp/pb_rm_interfaces/msg/robot_status__type_support.cpp.o
[ 26%] Building CXX object CMakeFiles/pb_rm_interfaces__rosidl_typesupport_cpp.dir/rosidl_typesupport_cpp/pb_rm_interfaces/msg/gimbal_cmd__type_support.cpp.o
[ 26%] Building CXX object CMakeFiles/pb_rm_interfaces__rosidl_typesupport_cpp.dir/rosidl_typesupport_cpp/pb_rm_interfaces/msg/models__type_support.cpp.o
[ 27%] Building CXX object CMakeFiles/pb_rm_interfaces__rosidl_typesupport_cpp.dir/rosidl_typesupport_cpp/pb_rm_interfaces/msg/robot_state_info__type_support.cpp.o
[ 28%] Building CXX object CMakeFiles/pb_rm_interfaces__rosidl_typesupport_introspection_cpp.dir/rosidl_typesupport_introspection_cpp/pb_rm_interfaces/msg/detail/buff__type_support.cpp.o
[ 29%] Building CXX object CMakeFiles/pb_rm_interfaces__rosidl_typesupport_introspection_cpp.dir/rosidl_typesupport_introspection_cpp/pb_rm_interfaces/msg/detail/game_robot_hp__type_support.cpp.o
[ 30%] Building CXX object CMakeFiles/pb_rm_interfaces__rosidl_typesupport_introspection_cpp.dir/rosidl_typesupport_introspection_cpp/pb_rm_interfaces/msg/detail/game_status__type_support.cpp.o
[ 30%] Building CXX object CMakeFiles/pb_rm_interfaces__rosidl_typesupport_introspection_cpp.dir/rosidl_typesupport_introspection_cpp/pb_rm_interfaces/msg/detail/event_data__type_support.cpp.o
[ 31%] Building CXX object CMakeFiles/pb_rm_interfaces__rosidl_typesupport_introspection_cpp.dir/rosidl_typesupport_introspection_cpp/pb_rm_interfaces/msg/detail/robot_status__type_support.cpp.o
[ 32%] Building CXX object CMakeFiles/pb_rm_interfaces__rosidl_typesupport_introspection_cpp.dir/rosidl_typesupport_introspection_cpp/pb_rm_interfaces/msg/detail/rfid_status__type_support.cpp.o
[ 33%] Building CXX object CMakeFiles/pb_rm_interfaces__rosidl_typesupport_introspection_cpp.dir/rosidl_typesupport_introspection_cpp/pb_rm_interfaces/msg/detail/gimbal__type_support.cpp.o
[ 36%] Building CXX object CMakeFiles/pb_rm_interfaces__rosidl_typesupport_introspection_cpp.dir/rosidl_typesupport_introspection_cpp/pb_rm_interfaces/msg/detail/robot_state_info__type_support.cpp.o
[ 36%] Building CXX object CMakeFiles/pb_rm_interfaces__rosidl_typesupport_introspection_cpp.dir/rosidl_typesupport_introspection_cpp/pb_rm_interfaces/msg/detail/gimbal_cmd__type_support.cpp.o
[ 34%] Building CXX object CMakeFiles/pb_rm_interfaces__rosidl_typesupport_introspection_cpp.dir/rosidl_typesupport_introspection_cpp/pb_rm_interfaces/msg/detail/ground_robot_position__type_support.cpp.o
[ 37%] Building CXX object CMakeFiles/pb_rm_interfaces__rosidl_typesupport_introspection_cpp.dir/rosidl_typesupport_introspection_cpp/pb_rm_interfaces/msg/detail/models__type_support.cpp.o
[ 38%] Building CXX object CMakeFiles/pb_rm_interfaces__rosidl_typesupport_c.dir/rosidl_typesupport_c/pb_rm_interfaces/msg/buff__type_support.cpp.o
[ 39%] Building CXX object CMakeFiles/pb_rm_interfaces__rosidl_typesupport_c.dir/rosidl_typesupport_c/pb_rm_interfaces/msg/ground_robot_position__type_support.cpp.o
[ 39%] Building CXX object CMakeFiles/pb_rm_interfaces__rosidl_typesupport_c.dir/rosidl_typesupport_c/pb_rm_interfaces/msg/game_robot_hp__type_support.cpp.o
[ 40%] Building CXX object CMakeFiles/pb_rm_interfaces__rosidl_typesupport_c.dir/rosidl_typesupport_c/pb_rm_interfaces/msg/game_status__type_support.cpp.o
[ 41%] Building CXX object CMakeFiles/pb_rm_interfaces__rosidl_typesupport_c.dir/rosidl_typesupport_c/pb_rm_interfaces/msg/rfid_status__type_support.cpp.o
[ 42%] Building CXX object CMakeFiles/pb_rm_interfaces__rosidl_typesupport_c.dir/rosidl_typesupport_c/pb_rm_interfaces/msg/event_data__type_support.cpp.o
[ 43%] Building CXX object CMakeFiles/pb_rm_interfaces__rosidl_typesupport_c.dir/rosidl_typesupport_c/pb_rm_interfaces/msg/robot_status__type_support.cpp.o
[ 44%] Building CXX object CMakeFiles/pb_rm_interfaces__rosidl_typesupport_fastrtps_cpp.dir/rosidl_typesupport_fastrtps_cpp/pb_rm_interfaces/msg/detail/dds_fastrtps/game_robot_hp__type_support.cpp.o
[ 45%] Building CXX object CMakeFiles/pb_rm_interfaces__rosidl_typesupport_fastrtps_cpp.dir/rosidl_typesupport_fastrtps_cpp/pb_rm_interfaces/msg/detail/dds_fastrtps/event_data__type_support.cpp.o
[ 46%] Building CXX object CMakeFiles/pb_rm_interfaces__rosidl_typesupport_c.dir/rosidl_typesupport_c/pb_rm_interfaces/msg/gimbal__type_support.cpp.o
[ 47%] Building CXX object CMakeFiles/pb_rm_interfaces__rosidl_typesupport_c.dir/rosidl_typesupport_c/pb_rm_interfaces/msg/robot_state_info__type_support.cpp.o
[ 48%] Building CXX object CMakeFiles/pb_rm_interfaces__rosidl_typesupport_c.dir/rosidl_typesupport_c/pb_rm_interfaces/msg/gimbal_cmd__type_support.cpp.o
[ 49%] Building CXX object CMakeFiles/pb_rm_interfaces__rosidl_typesupport_c.dir/rosidl_typesupport_c/pb_rm_interfaces/msg/models__type_support.cpp.o
[ 50%] Building CXX object CMakeFiles/pb_rm_interfaces__rosidl_typesupport_fastrtps_cpp.dir/rosidl_typesupport_fastrtps_cpp/pb_rm_interfaces/msg/detail/dds_fastrtps/buff__type_support.cpp.o
[ 51%] Building CXX object CMakeFiles/pb_rm_interfaces__rosidl_typesupport_fastrtps_cpp.dir/rosidl_typesupport_fastrtps_cpp/pb_rm_interfaces/msg/detail/dds_fastrtps/game_status__type_support.cpp.o
[ 52%] Building CXX object CMakeFiles/pb_rm_interfaces__rosidl_typesupport_fastrtps_cpp.dir/rosidl_typesupport_fastrtps_cpp/pb_rm_interfaces/msg/detail/dds_fastrtps/ground_robot_position__type_support.cpp.o
[ 53%] Building CXX object CMakeFiles/pb_rm_interfaces__rosidl_typesupport_fastrtps_cpp.dir/rosidl_typesupport_fastrtps_cpp/pb_rm_interfaces/msg/detail/dds_fastrtps/robot_status__type_support.cpp.o
[ 54%] Building CXX object CMakeFiles/pb_rm_interfaces__rosidl_typesupport_fastrtps_cpp.dir/rosidl_typesupport_fastrtps_cpp/pb_rm_interfaces/msg/detail/dds_fastrtps/rfid_status__type_support.cpp.o
[ 55%] Building CXX object CMakeFiles/pb_rm_interfaces__rosidl_typesupport_fastrtps_cpp.dir/rosidl_typesupport_fastrtps_cpp/pb_rm_interfaces/msg/detail/dds_fastrtps/gimbal__type_support.cpp.o
[ 56%] Building CXX object CMakeFiles/pb_rm_interfaces__rosidl_typesupport_fastrtps_cpp.dir/rosidl_typesupport_fastrtps_cpp/pb_rm_interfaces/msg/detail/dds_fastrtps/gimbal_cmd__type_support.cpp.o
[ 56%] Building CXX object CMakeFiles/pb_rm_interfaces__rosidl_typesupport_fastrtps_cpp.dir/rosidl_typesupport_fastrtps_cpp/pb_rm_interfaces/msg/detail/dds_fastrtps/models__type_support.cpp.o
[ 57%] Linking CXX shared library libpb_rm_interfaces__rosidl_typesupport_c.so
[ 58%] Building CXX object CMakeFiles/pb_rm_interfaces__rosidl_typesupport_fastrtps_cpp.dir/rosidl_typesupport_fastrtps_cpp/pb_rm_interfaces/msg/detail/dds_fastrtps/robot_state_info__type_support.cpp.o
[ 59%] Linking CXX shared library libpb_rm_interfaces__rosidl_typesupport_cpp.so
[ 61%] Building CXX object CMakeFiles/pb_rm_interfaces__rosidl_typesupport_fastrtps_c.dir/rosidl_typesupport_fastrtps_c/pb_rm_interfaces/msg/detail/buff__type_support_c.cpp.o
[ 62%] Building CXX object CMakeFiles/pb_rm_interfaces__rosidl_typesupport_fastrtps_c.dir/rosidl_typesupport_fastrtps_c/pb_rm_interfaces/msg/detail/event_data__type_support_c.cpp.o
[ 62%] Building CXX object CMakeFiles/pb_rm_interfaces__rosidl_typesupport_fastrtps_c.dir/rosidl_typesupport_fastrtps_c/pb_rm_interfaces/msg/detail/game_robot_hp__type_support_c.cpp.o
[ 63%] Building C object CMakeFiles/pb_rm_interfaces__rosidl_typesupport_introspection_c.dir/rosidl_typesupport_introspection_c/pb_rm_interfaces/msg/detail/buff__type_support.c.o
[ 64%] Building C object CMakeFiles/pb_rm_interfaces__rosidl_typesupport_introspection_c.dir/rosidl_typesupport_introspection_c/pb_rm_interfaces/msg/detail/event_data__type_support.c.o
[ 65%] Building CXX object CMakeFiles/pb_rm_interfaces__rosidl_typesupport_fastrtps_c.dir/rosidl_typesupport_fastrtps_c/pb_rm_interfaces/msg/detail/game_status__type_support_c.cpp.o
[ 66%] Building C object CMakeFiles/pb_rm_interfaces__rosidl_typesupport_introspection_c.dir/rosidl_typesupport_introspection_c/pb_rm_interfaces/msg/detail/game_robot_hp__type_support.c.o
[ 66%] Built target pb_rm_interfaces__rosidl_typesupport_c
[ 66%] Building CXX object CMakeFiles/pb_rm_interfaces__rosidl_typesupport_fastrtps_c.dir/rosidl_typesupport_fastrtps_c/pb_rm_interfaces/msg/detail/ground_robot_position__type_support_c.cpp.o
[ 67%] Building C object CMakeFiles/pb_rm_interfaces__rosidl_typesupport_introspection_c.dir/rosidl_typesupport_introspection_c/pb_rm_interfaces/msg/detail/game_status__type_support.c.o
[ 68%] Building CXX object CMakeFiles/pb_rm_interfaces__rosidl_typesupport_fastrtps_c.dir/rosidl_typesupport_fastrtps_c/pb_rm_interfaces/msg/detail/rfid_status__type_support_c.cpp.o
[ 68%] Built target pb_rm_interfaces__rosidl_typesupport_cpp
[ 69%] Building CXX object CMakeFiles/pb_rm_interfaces__rosidl_typesupport_fastrtps_c.dir/rosidl_typesupport_fastrtps_c/pb_rm_interfaces/msg/detail/robot_status__type_support_c.cpp.o
[ 70%] Building CXX object CMakeFiles/pb_rm_interfaces__rosidl_typesupport_fastrtps_c.dir/rosidl_typesupport_fastrtps_c/pb_rm_interfaces/msg/detail/gimbal__type_support_c.cpp.o
[ 71%] Building C object CMakeFiles/pb_rm_interfaces__rosidl_typesupport_introspection_c.dir/rosidl_typesupport_introspection_c/pb_rm_interfaces/msg/detail/ground_robot_position__type_support.c.o
[ 71%] Building C object CMakeFiles/pb_rm_interfaces__rosidl_typesupport_introspection_c.dir/rosidl_typesupport_introspection_c/pb_rm_interfaces/msg/detail/robot_status__type_support.c.o
[ 72%] Building C object CMakeFiles/pb_rm_interfaces__rosidl_typesupport_introspection_c.dir/rosidl_typesupport_introspection_c/pb_rm_interfaces/msg/detail/rfid_status__type_support.c.o
[ 73%] Building C object CMakeFiles/pb_rm_interfaces__rosidl_typesupport_introspection_c.dir/rosidl_typesupport_introspection_c/pb_rm_interfaces/msg/detail/gimbal__type_support.c.o
[ 74%] Building C object CMakeFiles/pb_rm_interfaces__rosidl_typesupport_introspection_c.dir/rosidl_typesupport_introspection_c/pb_rm_interfaces/msg/detail/gimbal_cmd__type_support.c.o
[ 75%] Building CXX object CMakeFiles/pb_rm_interfaces__rosidl_typesupport_fastrtps_c.dir/rosidl_typesupport_fastrtps_c/pb_rm_interfaces/msg/detail/gimbal_cmd__type_support_c.cpp.o
[ 76%] Building CXX object CMakeFiles/pb_rm_interfaces__rosidl_typesupport_fastrtps_c.dir/rosidl_typesupport_fastrtps_c/pb_rm_interfaces/msg/detail/models__type_support_c.cpp.o
[ 77%] Building CXX object CMakeFiles/pb_rm_interfaces__rosidl_typesupport_fastrtps_c.dir/rosidl_typesupport_fastrtps_c/pb_rm_interfaces/msg/detail/robot_state_info__type_support_c.cpp.o
[ 78%] Building C object CMakeFiles/pb_rm_interfaces__rosidl_typesupport_introspection_c.dir/rosidl_typesupport_introspection_c/pb_rm_interfaces/msg/detail/models__type_support.c.o
[ 79%] Building C object CMakeFiles/pb_rm_interfaces__rosidl_typesupport_introspection_c.dir/rosidl_typesupport_introspection_c/pb_rm_interfaces/msg/detail/robot_state_info__type_support.c.o
[ 80%] Linking C shared library libpb_rm_interfaces__rosidl_typesupport_introspection_c.so
[ 81%] Linking CXX shared library libpb_rm_interfaces__rosidl_typesupport_introspection_cpp.so
[ 81%] Built target pb_rm_interfaces__rosidl_typesupport_introspection_c
[ 81%] Built target pb_rm_interfaces__rosidl_typesupport_introspection_cpp
[ 82%] Linking CXX shared library libpb_rm_interfaces__rosidl_typesupport_fastrtps_cpp.so
[ 83%] Linking CXX shared library libpb_rm_interfaces__rosidl_typesupport_fastrtps_c.so
[ 83%] Built target pb_rm_interfaces__rosidl_typesupport_fastrtps_cpp
[ 83%] Built target pb_rm_interfaces__rosidl_typesupport_fastrtps_c
[ 83%] Built target pb_rm_interfaces
[ 84%] Generating Python code for ROS interfaces
[ 84%] Built target pb_rm_interfaces__py
[ 85%] Building C object CMakeFiles/pb_rm_interfaces__rosidl_generator_py.dir/rosidl_generator_py/pb_rm_interfaces/msg/_robot_status_s.c.o
[ 86%] Building C object CMakeFiles/pb_rm_interfaces__rosidl_generator_py.dir/rosidl_generator_py/pb_rm_interfaces/msg/_ground_robot_position_s.c.o
[ 87%] Building C object CMakeFiles/pb_rm_interfaces__rosidl_generator_py.dir/rosidl_generator_py/pb_rm_interfaces/msg/_buff_s.c.o
[ 88%] Building C object CMakeFiles/pb_rm_interfaces__rosidl_generator_py.dir/rosidl_generator_py/pb_rm_interfaces/msg/_event_data_s.c.o
[ 89%] Building C object CMakeFiles/pb_rm_interfaces__rosidl_generator_py.dir/rosidl_generator_py/pb_rm_interfaces/msg/_robot_state_info_s.c.o
[ 91%] Building C object CMakeFiles/pb_rm_interfaces__rosidl_generator_py.dir/rosidl_generator_py/pb_rm_interfaces/msg/_game_robot_hp_s.c.o
[ 91%] Building C object CMakeFiles/pb_rm_interfaces__rosidl_generator_py.dir/rosidl_generator_py/pb_rm_interfaces/msg/_game_status_s.c.o
[ 91%] Building C object CMakeFiles/pb_rm_interfaces__rosidl_generator_py.dir/rosidl_generator_py/pb_rm_interfaces/msg/_rfid_status_s.c.o
[ 92%] Building C object CMakeFiles/pb_rm_interfaces__rosidl_generator_py.dir/rosidl_generator_py/pb_rm_interfaces/msg/_gimbal_s.c.o
[ 93%] Building C object CMakeFiles/pb_rm_interfaces__rosidl_generator_py.dir/rosidl_generator_py/pb_rm_interfaces/msg/_models_s.c.o
[ 94%] Building C object CMakeFiles/pb_rm_interfaces__rosidl_generator_py.dir/rosidl_generator_py/pb_rm_interfaces/msg/_gimbal_cmd_s.c.o
[ 95%] Linking C shared library rosidl_generator_py/pb_rm_interfaces/libpb_rm_interfaces__rosidl_generator_py.so
[ 95%] Built target pb_rm_interfaces__rosidl_generator_py
[ 96%] Building C object CMakeFiles/pb_rm_interfaces__rosidl_typesupport_fastrtps_c__pyext.dir/rosidl_generator_py/pb_rm_interfaces/_pb_rm_interfaces_s.ep.rosidl_typesupport_fastrtps_c.c.o
[ 97%] Building C object CMakeFiles/pb_rm_interfaces__rosidl_typesupport_introspection_c__pyext.dir/rosidl_generator_py/pb_rm_interfaces/_pb_rm_interfaces_s.ep.rosidl_typesupport_introspection_c.c.o
[ 97%] Building C object CMakeFiles/pb_rm_interfaces__rosidl_typesupport_c__pyext.dir/rosidl_generator_py/pb_rm_interfaces/_pb_rm_interfaces_s.ep.rosidl_typesupport_c.c.o
[ 98%] Linking C shared library rosidl_generator_py/pb_rm_interfaces/pb_rm_interfaces_s__rosidl_typesupport_fastrtps_c.cpython-310-x86_64-linux-gnu.so
[ 99%] Linking C shared library rosidl_generator_py/pb_rm_interfaces/pb_rm_interfaces_s__rosidl_typesupport_introspection_c.cpython-310-x86_64-linux-gnu.so
[100%] Linking C shared library rosidl_generator_py/pb_rm_interfaces/pb_rm_interfaces_s__rosidl_typesupport_c.cpython-310-x86_64-linux-gnu.so
[100%] Built target pb_rm_interfaces__rosidl_typesupport_fastrtps_c__pyext
[100%] Built target pb_rm_interfaces__rosidl_typesupport_introspection_c__pyext
[100%] Built target pb_rm_interfaces__rosidl_typesupport_c__pyext
-- Install configuration: ""
-- Installing: /home/ats/ats_sentry_ws/install/pb_rm_interfaces/share/ament_index/resource_index/rosidl_interfaces/pb_rm_interfaces
-- Installing: /home/ats/ats_sentry_ws/install/pb_rm_interfaces/include/pb_rm_interfaces/pb_rm_interfaces
-- Installing: /home/ats/ats_sentry_ws/install/pb_rm_interfaces/include/pb_rm_interfaces/pb_rm_interfaces/msg
-- Installing: /home/ats/ats_sentry_ws/install/pb_rm_interfaces/include/pb_rm_interfaces/pb_rm_interfaces/msg/game_robot_hp.h
-- Installing: /home/ats/ats_sentry_ws/install/pb_rm_interfaces/include/pb_rm_interfaces/pb_rm_interfaces/msg/gimbal.h
-- Installing: /home/ats/ats_sentry_ws/install/pb_rm_interfaces/include/pb_rm_interfaces/pb_rm_interfaces/msg/ground_robot_position.h
-- Installing: /home/ats/ats_sentry_ws/install/pb_rm_interfaces/include/pb_rm_interfaces/pb_rm_interfaces/msg/game_status.h
-- Installing: /home/ats/ats_sentry_ws/install/pb_rm_interfaces/include/pb_rm_interfaces/pb_rm_interfaces/msg/buff.h
-- Installing: /home/ats/ats_sentry_ws/install/pb_rm_interfaces/include/pb_rm_interfaces/pb_rm_interfaces/msg/rfid_status.h
-- Installing: /home/ats/ats_sentry_ws/install/pb_rm_interfaces/include/pb_rm_interfaces/pb_rm_interfaces/msg/robot_state_info.h
-- Installing: /home/ats/ats_sentry_ws/install/pb_rm_interfaces/include/pb_rm_interfaces/pb_rm_interfaces/msg/detail
-- Installing: /home/ats/ats_sentry_ws/install/pb_rm_interfaces/include/pb_rm_interfaces/pb_rm_interfaces/msg/detail/robot_state_info__functions.c
-- Installing: /home/ats/ats_sentry_ws/install/pb_rm_interfaces/include/pb_rm_interfaces/pb_rm_interfaces/msg/detail/buff__type_support.h
-- Installing: /home/ats/ats_sentry_ws/install/pb_rm_interfaces/include/pb_rm_interfaces/pb_rm_interfaces/msg/detail/rfid_status__struct.h
-- Installing: /home/ats/ats_sentry_ws/install/pb_rm_interfaces/include/pb_rm_interfaces/pb_rm_interfaces/msg/detail/event_data__struct.h
-- Installing: /home/ats/ats_sentry_ws/install/pb_rm_interfaces/include/pb_rm_interfaces/pb_rm_interfaces/msg/detail/game_status__struct.h
-- Installing: /home/ats/ats_sentry_ws/install/pb_rm_interfaces/include/pb_rm_interfaces/pb_rm_interfaces/msg/detail/game_status__functions.c
-- Installing: /home/ats/ats_sentry_ws/install/pb_rm_interfaces/include/pb_rm_interfaces/pb_rm_interfaces/msg/detail/robot_status__functions.c
-- Installing: /home/ats/ats_sentry_ws/install/pb_rm_interfaces/include/pb_rm_interfaces/pb_rm_interfaces/msg/detail/game_robot_hp__functions.h
-- Installing: /home/ats/ats_sentry_ws/install/pb_rm_interfaces/include/pb_rm_interfaces/pb_rm_interfaces/msg/detail/ground_robot_position__functions.c
-- Installing: /home/ats/ats_sentry_ws/install/pb_rm_interfaces/include/pb_rm_interfaces/pb_rm_interfaces/msg/detail/gimbal_cmd__struct.h
-- Installing: /home/ats/ats_sentry_ws/install/pb_rm_interfaces/include/pb_rm_interfaces/pb_rm_interfaces/msg/detail/models__type_support.h
-- Installing: /home/ats/ats_sentry_ws/install/pb_rm_interfaces/include/pb_rm_interfaces/pb_rm_interfaces/msg/detail/ground_robot_position__struct.h
-- Installing: /home/ats/ats_sentry_ws/install/pb_rm_interfaces/include/pb_rm_interfaces/pb_rm_interfaces/msg/detail/rfid_status__type_support.h
-- Installing: /home/ats/ats_sentry_ws/install/pb_rm_interfaces/include/pb_rm_interfaces/pb_rm_interfaces/msg/detail/gimbal__type_support.h
-- Installing: /home/ats/ats_sentry_ws/install/pb_rm_interfaces/include/pb_rm_interfaces/pb_rm_interfaces/msg/detail/gimbal_cmd__type_support.h
-- Installing: /home/ats/ats_sentry_ws/install/pb_rm_interfaces/include/pb_rm_interfaces/pb_rm_interfaces/msg/detail/gimbal__functions.c
-- Installing: /home/ats/ats_sentry_ws/install/pb_rm_interfaces/include/pb_rm_interfaces/pb_rm_interfaces/msg/detail/rfid_status__functions.h
-- Installing: /home/ats/ats_sentry_ws/install/pb_rm_interfaces/include/pb_rm_interfaces/pb_rm_interfaces/msg/detail/models__struct.h
-- Installing: /home/ats/ats_sentry_ws/install/pb_rm_interfaces/include/pb_rm_interfaces/pb_rm_interfaces/msg/detail/buff__struct.h
-- Installing: /home/ats/ats_sentry_ws/install/pb_rm_interfaces/include/pb_rm_interfaces/pb_rm_interfaces/msg/detail/rfid_status__functions.c
-- Installing: /home/ats/ats_sentry_ws/install/pb_rm_interfaces/include/pb_rm_interfaces/pb_rm_interfaces/msg/detail/gimbal__functions.h
-- Installing: /home/ats/ats_sentry_ws/install/pb_rm_interfaces/include/pb_rm_interfaces/pb_rm_interfaces/msg/detail/gimbal_cmd__functions.h
-- Installing: /home/ats/ats_sentry_ws/install/pb_rm_interfaces/include/pb_rm_interfaces/pb_rm_interfaces/msg/detail/game_robot_hp__functions.c
-- Installing: /home/ats/ats_sentry_ws/install/pb_rm_interfaces/include/pb_rm_interfaces/pb_rm_interfaces/msg/detail/gimbal__struct.h
-- Installing: /home/ats/ats_sentry_ws/install/pb_rm_interfaces/include/pb_rm_interfaces/pb_rm_interfaces/msg/detail/robot_status__functions.h
-- Installing: /home/ats/ats_sentry_ws/install/pb_rm_interfaces/include/pb_rm_interfaces/pb_rm_interfaces/msg/detail/game_robot_hp__type_support.h
-- Installing: /home/ats/ats_sentry_ws/install/pb_rm_interfaces/include/pb_rm_interfaces/pb_rm_interfaces/msg/detail/game_status__type_support.h
-- Installing: /home/ats/ats_sentry_ws/install/pb_rm_interfaces/include/pb_rm_interfaces/pb_rm_interfaces/msg/detail/robot_status__type_support.h
-- Installing: /home/ats/ats_sentry_ws/install/pb_rm_interfaces/include/pb_rm_interfaces/pb_rm_interfaces/msg/detail/event_data__type_support.h
-- Installing: /home/ats/ats_sentry_ws/install/pb_rm_interfaces/include/pb_rm_interfaces/pb_rm_interfaces/msg/detail/robot_state_info__functions.h
-- Installing: /home/ats/ats_sentry_ws/install/pb_rm_interfaces/include/pb_rm_interfaces/pb_rm_interfaces/msg/detail/robot_state_info__struct.h
-- Installing: /home/ats/ats_sentry_ws/install/pb_rm_interfaces/include/pb_rm_interfaces/pb_rm_interfaces/msg/detail/game_status__functions.h
-- Installing: /home/ats/ats_sentry_ws/install/pb_rm_interfaces/include/pb_rm_interfaces/pb_rm_interfaces/msg/detail/event_data__functions.c
-- Installing: /home/ats/ats_sentry_ws/install/pb_rm_interfaces/include/pb_rm_interfaces/pb_rm_interfaces/msg/detail/robot_state_info__type_support.h
-- Installing: /home/ats/ats_sentry_ws/install/pb_rm_interfaces/include/pb_rm_interfaces/pb_rm_interfaces/msg/detail/buff__functions.h
-- Installing: /home/ats/ats_sentry_ws/install/pb_rm_interfaces/include/pb_rm_interfaces/pb_rm_interfaces/msg/detail/ground_robot_position__type_support.h
-- Installing: /home/ats/ats_sentry_ws/install/pb_rm_interfaces/include/pb_rm_interfaces/pb_rm_interfaces/msg/detail/ground_robot_position__functions.h
-- Installing: /home/ats/ats_sentry_ws/install/pb_rm_interfaces/include/pb_rm_interfaces/pb_rm_interfaces/msg/detail/event_data__functions.h
-- Installing: /home/ats/ats_sentry_ws/install/pb_rm_interfaces/include/pb_rm_interfaces/pb_rm_interfaces/msg/detail/game_robot_hp__struct.h
-- Installing: /home/ats/ats_sentry_ws/install/pb_rm_interfaces/include/pb_rm_interfaces/pb_rm_interfaces/msg/detail/robot_status__struct.h
-- Installing: /home/ats/ats_sentry_ws/install/pb_rm_interfaces/include/pb_rm_interfaces/pb_rm_interfaces/msg/detail/models__functions.c
-- Installing: /home/ats/ats_sentry_ws/install/pb_rm_interfaces/include/pb_rm_interfaces/pb_rm_interfaces/msg/detail/buff__functions.c
-- Installing: /home/ats/ats_sentry_ws/install/pb_rm_interfaces/include/pb_rm_interfaces/pb_rm_interfaces/msg/detail/gimbal_cmd__functions.c
-- Installing: /home/ats/ats_sentry_ws/install/pb_rm_interfaces/include/pb_rm_interfaces/pb_rm_interfaces/msg/detail/models__functions.h
-- Installing: /home/ats/ats_sentry_ws/install/pb_rm_interfaces/include/pb_rm_interfaces/pb_rm_interfaces/msg/event_data.h
-- Installing: /home/ats/ats_sentry_ws/install/pb_rm_interfaces/include/pb_rm_interfaces/pb_rm_interfaces/msg/robot_status.h
-- Installing: /home/ats/ats_sentry_ws/install/pb_rm_interfaces/include/pb_rm_interfaces/pb_rm_interfaces/msg/gimbal_cmd.h
-- Installing: /home/ats/ats_sentry_ws/install/pb_rm_interfaces/include/pb_rm_interfaces/pb_rm_interfaces/msg/rosidl_generator_c__visibility_control.h
-- Installing: /home/ats/ats_sentry_ws/install/pb_rm_interfaces/include/pb_rm_interfaces/pb_rm_interfaces/msg/models.h
-- Installing: /home/ats/ats_sentry_ws/install/pb_rm_interfaces/share/pb_rm_interfaces/environment/library_path.sh
-- Installing: /home/ats/ats_sentry_ws/install/pb_rm_interfaces/share/pb_rm_interfaces/environment/library_path.dsv
-- Installing: /home/ats/ats_sentry_ws/install/pb_rm_interfaces/lib/libpb_rm_interfaces__rosidl_generator_c.so
-- Set runtime path of "/home/ats/ats_sentry_ws/install/pb_rm_interfaces/lib/libpb_rm_interfaces__rosidl_generator_c.so" to ""
-- Up-to-date: /home/ats/ats_sentry_ws/install/pb_rm_interfaces/include/pb_rm_interfaces/pb_rm_interfaces
-- Up-to-date: /home/ats/ats_sentry_ws/install/pb_rm_interfaces/include/pb_rm_interfaces/pb_rm_interfaces/msg
-- Up-to-date: /home/ats/ats_sentry_ws/install/pb_rm_interfaces/include/pb_rm_interfaces/pb_rm_interfaces/msg/detail
-- Installing: /home/ats/ats_sentry_ws/install/pb_rm_interfaces/include/pb_rm_interfaces/pb_rm_interfaces/msg/detail/rfid_status__rosidl_typesupport_fastrtps_c.h
-- Installing: /home/ats/ats_sentry_ws/install/pb_rm_interfaces/include/pb_rm_interfaces/pb_rm_interfaces/msg/detail/event_data__rosidl_typesupport_fastrtps_c.h
-- Installing: /home/ats/ats_sentry_ws/install/pb_rm_interfaces/include/pb_rm_interfaces/pb_rm_interfaces/msg/detail/buff__rosidl_typesupport_fastrtps_c.h
-- Installing: /home/ats/ats_sentry_ws/install/pb_rm_interfaces/include/pb_rm_interfaces/pb_rm_interfaces/msg/detail/gimbal__rosidl_typesupport_fastrtps_c.h
-- Installing: /home/ats/ats_sentry_ws/install/pb_rm_interfaces/include/pb_rm_interfaces/pb_rm_interfaces/msg/detail/ground_robot_position__rosidl_typesupport_fastrtps_c.h
-- Installing: /home/ats/ats_sentry_ws/install/pb_rm_interfaces/include/pb_rm_interfaces/pb_rm_interfaces/msg/detail/models__rosidl_typesupport_fastrtps_c.h
-- Installing: /home/ats/ats_sentry_ws/install/pb_rm_interfaces/include/pb_rm_interfaces/pb_rm_interfaces/msg/detail/robot_status__rosidl_typesupport_fastrtps_c.h
-- Installing: /home/ats/ats_sentry_ws/install/pb_rm_interfaces/include/pb_rm_interfaces/pb_rm_interfaces/msg/detail/gimbal_cmd__rosidl_typesupport_fastrtps_c.h
-- Installing: /home/ats/ats_sentry_ws/install/pb_rm_interfaces/include/pb_rm_interfaces/pb_rm_interfaces/msg/detail/robot_state_info__rosidl_typesupport_fastrtps_c.h
-- Installing: /home/ats/ats_sentry_ws/install/pb_rm_interfaces/include/pb_rm_interfaces/pb_rm_interfaces/msg/detail/game_robot_hp__rosidl_typesupport_fastrtps_c.h
-- Installing: /home/ats/ats_sentry_ws/install/pb_rm_interfaces/include/pb_rm_interfaces/pb_rm_interfaces/msg/detail/game_status__rosidl_typesupport_fastrtps_c.h
-- Installing: /home/ats/ats_sentry_ws/install/pb_rm_interfaces/include/pb_rm_interfaces/pb_rm_interfaces/msg/rosidl_typesupport_fastrtps_c__visibility_control.h
-- Installing: /home/ats/ats_sentry_ws/install/pb_rm_interfaces/lib/libpb_rm_interfaces__rosidl_typesupport_fastrtps_c.so
-- Set runtime path of "/home/ats/ats_sentry_ws/install/pb_rm_interfaces/lib/libpb_rm_interfaces__rosidl_typesupport_fastrtps_c.so" to ""
-- Up-to-date: /home/ats/ats_sentry_ws/install/pb_rm_interfaces/include/pb_rm_interfaces/pb_rm_interfaces
-- Up-to-date: /home/ats/ats_sentry_ws/install/pb_rm_interfaces/include/pb_rm_interfaces/pb_rm_interfaces/msg
-- Up-to-date: /home/ats/ats_sentry_ws/install/pb_rm_interfaces/include/pb_rm_interfaces/pb_rm_interfaces/msg/detail
-- Installing: /home/ats/ats_sentry_ws/install/pb_rm_interfaces/include/pb_rm_interfaces/pb_rm_interfaces/msg/detail/game_robot_hp__type_support.c
-- Installing: /home/ats/ats_sentry_ws/install/pb_rm_interfaces/include/pb_rm_interfaces/pb_rm_interfaces/msg/detail/buff__type_support.c
-- Installing: /home/ats/ats_sentry_ws/install/pb_rm_interfaces/include/pb_rm_interfaces/pb_rm_interfaces/msg/detail/gimbal_cmd__type_support.c
-- Installing: /home/ats/ats_sentry_ws/install/pb_rm_interfaces/include/pb_rm_interfaces/pb_rm_interfaces/msg/detail/rfid_status__type_support.c
-- Installing: /home/ats/ats_sentry_ws/install/pb_rm_interfaces/include/pb_rm_interfaces/pb_rm_interfaces/msg/detail/robot_status__rosidl_typesupport_introspection_c.h
-- Installing: /home/ats/ats_sentry_ws/install/pb_rm_interfaces/include/pb_rm_interfaces/pb_rm_interfaces/msg/detail/gimbal_cmd__rosidl_typesupport_introspection_c.h
-- Installing: /home/ats/ats_sentry_ws/install/pb_rm_interfaces/include/pb_rm_interfaces/pb_rm_interfaces/msg/detail/robot_state_info__type_support.c
-- Installing: /home/ats/ats_sentry_ws/install/pb_rm_interfaces/include/pb_rm_interfaces/pb_rm_interfaces/msg/detail/models__rosidl_typesupport_introspection_c.h
-- Installing: /home/ats/ats_sentry_ws/install/pb_rm_interfaces/include/pb_rm_interfaces/pb_rm_interfaces/msg/detail/gimbal__rosidl_typesupport_introspection_c.h
-- Installing: /home/ats/ats_sentry_ws/install/pb_rm_interfaces/include/pb_rm_interfaces/pb_rm_interfaces/msg/detail/game_status__rosidl_typesupport_introspection_c.h
-- Installing: /home/ats/ats_sentry_ws/install/pb_rm_interfaces/include/pb_rm_interfaces/pb_rm_interfaces/msg/detail/ground_robot_position__rosidl_typesupport_introspection_c.h
-- Installing: /home/ats/ats_sentry_ws/install/pb_rm_interfaces/include/pb_rm_interfaces/pb_rm_interfaces/msg/detail/event_data__rosidl_typesupport_introspection_c.h
-- Installing: /home/ats/ats_sentry_ws/install/pb_rm_interfaces/include/pb_rm_interfaces/pb_rm_interfaces/msg/detail/game_robot_hp__rosidl_typesupport_introspection_c.h
-- Installing: /home/ats/ats_sentry_ws/install/pb_rm_interfaces/include/pb_rm_interfaces/pb_rm_interfaces/msg/detail/models__type_support.c
-- Installing: /home/ats/ats_sentry_ws/install/pb_rm_interfaces/include/pb_rm_interfaces/pb_rm_interfaces/msg/detail/ground_robot_position__type_support.c
-- Installing: /home/ats/ats_sentry_ws/install/pb_rm_interfaces/include/pb_rm_interfaces/pb_rm_interfaces/msg/detail/robot_state_info__rosidl_typesupport_introspection_c.h
-- Installing: /home/ats/ats_sentry_ws/install/pb_rm_interfaces/include/pb_rm_interfaces/pb_rm_interfaces/msg/detail/game_status__type_support.c
-- Installing: /home/ats/ats_sentry_ws/install/pb_rm_interfaces/include/pb_rm_interfaces/pb_rm_interfaces/msg/detail/buff__rosidl_typesupport_introspection_c.h
-- Installing: /home/ats/ats_sentry_ws/install/pb_rm_interfaces/include/pb_rm_interfaces/pb_rm_interfaces/msg/detail/rfid_status__rosidl_typesupport_introspection_c.h
-- Installing: /home/ats/ats_sentry_ws/install/pb_rm_interfaces/include/pb_rm_interfaces/pb_rm_interfaces/msg/detail/robot_status__type_support.c
-- Installing: /home/ats/ats_sentry_ws/install/pb_rm_interfaces/include/pb_rm_interfaces/pb_rm_interfaces/msg/detail/gimbal__type_support.c
-- Installing: /home/ats/ats_sentry_ws/install/pb_rm_interfaces/include/pb_rm_interfaces/pb_rm_interfaces/msg/detail/event_data__type_support.c
-- Installing: /home/ats/ats_sentry_ws/install/pb_rm_interfaces/include/pb_rm_interfaces/pb_rm_interfaces/msg/rosidl_typesupport_introspection_c__visibility_control.h
-- Installing: /home/ats/ats_sentry_ws/install/pb_rm_interfaces/lib/libpb_rm_interfaces__rosidl_typesupport_introspection_c.so
-- Set runtime path of "/home/ats/ats_sentry_ws/install/pb_rm_interfaces/lib/libpb_rm_interfaces__rosidl_typesupport_introspection_c.so" to ""
-- Installing: /home/ats/ats_sentry_ws/install/pb_rm_interfaces/lib/libpb_rm_interfaces__rosidl_typesupport_c.so
-- Set runtime path of "/home/ats/ats_sentry_ws/install/pb_rm_interfaces/lib/libpb_rm_interfaces__rosidl_typesupport_c.so" to ""
-- Up-to-date: /home/ats/ats_sentry_ws/install/pb_rm_interfaces/include/pb_rm_interfaces/pb_rm_interfaces
-- Up-to-date: /home/ats/ats_sentry_ws/install/pb_rm_interfaces/include/pb_rm_interfaces/pb_rm_interfaces/msg
-- Installing: /home/ats/ats_sentry_ws/install/pb_rm_interfaces/include/pb_rm_interfaces/pb_rm_interfaces/msg/buff.hpp
-- Installing: /home/ats/ats_sentry_ws/install/pb_rm_interfaces/include/pb_rm_interfaces/pb_rm_interfaces/msg/robot_status.hpp
-- Installing: /home/ats/ats_sentry_ws/install/pb_rm_interfaces/include/pb_rm_interfaces/pb_rm_interfaces/msg/rosidl_generator_cpp__visibility_control.hpp
-- Installing: /home/ats/ats_sentry_ws/install/pb_rm_interfaces/include/pb_rm_interfaces/pb_rm_interfaces/msg/rfid_status.hpp
-- Installing: /home/ats/ats_sentry_ws/install/pb_rm_interfaces/include/pb_rm_interfaces/pb_rm_interfaces/msg/event_data.hpp
-- Up-to-date: /home/ats/ats_sentry_ws/install/pb_rm_interfaces/include/pb_rm_interfaces/pb_rm_interfaces/msg/detail
-- Installing: /home/ats/ats_sentry_ws/install/pb_rm_interfaces/include/pb_rm_interfaces/pb_rm_interfaces/msg/detail/game_status__builder.hpp
-- Installing: /home/ats/ats_sentry_ws/install/pb_rm_interfaces/include/pb_rm_interfaces/pb_rm_interfaces/msg/detail/robot_status__type_support.hpp
-- Installing: /home/ats/ats_sentry_ws/install/pb_rm_interfaces/include/pb_rm_interfaces/pb_rm_interfaces/msg/detail/rfid_status__type_support.hpp
-- Installing: /home/ats/ats_sentry_ws/install/pb_rm_interfaces/include/pb_rm_interfaces/pb_rm_interfaces/msg/detail/game_robot_hp__builder.hpp
-- Installing: /home/ats/ats_sentry_ws/install/pb_rm_interfaces/include/pb_rm_interfaces/pb_rm_interfaces/msg/detail/gimbal__struct.hpp
-- Installing: /home/ats/ats_sentry_ws/install/pb_rm_interfaces/include/pb_rm_interfaces/pb_rm_interfaces/msg/detail/robot_state_info__traits.hpp
-- Installing: /home/ats/ats_sentry_ws/install/pb_rm_interfaces/include/pb_rm_interfaces/pb_rm_interfaces/msg/detail/ground_robot_position__struct.hpp
-- Installing: /home/ats/ats_sentry_ws/install/pb_rm_interfaces/include/pb_rm_interfaces/pb_rm_interfaces/msg/detail/game_status__type_support.hpp
-- Installing: /home/ats/ats_sentry_ws/install/pb_rm_interfaces/include/pb_rm_interfaces/pb_rm_interfaces/msg/detail/gimbal_cmd__type_support.hpp
-- Installing: /home/ats/ats_sentry_ws/install/pb_rm_interfaces/include/pb_rm_interfaces/pb_rm_interfaces/msg/detail/game_robot_hp__traits.hpp
-- Installing: /home/ats/ats_sentry_ws/install/pb_rm_interfaces/include/pb_rm_interfaces/pb_rm_interfaces/msg/detail/models__struct.hpp
-- Installing: /home/ats/ats_sentry_ws/install/pb_rm_interfaces/include/pb_rm_interfaces/pb_rm_interfaces/msg/detail/robot_state_info__type_support.hpp
-- Installing: /home/ats/ats_sentry_ws/install/pb_rm_interfaces/include/pb_rm_interfaces/pb_rm_interfaces/msg/detail/robot_state_info__struct.hpp
-- Installing: /home/ats/ats_sentry_ws/install/pb_rm_interfaces/include/pb_rm_interfaces/pb_rm_interfaces/msg/detail/event_data__type_support.hpp
-- Installing: /home/ats/ats_sentry_ws/install/pb_rm_interfaces/include/pb_rm_interfaces/pb_rm_interfaces/msg/detail/ground_robot_position__builder.hpp
-- Installing: /home/ats/ats_sentry_ws/install/pb_rm_interfaces/include/pb_rm_interfaces/pb_rm_interfaces/msg/detail/buff__struct.hpp
-- Installing: /home/ats/ats_sentry_ws/install/pb_rm_interfaces/include/pb_rm_interfaces/pb_rm_interfaces/msg/detail/rfid_status__traits.hpp
-- Installing: /home/ats/ats_sentry_ws/install/pb_rm_interfaces/include/pb_rm_interfaces/pb_rm_interfaces/msg/detail/game_robot_hp__struct.hpp
-- Installing: /home/ats/ats_sentry_ws/install/pb_rm_interfaces/include/pb_rm_interfaces/pb_rm_interfaces/msg/detail/game_robot_hp__type_support.hpp
-- Installing: /home/ats/ats_sentry_ws/install/pb_rm_interfaces/include/pb_rm_interfaces/pb_rm_interfaces/msg/detail/gimbal__builder.hpp
-- Installing: /home/ats/ats_sentry_ws/install/pb_rm_interfaces/include/pb_rm_interfaces/pb_rm_interfaces/msg/detail/buff__type_support.hpp
-- Installing: /home/ats/ats_sentry_ws/install/pb_rm_interfaces/include/pb_rm_interfaces/pb_rm_interfaces/msg/detail/models__traits.hpp
-- Installing: /home/ats/ats_sentry_ws/install/pb_rm_interfaces/include/pb_rm_interfaces/pb_rm_interfaces/msg/detail/gimbal_cmd__builder.hpp
-- Installing: /home/ats/ats_sentry_ws/install/pb_rm_interfaces/include/pb_rm_interfaces/pb_rm_interfaces/msg/detail/game_status__struct.hpp
-- Installing: /home/ats/ats_sentry_ws/install/pb_rm_interfaces/include/pb_rm_interfaces/pb_rm_interfaces/msg/detail/robot_status__struct.hpp
-- Installing: /home/ats/ats_sentry_ws/install/pb_rm_interfaces/include/pb_rm_interfaces/pb_rm_interfaces/msg/detail/ground_robot_position__type_support.hpp
-- Installing: /home/ats/ats_sentry_ws/install/pb_rm_interfaces/include/pb_rm_interfaces/pb_rm_interfaces/msg/detail/models__type_support.hpp
-- Installing: /home/ats/ats_sentry_ws/install/pb_rm_interfaces/include/pb_rm_interfaces/pb_rm_interfaces/msg/detail/ground_robot_position__traits.hpp
-- Installing: /home/ats/ats_sentry_ws/install/pb_rm_interfaces/include/pb_rm_interfaces/pb_rm_interfaces/msg/detail/robot_status__traits.hpp
-- Installing: /home/ats/ats_sentry_ws/install/pb_rm_interfaces/include/pb_rm_interfaces/pb_rm_interfaces/msg/detail/gimbal_cmd__struct.hpp
-- Installing: /home/ats/ats_sentry_ws/install/pb_rm_interfaces/include/pb_rm_interfaces/pb_rm_interfaces/msg/detail/gimbal_cmd__traits.hpp
-- Installing: /home/ats/ats_sentry_ws/install/pb_rm_interfaces/include/pb_rm_interfaces/pb_rm_interfaces/msg/detail/robot_state_info__builder.hpp
-- Installing: /home/ats/ats_sentry_ws/install/pb_rm_interfaces/include/pb_rm_interfaces/pb_rm_interfaces/msg/detail/robot_status__builder.hpp
-- Installing: /home/ats/ats_sentry_ws/install/pb_rm_interfaces/include/pb_rm_interfaces/pb_rm_interfaces/msg/detail/buff__builder.hpp
-- Installing: /home/ats/ats_sentry_ws/install/pb_rm_interfaces/include/pb_rm_interfaces/pb_rm_interfaces/msg/detail/game_status__traits.hpp
-- Installing: /home/ats/ats_sentry_ws/install/pb_rm_interfaces/include/pb_rm_interfaces/pb_rm_interfaces/msg/detail/rfid_status__struct.hpp
-- Installing: /home/ats/ats_sentry_ws/install/pb_rm_interfaces/include/pb_rm_interfaces/pb_rm_interfaces/msg/detail/event_data__builder.hpp
-- Installing: /home/ats/ats_sentry_ws/install/pb_rm_interfaces/include/pb_rm_interfaces/pb_rm_interfaces/msg/detail/models__builder.hpp
-- Installing: /home/ats/ats_sentry_ws/install/pb_rm_interfaces/include/pb_rm_interfaces/pb_rm_interfaces/msg/detail/rfid_status__builder.hpp
-- Installing: /home/ats/ats_sentry_ws/install/pb_rm_interfaces/include/pb_rm_interfaces/pb_rm_interfaces/msg/detail/gimbal__traits.hpp
-- Installing: /home/ats/ats_sentry_ws/install/pb_rm_interfaces/include/pb_rm_interfaces/pb_rm_interfaces/msg/detail/event_data__traits.hpp
-- Installing: /home/ats/ats_sentry_ws/install/pb_rm_interfaces/include/pb_rm_interfaces/pb_rm_interfaces/msg/detail/event_data__struct.hpp
-- Installing: /home/ats/ats_sentry_ws/install/pb_rm_interfaces/include/pb_rm_interfaces/pb_rm_interfaces/msg/detail/gimbal__type_support.hpp
-- Installing: /home/ats/ats_sentry_ws/install/pb_rm_interfaces/include/pb_rm_interfaces/pb_rm_interfaces/msg/detail/buff__traits.hpp
-- Installing: /home/ats/ats_sentry_ws/install/pb_rm_interfaces/include/pb_rm_interfaces/pb_rm_interfaces/msg/game_status.hpp
-- Installing: /home/ats/ats_sentry_ws/install/pb_rm_interfaces/include/pb_rm_interfaces/pb_rm_interfaces/msg/gimbal.hpp
-- Installing: /home/ats/ats_sentry_ws/install/pb_rm_interfaces/include/pb_rm_interfaces/pb_rm_interfaces/msg/robot_state_info.hpp
-- Installing: /home/ats/ats_sentry_ws/install/pb_rm_interfaces/include/pb_rm_interfaces/pb_rm_interfaces/msg/gimbal_cmd.hpp
-- Installing: /home/ats/ats_sentry_ws/install/pb_rm_interfaces/include/pb_rm_interfaces/pb_rm_interfaces/msg/game_robot_hp.hpp
-- Installing: /home/ats/ats_sentry_ws/install/pb_rm_interfaces/include/pb_rm_interfaces/pb_rm_interfaces/msg/ground_robot_position.hpp
-- Installing: /home/ats/ats_sentry_ws/install/pb_rm_interfaces/include/pb_rm_interfaces/pb_rm_interfaces/msg/models.hpp
-- Up-to-date: /home/ats/ats_sentry_ws/install/pb_rm_interfaces/include/pb_rm_interfaces/pb_rm_interfaces
-- Up-to-date: /home/ats/ats_sentry_ws/install/pb_rm_interfaces/include/pb_rm_interfaces/pb_rm_interfaces/msg
-- Installing: /home/ats/ats_sentry_ws/install/pb_rm_interfaces/include/pb_rm_interfaces/pb_rm_interfaces/msg/rosidl_typesupport_fastrtps_cpp__visibility_control.h
-- Up-to-date: /home/ats/ats_sentry_ws/install/pb_rm_interfaces/include/pb_rm_interfaces/pb_rm_interfaces/msg/detail
-- Installing: /home/ats/ats_sentry_ws/install/pb_rm_interfaces/include/pb_rm_interfaces/pb_rm_interfaces/msg/detail/models__rosidl_typesupport_fastrtps_cpp.hpp
-- Installing: /home/ats/ats_sentry_ws/install/pb_rm_interfaces/include/pb_rm_interfaces/pb_rm_interfaces/msg/detail/event_data__rosidl_typesupport_fastrtps_cpp.hpp
-- Installing: /home/ats/ats_sentry_ws/install/pb_rm_interfaces/include/pb_rm_interfaces/pb_rm_interfaces/msg/detail/robot_status__rosidl_typesupport_fastrtps_cpp.hpp
-- Installing: /home/ats/ats_sentry_ws/install/pb_rm_interfaces/include/pb_rm_interfaces/pb_rm_interfaces/msg/detail/game_status__rosidl_typesupport_fastrtps_cpp.hpp
-- Installing: /home/ats/ats_sentry_ws/install/pb_rm_interfaces/include/pb_rm_interfaces/pb_rm_interfaces/msg/detail/rfid_status__rosidl_typesupport_fastrtps_cpp.hpp
-- Installing: /home/ats/ats_sentry_ws/install/pb_rm_interfaces/include/pb_rm_interfaces/pb_rm_interfaces/msg/detail/dds_fastrtps
-- Installing: /home/ats/ats_sentry_ws/install/pb_rm_interfaces/include/pb_rm_interfaces/pb_rm_interfaces/msg/detail/gimbal_cmd__rosidl_typesupport_fastrtps_cpp.hpp
-- Installing: /home/ats/ats_sentry_ws/install/pb_rm_interfaces/include/pb_rm_interfaces/pb_rm_interfaces/msg/detail/gimbal__rosidl_typesupport_fastrtps_cpp.hpp
-- Installing: /home/ats/ats_sentry_ws/install/pb_rm_interfaces/include/pb_rm_interfaces/pb_rm_interfaces/msg/detail/buff__rosidl_typesupport_fastrtps_cpp.hpp
-- Installing: /home/ats/ats_sentry_ws/install/pb_rm_interfaces/include/pb_rm_interfaces/pb_rm_interfaces/msg/detail/robot_state_info__rosidl_typesupport_fastrtps_cpp.hpp
-- Installing: /home/ats/ats_sentry_ws/install/pb_rm_interfaces/include/pb_rm_interfaces/pb_rm_interfaces/msg/detail/ground_robot_position__rosidl_typesupport_fastrtps_cpp.hpp
-- Installing: /home/ats/ats_sentry_ws/install/pb_rm_interfaces/include/pb_rm_interfaces/pb_rm_interfaces/msg/detail/game_robot_hp__rosidl_typesupport_fastrtps_cpp.hpp
-- Installing: /home/ats/ats_sentry_ws/install/pb_rm_interfaces/lib/libpb_rm_interfaces__rosidl_typesupport_fastrtps_cpp.so
-- Set runtime path of "/home/ats/ats_sentry_ws/install/pb_rm_interfaces/lib/libpb_rm_interfaces__rosidl_typesupport_fastrtps_cpp.so" to ""
-- Up-to-date: /home/ats/ats_sentry_ws/install/pb_rm_interfaces/include/pb_rm_interfaces/pb_rm_interfaces
-- Up-to-date: /home/ats/ats_sentry_ws/install/pb_rm_interfaces/include/pb_rm_interfaces/pb_rm_interfaces/msg
-- Up-to-date: /home/ats/ats_sentry_ws/install/pb_rm_interfaces/include/pb_rm_interfaces/pb_rm_interfaces/msg/detail
-- Installing: /home/ats/ats_sentry_ws/install/pb_rm_interfaces/include/pb_rm_interfaces/pb_rm_interfaces/msg/detail/gimbal_cmd__rosidl_typesupport_introspection_cpp.hpp
-- Installing: /home/ats/ats_sentry_ws/install/pb_rm_interfaces/include/pb_rm_interfaces/pb_rm_interfaces/msg/detail/gimbal__rosidl_typesupport_introspection_cpp.hpp
-- Installing: /home/ats/ats_sentry_ws/install/pb_rm_interfaces/include/pb_rm_interfaces/pb_rm_interfaces/msg/detail/game_robot_hp__type_support.cpp
-- Installing: /home/ats/ats_sentry_ws/install/pb_rm_interfaces/include/pb_rm_interfaces/pb_rm_interfaces/msg/detail/rfid_status__type_support.cpp
-- Installing: /home/ats/ats_sentry_ws/install/pb_rm_interfaces/include/pb_rm_interfaces/pb_rm_interfaces/msg/detail/buff__type_support.cpp
-- Installing: /home/ats/ats_sentry_ws/install/pb_rm_interfaces/include/pb_rm_interfaces/pb_rm_interfaces/msg/detail/buff__rosidl_typesupport_introspection_cpp.hpp
-- Installing: /home/ats/ats_sentry_ws/install/pb_rm_interfaces/include/pb_rm_interfaces/pb_rm_interfaces/msg/detail/robot_status__rosidl_typesupport_introspection_cpp.hpp
-- Installing: /home/ats/ats_sentry_ws/install/pb_rm_interfaces/include/pb_rm_interfaces/pb_rm_interfaces/msg/detail/event_data__rosidl_typesupport_introspection_cpp.hpp
-- Installing: /home/ats/ats_sentry_ws/install/pb_rm_interfaces/include/pb_rm_interfaces/pb_rm_interfaces/msg/detail/game_status__type_support.cpp
-- Installing: /home/ats/ats_sentry_ws/install/pb_rm_interfaces/include/pb_rm_interfaces/pb_rm_interfaces/msg/detail/ground_robot_position__rosidl_typesupport_introspection_cpp.hpp
-- Installing: /home/ats/ats_sentry_ws/install/pb_rm_interfaces/include/pb_rm_interfaces/pb_rm_interfaces/msg/detail/robot_state_info__type_support.cpp
-- Installing: /home/ats/ats_sentry_ws/install/pb_rm_interfaces/include/pb_rm_interfaces/pb_rm_interfaces/msg/detail/event_data__type_support.cpp
-- Installing: /home/ats/ats_sentry_ws/install/pb_rm_interfaces/include/pb_rm_interfaces/pb_rm_interfaces/msg/detail/robot_status__type_support.cpp
-- Installing: /home/ats/ats_sentry_ws/install/pb_rm_interfaces/include/pb_rm_interfaces/pb_rm_interfaces/msg/detail/game_robot_hp__rosidl_typesupport_introspection_cpp.hpp
-- Installing: /home/ats/ats_sentry_ws/install/pb_rm_interfaces/include/pb_rm_interfaces/pb_rm_interfaces/msg/detail/models__type_support.cpp
-- Installing: /home/ats/ats_sentry_ws/install/pb_rm_interfaces/include/pb_rm_interfaces/pb_rm_interfaces/msg/detail/gimbal__type_support.cpp
-- Installing: /home/ats/ats_sentry_ws/install/pb_rm_interfaces/include/pb_rm_interfaces/pb_rm_interfaces/msg/detail/rfid_status__rosidl_typesupport_introspection_cpp.hpp
-- Installing: /home/ats/ats_sentry_ws/install/pb_rm_interfaces/include/pb_rm_interfaces/pb_rm_interfaces/msg/detail/gimbal_cmd__type_support.cpp
-- Installing: /home/ats/ats_sentry_ws/install/pb_rm_interfaces/include/pb_rm_interfaces/pb_rm_interfaces/msg/detail/ground_robot_position__type_support.cpp
-- Installing: /home/ats/ats_sentry_ws/install/pb_rm_interfaces/include/pb_rm_interfaces/pb_rm_interfaces/msg/detail/models__rosidl_typesupport_introspection_cpp.hpp
-- Installing: /home/ats/ats_sentry_ws/install/pb_rm_interfaces/include/pb_rm_interfaces/pb_rm_interfaces/msg/detail/robot_state_info__rosidl_typesupport_introspection_cpp.hpp
-- Installing: /home/ats/ats_sentry_ws/install/pb_rm_interfaces/include/pb_rm_interfaces/pb_rm_interfaces/msg/detail/game_status__rosidl_typesupport_introspection_cpp.hpp
-- Installing: /home/ats/ats_sentry_ws/install/pb_rm_interfaces/lib/libpb_rm_interfaces__rosidl_typesupport_introspection_cpp.so
-- Set runtime path of "/home/ats/ats_sentry_ws/install/pb_rm_interfaces/lib/libpb_rm_interfaces__rosidl_typesupport_introspection_cpp.so" to ""
-- Installing: /home/ats/ats_sentry_ws/install/pb_rm_interfaces/lib/libpb_rm_interfaces__rosidl_typesupport_cpp.so
-- Set runtime path of "/home/ats/ats_sentry_ws/install/pb_rm_interfaces/lib/libpb_rm_interfaces__rosidl_typesupport_cpp.so" to ""
-- Installing: /home/ats/ats_sentry_ws/install/pb_rm_interfaces/share/pb_rm_interfaces/environment/pythonpath.sh
-- Installing: /home/ats/ats_sentry_ws/install/pb_rm_interfaces/share/pb_rm_interfaces/environment/pythonpath.dsv
-- Installing: /home/ats/ats_sentry_ws/install/pb_rm_interfaces/local/lib/python3.10/dist-packages/pb_rm_interfaces-1.0.0-py3.10.egg-info
-- Installing: /home/ats/ats_sentry_ws/install/pb_rm_interfaces/local/lib/python3.10/dist-packages/pb_rm_interfaces-1.0.0-py3.10.egg-info/top_level.txt
-- Installing: /home/ats/ats_sentry_ws/install/pb_rm_interfaces/local/lib/python3.10/dist-packages/pb_rm_interfaces-1.0.0-py3.10.egg-info/SOURCES.txt
-- Installing: /home/ats/ats_sentry_ws/install/pb_rm_interfaces/local/lib/python3.10/dist-packages/pb_rm_interfaces-1.0.0-py3.10.egg-info/PKG-INFO
-- Installing: /home/ats/ats_sentry_ws/install/pb_rm_interfaces/local/lib/python3.10/dist-packages/pb_rm_interfaces-1.0.0-py3.10.egg-info/dependency_links.txt
-- Installing: /home/ats/ats_sentry_ws/install/pb_rm_interfaces/local/lib/python3.10/dist-packages/pb_rm_interfaces
-- Installing: /home/ats/ats_sentry_ws/install/pb_rm_interfaces/local/lib/python3.10/dist-packages/pb_rm_interfaces/libpb_rm_interfaces__rosidl_generator_py.so
-- Installing: /home/ats/ats_sentry_ws/install/pb_rm_interfaces/local/lib/python3.10/dist-packages/pb_rm_interfaces/_pb_rm_interfaces_s.ep.rosidl_typesupport_introspection_c.c
-- Installing: /home/ats/ats_sentry_ws/install/pb_rm_interfaces/local/lib/python3.10/dist-packages/pb_rm_interfaces/__init__.py
-- Installing: /home/ats/ats_sentry_ws/install/pb_rm_interfaces/local/lib/python3.10/dist-packages/pb_rm_interfaces/pb_rm_interfaces_s__rosidl_typesupport_c.cpython-310-x86_64-linux-gnu.so
-- Installing: /home/ats/ats_sentry_ws/install/pb_rm_interfaces/local/lib/python3.10/dist-packages/pb_rm_interfaces/_pb_rm_interfaces_s.ep.rosidl_typesupport_fastrtps_c.c
-- Installing: /home/ats/ats_sentry_ws/install/pb_rm_interfaces/local/lib/python3.10/dist-packages/pb_rm_interfaces/pb_rm_interfaces_s__rosidl_typesupport_fastrtps_c.cpython-310-x86_64-linux-gnu.so
-- Installing: /home/ats/ats_sentry_ws/install/pb_rm_interfaces/local/lib/python3.10/dist-packages/pb_rm_interfaces/msg
-- Installing: /home/ats/ats_sentry_ws/install/pb_rm_interfaces/local/lib/python3.10/dist-packages/pb_rm_interfaces/msg/_buff_s.c
-- Installing: /home/ats/ats_sentry_ws/install/pb_rm_interfaces/local/lib/python3.10/dist-packages/pb_rm_interfaces/msg/_event_data.py
-- Installing: /home/ats/ats_sentry_ws/install/pb_rm_interfaces/local/lib/python3.10/dist-packages/pb_rm_interfaces/msg/_game_robot_hp.py
-- Installing: /home/ats/ats_sentry_ws/install/pb_rm_interfaces/local/lib/python3.10/dist-packages/pb_rm_interfaces/msg/_game_status_s.c
-- Installing: /home/ats/ats_sentry_ws/install/pb_rm_interfaces/local/lib/python3.10/dist-packages/pb_rm_interfaces/msg/_ground_robot_position_s.c
-- Installing: /home/ats/ats_sentry_ws/install/pb_rm_interfaces/local/lib/python3.10/dist-packages/pb_rm_interfaces/msg/__init__.py
-- Installing: /home/ats/ats_sentry_ws/install/pb_rm_interfaces/local/lib/python3.10/dist-packages/pb_rm_interfaces/msg/_models.py
-- Installing: /home/ats/ats_sentry_ws/install/pb_rm_interfaces/local/lib/python3.10/dist-packages/pb_rm_interfaces/msg/_robot_state_info.py
-- Installing: /home/ats/ats_sentry_ws/install/pb_rm_interfaces/local/lib/python3.10/dist-packages/pb_rm_interfaces/msg/_rfid_status_s.c
-- Installing: /home/ats/ats_sentry_ws/install/pb_rm_interfaces/local/lib/python3.10/dist-packages/pb_rm_interfaces/msg/_buff.py
-- Installing: /home/ats/ats_sentry_ws/install/pb_rm_interfaces/local/lib/python3.10/dist-packages/pb_rm_interfaces/msg/_gimbal_s.c
-- Installing: /home/ats/ats_sentry_ws/install/pb_rm_interfaces/local/lib/python3.10/dist-packages/pb_rm_interfaces/msg/_robot_state_info_s.c
-- Installing: /home/ats/ats_sentry_ws/install/pb_rm_interfaces/local/lib/python3.10/dist-packages/pb_rm_interfaces/msg/_models_s.c
-- Installing: /home/ats/ats_sentry_ws/install/pb_rm_interfaces/local/lib/python3.10/dist-packages/pb_rm_interfaces/msg/_robot_status.py
-- Installing: /home/ats/ats_sentry_ws/install/pb_rm_interfaces/local/lib/python3.10/dist-packages/pb_rm_interfaces/msg/_rfid_status.py
-- Installing: /home/ats/ats_sentry_ws/install/pb_rm_interfaces/local/lib/python3.10/dist-packages/pb_rm_interfaces/msg/_game_robot_hp_s.c
-- Installing: /home/ats/ats_sentry_ws/install/pb_rm_interfaces/local/lib/python3.10/dist-packages/pb_rm_interfaces/msg/_gimbal_cmd.py
-- Installing: /home/ats/ats_sentry_ws/install/pb_rm_interfaces/local/lib/python3.10/dist-packages/pb_rm_interfaces/msg/_ground_robot_position.py
-- Installing: /home/ats/ats_sentry_ws/install/pb_rm_interfaces/local/lib/python3.10/dist-packages/pb_rm_interfaces/msg/_game_status.py
-- Installing: /home/ats/ats_sentry_ws/install/pb_rm_interfaces/local/lib/python3.10/dist-packages/pb_rm_interfaces/msg/_gimbal.py
-- Installing: /home/ats/ats_sentry_ws/install/pb_rm_interfaces/local/lib/python3.10/dist-packages/pb_rm_interfaces/msg/_event_data_s.c
-- Installing: /home/ats/ats_sentry_ws/install/pb_rm_interfaces/local/lib/python3.10/dist-packages/pb_rm_interfaces/msg/_robot_status_s.c
-- Installing: /home/ats/ats_sentry_ws/install/pb_rm_interfaces/local/lib/python3.10/dist-packages/pb_rm_interfaces/msg/_gimbal_cmd_s.c
-- Installing: /home/ats/ats_sentry_ws/install/pb_rm_interfaces/local/lib/python3.10/dist-packages/pb_rm_interfaces/pb_rm_interfaces_s__rosidl_typesupport_introspection_c.cpython-310-x86_64-linux-gnu.so
-- Installing: /home/ats/ats_sentry_ws/install/pb_rm_interfaces/local/lib/python3.10/dist-packages/pb_rm_interfaces/_pb_rm_interfaces_s.ep.rosidl_typesupport_c.c
Listing '/home/ats/ats_sentry_ws/install/pb_rm_interfaces/local/lib/python3.10/dist-packages/pb_rm_interfaces'...
Compiling '/home/ats/ats_sentry_ws/install/pb_rm_interfaces/local/lib/python3.10/dist-packages/pb_rm_interfaces/__init__.py'...
Listing '/home/ats/ats_sentry_ws/install/pb_rm_interfaces/local/lib/python3.10/dist-packages/pb_rm_interfaces/msg'...
Compiling '/home/ats/ats_sentry_ws/install/pb_rm_interfaces/local/lib/python3.10/dist-packages/pb_rm_interfaces/msg/__init__.py'...
Compiling '/home/ats/ats_sentry_ws/install/pb_rm_interfaces/local/lib/python3.10/dist-packages/pb_rm_interfaces/msg/_buff.py'...
Compiling '/home/ats/ats_sentry_ws/install/pb_rm_interfaces/local/lib/python3.10/dist-packages/pb_rm_interfaces/msg/_event_data.py'...
Compiling '/home/ats/ats_sentry_ws/install/pb_rm_interfaces/local/lib/python3.10/dist-packages/pb_rm_interfaces/msg/_game_robot_hp.py'...
Compiling '/home/ats/ats_sentry_ws/install/pb_rm_interfaces/local/lib/python3.10/dist-packages/pb_rm_interfaces/msg/_game_status.py'...
Compiling '/home/ats/ats_sentry_ws/install/pb_rm_interfaces/local/lib/python3.10/dist-packages/pb_rm_interfaces/msg/_gimbal.py'...
Compiling '/home/ats/ats_sentry_ws/install/pb_rm_interfaces/local/lib/python3.10/dist-packages/pb_rm_interfaces/msg/_gimbal_cmd.py'...
Compiling '/home/ats/ats_sentry_ws/install/pb_rm_interfaces/local/lib/python3.10/dist-packages/pb_rm_interfaces/msg/_ground_robot_position.py'...
Compiling '/home/ats/ats_sentry_ws/install/pb_rm_interfaces/local/lib/python3.10/dist-packages/pb_rm_interfaces/msg/_models.py'...
Compiling '/home/ats/ats_sentry_ws/install/pb_rm_interfaces/local/lib/python3.10/dist-packages/pb_rm_interfaces/msg/_rfid_status.py'...
Compiling '/home/ats/ats_sentry_ws/install/pb_rm_interfaces/local/lib/python3.10/dist-packages/pb_rm_interfaces/msg/_robot_state_info.py'...
Compiling '/home/ats/ats_sentry_ws/install/pb_rm_interfaces/local/lib/python3.10/dist-packages/pb_rm_interfaces/msg/_robot_status.py'...
-- Installing: /home/ats/ats_sentry_ws/install/pb_rm_interfaces/local/lib/python3.10/dist-packages/pb_rm_interfaces/pb_rm_interfaces_s__rosidl_typesupport_fastrtps_c.cpython-310-x86_64-linux-gnu.so
-- Set runtime path of "/home/ats/ats_sentry_ws/install/pb_rm_interfaces/local/lib/python3.10/dist-packages/pb_rm_interfaces/pb_rm_interfaces_s__rosidl_typesupport_fastrtps_c.cpython-310-x86_64-linux-gnu.so" to ""
-- Installing: /home/ats/ats_sentry_ws/install/pb_rm_interfaces/local/lib/python3.10/dist-packages/pb_rm_interfaces/pb_rm_interfaces_s__rosidl_typesupport_introspection_c.cpython-310-x86_64-linux-gnu.so
-- Set runtime path of "/home/ats/ats_sentry_ws/install/pb_rm_interfaces/local/lib/python3.10/dist-packages/pb_rm_interfaces/pb_rm_interfaces_s__rosidl_typesupport_introspection_c.cpython-310-x86_64-linux-gnu.so" to ""
-- Installing: /home/ats/ats_sentry_ws/install/pb_rm_interfaces/local/lib/python3.10/dist-packages/pb_rm_interfaces/pb_rm_interfaces_s__rosidl_typesupport_c.cpython-310-x86_64-linux-gnu.so
-- Set runtime path of "/home/ats/ats_sentry_ws/install/pb_rm_interfaces/local/lib/python3.10/dist-packages/pb_rm_interfaces/pb_rm_interfaces_s__rosidl_typesupport_c.cpython-310-x86_64-linux-gnu.so" to ""
-- Installing: /home/ats/ats_sentry_ws/install/pb_rm_interfaces/lib/libpb_rm_interfaces__rosidl_generator_py.so
-- Set runtime path of "/home/ats/ats_sentry_ws/install/pb_rm_interfaces/lib/libpb_rm_interfaces__rosidl_generator_py.so" to ""
-- Installing: /home/ats/ats_sentry_ws/install/pb_rm_interfaces/share/pb_rm_interfaces/msg/Buff.idl
-- Installing: /home/ats/ats_sentry_ws/install/pb_rm_interfaces/share/pb_rm_interfaces/msg/EventData.idl
-- Installing: /home/ats/ats_sentry_ws/install/pb_rm_interfaces/share/pb_rm_interfaces/msg/GameRobotHP.idl
-- Installing: /home/ats/ats_sentry_ws/install/pb_rm_interfaces/share/pb_rm_interfaces/msg/GameStatus.idl
-- Installing: /home/ats/ats_sentry_ws/install/pb_rm_interfaces/share/pb_rm_interfaces/msg/GroundRobotPosition.idl
-- Installing: /home/ats/ats_sentry_ws/install/pb_rm_interfaces/share/pb_rm_interfaces/msg/RfidStatus.idl
-- Installing: /home/ats/ats_sentry_ws/install/pb_rm_interfaces/share/pb_rm_interfaces/msg/RobotStatus.idl
-- Installing: /home/ats/ats_sentry_ws/install/pb_rm_interfaces/share/pb_rm_interfaces/msg/Gimbal.idl
-- Installing: /home/ats/ats_sentry_ws/install/pb_rm_interfaces/share/pb_rm_interfaces/msg/GimbalCmd.idl
-- Installing: /home/ats/ats_sentry_ws/install/pb_rm_interfaces/share/pb_rm_interfaces/msg/Models.idl
-- Installing: /home/ats/ats_sentry_ws/install/pb_rm_interfaces/share/pb_rm_interfaces/msg/RobotStateInfo.idl
-- Installing: /home/ats/ats_sentry_ws/install/pb_rm_interfaces/share/pb_rm_interfaces/referee/Buff.msg
-- Installing: /home/ats/ats_sentry_ws/install/pb_rm_interfaces/share/pb_rm_interfaces/referee/EventData.msg
-- Installing: /home/ats/ats_sentry_ws/install/pb_rm_interfaces/share/pb_rm_interfaces/referee/GameRobotHP.msg
-- Installing: /home/ats/ats_sentry_ws/install/pb_rm_interfaces/share/pb_rm_interfaces/referee/GameStatus.msg
-- Installing: /home/ats/ats_sentry_ws/install/pb_rm_interfaces/share/pb_rm_interfaces/referee/GroundRobotPosition.msg
-- Installing: /home/ats/ats_sentry_ws/install/pb_rm_interfaces/share/pb_rm_interfaces/referee/RfidStatus.msg
-- Installing: /home/ats/ats_sentry_ws/install/pb_rm_interfaces/share/pb_rm_interfaces/referee/RobotStatus.msg
-- Installing: /home/ats/ats_sentry_ws/install/pb_rm_interfaces/share/pb_rm_interfaces/msg/Gimbal.msg
-- Installing: /home/ats/ats_sentry_ws/install/pb_rm_interfaces/share/pb_rm_interfaces/msg/GimbalCmd.msg
-- Installing: /home/ats/ats_sentry_ws/install/pb_rm_interfaces/share/pb_rm_interfaces/msg/Models.msg
-- Installing: /home/ats/ats_sentry_ws/install/pb_rm_interfaces/share/pb_rm_interfaces/msg/RobotStateInfo.msg
-- Installing: /home/ats/ats_sentry_ws/install/pb_rm_interfaces/share/ament_index/resource_index/package_run_dependencies/pb_rm_interfaces
-- Installing: /home/ats/ats_sentry_ws/install/pb_rm_interfaces/share/ament_index/resource_index/parent_prefix_path/pb_rm_interfaces
-- Installing: /home/ats/ats_sentry_ws/install/pb_rm_interfaces/share/pb_rm_interfaces/environment/ament_prefix_path.sh
-- Installing: /home/ats/ats_sentry_ws/install/pb_rm_interfaces/share/pb_rm_interfaces/environment/ament_prefix_path.dsv
-- Installing: /home/ats/ats_sentry_ws/install/pb_rm_interfaces/share/pb_rm_interfaces/environment/path.sh
-- Installing: /home/ats/ats_sentry_ws/install/pb_rm_interfaces/share/pb_rm_interfaces/environment/path.dsv
-- Installing: /home/ats/ats_sentry_ws/install/pb_rm_interfaces/share/pb_rm_interfaces/local_setup.bash
-- Installing: /home/ats/ats_sentry_ws/install/pb_rm_interfaces/share/pb_rm_interfaces/local_setup.sh
-- Installing: /home/ats/ats_sentry_ws/install/pb_rm_interfaces/share/pb_rm_interfaces/local_setup.zsh
-- Installing: /home/ats/ats_sentry_ws/install/pb_rm_interfaces/share/pb_rm_interfaces/local_setup.dsv
-- Installing: /home/ats/ats_sentry_ws/install/pb_rm_interfaces/share/pb_rm_interfaces/package.dsv
-- Installing: /home/ats/ats_sentry_ws/install/pb_rm_interfaces/share/ament_index/resource_index/packages/pb_rm_interfaces
-- Installing: /home/ats/ats_sentry_ws/install/pb_rm_interfaces/share/pb_rm_interfaces/cmake/export_pb_rm_interfaces__rosidl_generator_cExport.cmake
-- Installing: /home/ats/ats_sentry_ws/install/pb_rm_interfaces/share/pb_rm_interfaces/cmake/export_pb_rm_interfaces__rosidl_generator_cExport-noconfig.cmake
-- Installing: /home/ats/ats_sentry_ws/install/pb_rm_interfaces/share/pb_rm_interfaces/cmake/export_pb_rm_interfaces__rosidl_typesupport_fastrtps_cExport.cmake
-- Installing: /home/ats/ats_sentry_ws/install/pb_rm_interfaces/share/pb_rm_interfaces/cmake/export_pb_rm_interfaces__rosidl_typesupport_fastrtps_cExport-noconfig.cmake
-- Installing: /home/ats/ats_sentry_ws/install/pb_rm_interfaces/share/pb_rm_interfaces/cmake/pb_rm_interfaces__rosidl_typesupport_introspection_cExport.cmake
-- Installing: /home/ats/ats_sentry_ws/install/pb_rm_interfaces/share/pb_rm_interfaces/cmake/pb_rm_interfaces__rosidl_typesupport_introspection_cExport-noconfig.cmake
-- Installing: /home/ats/ats_sentry_ws/install/pb_rm_interfaces/share/pb_rm_interfaces/cmake/pb_rm_interfaces__rosidl_typesupport_cExport.cmake
-- Installing: /home/ats/ats_sentry_ws/install/pb_rm_interfaces/share/pb_rm_interfaces/cmake/pb_rm_interfaces__rosidl_typesupport_cExport-noconfig.cmake
-- Installing: /home/ats/ats_sentry_ws/install/pb_rm_interfaces/share/pb_rm_interfaces/cmake/export_pb_rm_interfaces__rosidl_generator_cppExport.cmake
-- Installing: /home/ats/ats_sentry_ws/install/pb_rm_interfaces/share/pb_rm_interfaces/cmake/export_pb_rm_interfaces__rosidl_typesupport_fastrtps_cppExport.cmake
-- Installing: /home/ats/ats_sentry_ws/install/pb_rm_interfaces/share/pb_rm_interfaces/cmake/export_pb_rm_interfaces__rosidl_typesupport_fastrtps_cppExport-noconfig.cmake
-- Installing: /home/ats/ats_sentry_ws/install/pb_rm_interfaces/share/pb_rm_interfaces/cmake/pb_rm_interfaces__rosidl_typesupport_introspection_cppExport.cmake
-- Installing: /home/ats/ats_sentry_ws/install/pb_rm_interfaces/share/pb_rm_interfaces/cmake/pb_rm_interfaces__rosidl_typesupport_introspection_cppExport-noconfig.cmake
-- Installing: /home/ats/ats_sentry_ws/install/pb_rm_interfaces/share/pb_rm_interfaces/cmake/pb_rm_interfaces__rosidl_typesupport_cppExport.cmake
-- Installing: /home/ats/ats_sentry_ws/install/pb_rm_interfaces/share/pb_rm_interfaces/cmake/pb_rm_interfaces__rosidl_typesupport_cppExport-noconfig.cmake
-- Installing: /home/ats/ats_sentry_ws/install/pb_rm_interfaces/share/pb_rm_interfaces/cmake/export_pb_rm_interfaces__rosidl_generator_pyExport.cmake
-- Installing: /home/ats/ats_sentry_ws/install/pb_rm_interfaces/share/pb_rm_interfaces/cmake/export_pb_rm_interfaces__rosidl_generator_pyExport-noconfig.cmake
-- Installing: /home/ats/ats_sentry_ws/install/pb_rm_interfaces/share/pb_rm_interfaces/cmake/rosidl_cmake-extras.cmake
-- Installing: /home/ats/ats_sentry_ws/install/pb_rm_interfaces/share/pb_rm_interfaces/cmake/ament_cmake_export_dependencies-extras.cmake
-- Installing: /home/ats/ats_sentry_ws/install/pb_rm_interfaces/share/pb_rm_interfaces/cmake/ament_cmake_export_include_directories-extras.cmake
-- Installing: /home/ats/ats_sentry_ws/install/pb_rm_interfaces/share/pb_rm_interfaces/cmake/ament_cmake_export_libraries-extras.cmake
-- Installing: /home/ats/ats_sentry_ws/install/pb_rm_interfaces/share/pb_rm_interfaces/cmake/ament_cmake_export_targets-extras.cmake
-- Installing: /home/ats/ats_sentry_ws/install/pb_rm_interfaces/share/pb_rm_interfaces/cmake/rosidl_cmake_export_typesupport_targets-extras.cmake
-- Installing: /home/ats/ats_sentry_ws/install/pb_rm_interfaces/share/pb_rm_interfaces/cmake/rosidl_cmake_export_typesupport_libraries-extras.cmake
-- Installing: /home/ats/ats_sentry_ws/install/pb_rm_interfaces/share/pb_rm_interfaces/cmake/pb_rm_interfacesConfig.cmake
-- Installing: /home/ats/ats_sentry_ws/install/pb_rm_interfaces/share/pb_rm_interfaces/cmake/pb_rm_interfacesConfig-version.cmake
-- Installing: /home/ats/ats_sentry_ws/install/pb_rm_interfaces/share/pb_rm_interfaces/package.xml
