[0.016s] Invoking command in '/home/ats/ats_sentry_ws/build/btcpp_ros2_interfaces': CMAKE_PREFIX_PATH=${CMAKE_PREFIX_PATH}:/opt/ros/humble /usr/bin/cmake /home/ats/ats_sentry_ws/src/dependencies/BehaviorTree.ROS2/btcpp_ros2_interfaces -DCMAKE_INSTALL_PREFIX=/home/ats/ats_sentry_ws/install/btcpp_ros2_interfaces
[0.135s] -- The C compiler identification is GNU 11.4.0
[0.238s] -- The CXX compiler identification is GNU 11.4.0
[0.253s] -- Detecting C compiler ABI info
[0.342s] -- Detecting C compiler ABI info - done
[0.352s] -- Check for working C compiler: /usr/bin/cc - skipped
[0.352s] -- Detecting C compile features
[0.353s] -- Detecting C compile features - done
[0.358s] -- Detecting CXX compiler ABI info
[0.459s] -- Detecting CXX compiler ABI info - done
[0.467s] -- Check for working CXX compiler: /usr/bin/c++ - skipped
[0.467s] -- Detecting CXX compile features
[0.467s] -- Detecting CXX compile features - done
[0.474s] -- Found ament_cmake: 1.3.13 (/opt/ros/humble/share/ament_cmake/cmake)
[1.067s] -- Found Python3: /usr/bin/python3 (found version "3.10.12") found components: Interpreter 
[1.163s] -- Found rosidl_default_generators: 1.2.0 (/opt/ros/humble/share/rosidl_default_generators/cmake)
[1.168s] -- Using all available rosidl_typesupport_c: rosidl_typesupport_fastrtps_c;rosidl_typesupport_introspection_c
[1.179s] -- Found rosidl_adapter: 3.1.8 (/opt/ros/humble/share/rosidl_adapter/cmake)
[1.230s] -- Using all available rosidl_typesupport_cpp: rosidl_typesupport_fastrtps_cpp;rosidl_typesupport_introspection_cpp
[1.583s] -- Found ament_cmake_ros: 0.10.0 (/opt/ros/humble/share/ament_cmake_ros/cmake)
[1.823s] -- Using all available rosidl_typesupport_c: rosidl_typesupport_fastrtps_c;rosidl_typesupport_introspection_c
[2.092s] -- Using all available rosidl_typesupport_cpp: rosidl_typesupport_fastrtps_cpp;rosidl_typesupport_introspection_cpp
[2.120s] -- Found PythonInterp: /usr/bin/python3 (found suitable version "3.10.12", minimum required is "3.6") 
[2.124s] -- Found python_cmake_module: 0.10.0 (/opt/ros/humble/share/python_cmake_module/cmake)
[2.157s] -- Found PythonLibs: /usr/lib/x86_64-linux-gnu/libpython3.10.so (found suitable version "3.10.12", minimum required is "3.5") 
[2.157s] -- Using PYTHON_EXECUTABLE: /usr/bin/python3
[2.157s] -- Using PYTHON_INCLUDE_DIRS: /usr/include/python3.10
[2.157s] -- Using PYTHON_LIBRARIES: /usr/lib/x86_64-linux-gnu/libpython3.10.so
[2.184s] -- Found PythonExtra: .so  
[2.240s] -- Configuring done
[2.271s] -- Generating done
[2.281s] -- Build files have been written to: /home/ats/ats_sentry_ws/build/btcpp_ros2_interfaces
[2.287s] Invoked command in '/home/ats/ats_sentry_ws/build/btcpp_ros2_interfaces' returned '0': CMAKE_PREFIX_PATH=${CMAKE_PREFIX_PATH}:/opt/ros/humble /usr/bin/cmake /home/ats/ats_sentry_ws/src/dependencies/BehaviorTree.ROS2/btcpp_ros2_interfaces -DCMAKE_INSTALL_PREFIX=/home/ats/ats_sentry_ws/install/btcpp_ros2_interfaces
[2.288s] Invoking command in '/home/ats/ats_sentry_ws/build/btcpp_ros2_interfaces': CMAKE_PREFIX_PATH=${CMAKE_PREFIX_PATH}:/opt/ros/humble /usr/bin/cmake --build /home/ats/ats_sentry_ws/build/btcpp_ros2_interfaces -- -j32 -l32
[2.327s] [  2%] Generating C code for ROS interfaces
[2.338s] [  4%] Generating C++ code for ROS interfaces
[2.347s] [  4%] Built target ament_cmake_python_copy_btcpp_ros2_interfaces
[2.608s] running egg_info
[2.608s] creating btcpp_ros2_interfaces.egg-info
[2.608s] writing manifest file 'btcpp_ros2_interfaces.egg-info/SOURCES.txt'
[2.610s] writing manifest file 'btcpp_ros2_interfaces.egg-info/SOURCES.txt'
[2.633s] [  4%] Built target ament_cmake_python_build_btcpp_ros2_interfaces_egg
[2.927s] [  4%] Built target btcpp_ros2_interfaces__cpp
[2.934s] [  6%] Building C object CMakeFiles/btcpp_ros2_interfaces__rosidl_generator_c.dir/rosidl_generator_c/btcpp_ros2_interfaces/action/detail/execute_tree__functions.c.o
[2.936s] [  8%] Building C object CMakeFiles/btcpp_ros2_interfaces__rosidl_generator_c.dir/rosidl_generator_c/btcpp_ros2_interfaces/action/detail/sleep__functions.c.o
[2.936s] [ 10%] Building C object CMakeFiles/btcpp_ros2_interfaces__rosidl_generator_c.dir/rosidl_generator_c/btcpp_ros2_interfaces/msg/detail/node_status__functions.c.o
[2.937s] [ 12%] Generating C++ introspection for ROS interfaces
[2.938s] [ 14%] Generating C++ type support dispatch for ROS interfaces
[2.939s] [ 17%] Generating C++ type support for eProsima Fast-RTPS
[3.068s] [ 19%] Linking C shared library libbtcpp_ros2_interfaces__rosidl_generator_c.so
[3.108s] [ 19%] Built target btcpp_ros2_interfaces__rosidl_generator_c
[3.119s] [ 23%] Generating C introspection for ROS interfaces
[3.119s] [ 23%] Generating C type support for eProsima Fast-RTPS
[3.120s] [ 25%] Generating C type support dispatch for ROS interfaces
[3.390s] [ 27%] Building CXX object CMakeFiles/btcpp_ros2_interfaces__rosidl_typesupport_cpp.dir/rosidl_typesupport_cpp/btcpp_ros2_interfaces/action/sleep__type_support.cpp.o
[3.390s] [ 31%] Building CXX object CMakeFiles/btcpp_ros2_interfaces__rosidl_typesupport_cpp.dir/rosidl_typesupport_cpp/btcpp_ros2_interfaces/action/execute_tree__type_support.cpp.o
[3.390s] [ 31%] Building CXX object CMakeFiles/btcpp_ros2_interfaces__rosidl_typesupport_cpp.dir/rosidl_typesupport_cpp/btcpp_ros2_interfaces/msg/node_status__type_support.cpp.o
[3.487s] [ 34%] Building CXX object CMakeFiles/btcpp_ros2_interfaces__rosidl_typesupport_introspection_cpp.dir/rosidl_typesupport_introspection_cpp/btcpp_ros2_interfaces/action/detail/sleep__type_support.cpp.o
[3.487s] [ 36%] Building CXX object CMakeFiles/btcpp_ros2_interfaces__rosidl_typesupport_introspection_cpp.dir/rosidl_typesupport_introspection_cpp/btcpp_ros2_interfaces/action/detail/execute_tree__type_support.cpp.o
[3.488s] [ 38%] Building CXX object CMakeFiles/btcpp_ros2_interfaces__rosidl_typesupport_introspection_cpp.dir/rosidl_typesupport_introspection_cpp/btcpp_ros2_interfaces/msg/detail/node_status__type_support.cpp.o
[3.559s] [ 40%] Building CXX object CMakeFiles/btcpp_ros2_interfaces__rosidl_typesupport_fastrtps_cpp.dir/rosidl_typesupport_fastrtps_cpp/btcpp_ros2_interfaces/action/detail/dds_fastrtps/execute_tree__type_support.cpp.o
[3.560s] [ 44%] Building CXX object CMakeFiles/btcpp_ros2_interfaces__rosidl_typesupport_fastrtps_cpp.dir/rosidl_typesupport_fastrtps_cpp/btcpp_ros2_interfaces/msg/detail/dds_fastrtps/node_status__type_support.cpp.o
[3.560s] [ 44%] Building CXX object CMakeFiles/btcpp_ros2_interfaces__rosidl_typesupport_fastrtps_cpp.dir/rosidl_typesupport_fastrtps_cpp/btcpp_ros2_interfaces/action/detail/dds_fastrtps/sleep__type_support.cpp.o
[3.691s] [ 48%] Building C object CMakeFiles/btcpp_ros2_interfaces__rosidl_typesupport_introspection_c.dir/rosidl_typesupport_introspection_c/btcpp_ros2_interfaces/msg/detail/node_status__type_support.c.o
[3.691s] [ 48%] Building C object CMakeFiles/btcpp_ros2_interfaces__rosidl_typesupport_introspection_c.dir/rosidl_typesupport_introspection_c/btcpp_ros2_interfaces/action/detail/execute_tree__type_support.c.o
[3.691s] [ 51%] Building C object CMakeFiles/btcpp_ros2_interfaces__rosidl_typesupport_introspection_c.dir/rosidl_typesupport_introspection_c/btcpp_ros2_interfaces/action/detail/sleep__type_support.c.o
[3.709s] [ 53%] Building CXX object CMakeFiles/btcpp_ros2_interfaces__rosidl_typesupport_c.dir/rosidl_typesupport_c/btcpp_ros2_interfaces/action/sleep__type_support.cpp.o
[3.712s] [ 57%] Building CXX object CMakeFiles/btcpp_ros2_interfaces__rosidl_typesupport_c.dir/rosidl_typesupport_c/btcpp_ros2_interfaces/action/execute_tree__type_support.cpp.o
[3.713s] [ 57%] Building CXX object CMakeFiles/btcpp_ros2_interfaces__rosidl_typesupport_c.dir/rosidl_typesupport_c/btcpp_ros2_interfaces/msg/node_status__type_support.cpp.o
[3.736s] [ 61%] Building CXX object CMakeFiles/btcpp_ros2_interfaces__rosidl_typesupport_fastrtps_c.dir/rosidl_typesupport_fastrtps_c/btcpp_ros2_interfaces/msg/detail/node_status__type_support_c.cpp.o
[3.736s] [ 61%] Building CXX object CMakeFiles/btcpp_ros2_interfaces__rosidl_typesupport_fastrtps_c.dir/rosidl_typesupport_fastrtps_c/btcpp_ros2_interfaces/action/detail/sleep__type_support_c.cpp.o
[3.738s] [ 63%] Building CXX object CMakeFiles/btcpp_ros2_interfaces__rosidl_typesupport_fastrtps_c.dir/rosidl_typesupport_fastrtps_c/btcpp_ros2_interfaces/action/detail/execute_tree__type_support_c.cpp.o
[3.761s] [ 65%] Linking C shared library libbtcpp_ros2_interfaces__rosidl_typesupport_introspection_c.so
[3.781s] [ 68%] Linking CXX shared library libbtcpp_ros2_interfaces__rosidl_typesupport_c.so
[3.802s] [ 68%] Built target btcpp_ros2_interfaces__rosidl_typesupport_introspection_c
[3.845s] [ 68%] Built target btcpp_ros2_interfaces__rosidl_typesupport_c
[4.085s] [ 70%] Linking CXX shared library libbtcpp_ros2_interfaces__rosidl_typesupport_cpp.so
[4.115s] [ 72%] Linking CXX shared library libbtcpp_ros2_interfaces__rosidl_typesupport_introspection_cpp.so
[4.138s] [ 72%] Built target btcpp_ros2_interfaces__rosidl_typesupport_cpp
[4.194s] [ 72%] Built target btcpp_ros2_interfaces__rosidl_typesupport_introspection_cpp
[4.226s] [ 74%] Linking CXX shared library libbtcpp_ros2_interfaces__rosidl_typesupport_fastrtps_cpp.so
[4.233s] [ 76%] Linking CXX shared library libbtcpp_ros2_interfaces__rosidl_typesupport_fastrtps_c.so
[4.298s] [ 76%] Built target btcpp_ros2_interfaces__rosidl_typesupport_fastrtps_cpp
[4.301s] [ 76%] Built target btcpp_ros2_interfaces__rosidl_typesupport_fastrtps_c
[4.323s] [ 76%] Built target btcpp_ros2_interfaces
[4.350s] [ 78%] Generating Python code for ROS interfaces
[5.623s] [ 78%] Built target btcpp_ros2_interfaces__py
[5.644s] [ 80%] Building C object CMakeFiles/btcpp_ros2_interfaces__rosidl_generator_py.dir/rosidl_generator_py/btcpp_ros2_interfaces/action/_execute_tree_s.c.o
[5.644s] [ 82%] Building C object CMakeFiles/btcpp_ros2_interfaces__rosidl_generator_py.dir/rosidl_generator_py/btcpp_ros2_interfaces/msg/_node_status_s.c.o
[5.644s] [ 85%] Building C object CMakeFiles/btcpp_ros2_interfaces__rosidl_generator_py.dir/rosidl_generator_py/btcpp_ros2_interfaces/action/_sleep_s.c.o
[5.779s] [ 87%] Linking C shared library rosidl_generator_py/btcpp_ros2_interfaces/libbtcpp_ros2_interfaces__rosidl_generator_py.so
[5.824s] [ 87%] Built target btcpp_ros2_interfaces__rosidl_generator_py
[5.845s] [ 89%] Building C object CMakeFiles/btcpp_ros2_interfaces__rosidl_typesupport_c__pyext.dir/rosidl_generator_py/btcpp_ros2_interfaces/_btcpp_ros2_interfaces_s.ep.rosidl_typesupport_c.c.o
[5.847s] [ 93%] Building C object CMakeFiles/btcpp_ros2_interfaces__rosidl_typesupport_introspection_c__pyext.dir/rosidl_generator_py/btcpp_ros2_interfaces/_btcpp_ros2_interfaces_s.ep.rosidl_typesupport_introspection_c.c.o
[5.847s] [ 93%] Building C object CMakeFiles/btcpp_ros2_interfaces__rosidl_typesupport_fastrtps_c__pyext.dir/rosidl_generator_py/btcpp_ros2_interfaces/_btcpp_ros2_interfaces_s.ep.rosidl_typesupport_fastrtps_c.c.o
[5.970s] [ 95%] Linking C shared library rosidl_generator_py/btcpp_ros2_interfaces/btcpp_ros2_interfaces_s__rosidl_typesupport_fastrtps_c.cpython-310-x86_64-linux-gnu.so
[5.972s] [ 97%] Linking C shared library rosidl_generator_py/btcpp_ros2_interfaces/btcpp_ros2_interfaces_s__rosidl_typesupport_introspection_c.cpython-310-x86_64-linux-gnu.so
[5.980s] [100%] Linking C shared library rosidl_generator_py/btcpp_ros2_interfaces/btcpp_ros2_interfaces_s__rosidl_typesupport_c.cpython-310-x86_64-linux-gnu.so
[6.015s] [100%] Built target btcpp_ros2_interfaces__rosidl_typesupport_fastrtps_c__pyext
[6.020s] [100%] Built target btcpp_ros2_interfaces__rosidl_typesupport_introspection_c__pyext
[6.025s] [100%] Built target btcpp_ros2_interfaces__rosidl_typesupport_c__pyext
[6.036s] Invoked command in '/home/ats/ats_sentry_ws/build/btcpp_ros2_interfaces' returned '0': CMAKE_PREFIX_PATH=${CMAKE_PREFIX_PATH}:/opt/ros/humble /usr/bin/cmake --build /home/ats/ats_sentry_ws/build/btcpp_ros2_interfaces -- -j32 -l32
[6.038s] Invoking command in '/home/ats/ats_sentry_ws/build/btcpp_ros2_interfaces': CMAKE_PREFIX_PATH=${CMAKE_PREFIX_PATH}:/opt/ros/humble /usr/bin/cmake --install /home/ats/ats_sentry_ws/build/btcpp_ros2_interfaces
[6.046s] -- Install configuration: ""
[6.046s] -- Installing: /home/ats/ats_sentry_ws/install/btcpp_ros2_interfaces/share/ament_index/resource_index/rosidl_interfaces/btcpp_ros2_interfaces
[6.046s] -- Installing: /home/ats/ats_sentry_ws/install/btcpp_ros2_interfaces/include/btcpp_ros2_interfaces/btcpp_ros2_interfaces
[6.046s] -- Installing: /home/ats/ats_sentry_ws/install/btcpp_ros2_interfaces/include/btcpp_ros2_interfaces/btcpp_ros2_interfaces/action
[6.046s] -- Installing: /home/ats/ats_sentry_ws/install/btcpp_ros2_interfaces/include/btcpp_ros2_interfaces/btcpp_ros2_interfaces/action/execute_tree.h
[6.047s] -- Installing: /home/ats/ats_sentry_ws/install/btcpp_ros2_interfaces/include/btcpp_ros2_interfaces/btcpp_ros2_interfaces/action/sleep.h
[6.047s] -- Installing: /home/ats/ats_sentry_ws/install/btcpp_ros2_interfaces/include/btcpp_ros2_interfaces/btcpp_ros2_interfaces/action/detail
[6.047s] -- Installing: /home/ats/ats_sentry_ws/install/btcpp_ros2_interfaces/include/btcpp_ros2_interfaces/btcpp_ros2_interfaces/action/detail/sleep__struct.h
[6.047s] -- Installing: /home/ats/ats_sentry_ws/install/btcpp_ros2_interfaces/include/btcpp_ros2_interfaces/btcpp_ros2_interfaces/action/detail/execute_tree__struct.h
[6.047s] -- Installing: /home/ats/ats_sentry_ws/install/btcpp_ros2_interfaces/include/btcpp_ros2_interfaces/btcpp_ros2_interfaces/action/detail/execute_tree__type_support.h
[6.048s] -- Installing: /home/ats/ats_sentry_ws/install/btcpp_ros2_interfaces/include/btcpp_ros2_interfaces/btcpp_ros2_interfaces/action/detail/execute_tree__functions.h
[6.048s] -- Installing: /home/ats/ats_sentry_ws/install/btcpp_ros2_interfaces/include/btcpp_ros2_interfaces/btcpp_ros2_interfaces/action/detail/execute_tree__functions.c
[6.049s] -- Installing: /home/ats/ats_sentry_ws/install/btcpp_ros2_interfaces/include/btcpp_ros2_interfaces/btcpp_ros2_interfaces/action/detail/sleep__type_support.h
[6.049s] -- Installing: /home/ats/ats_sentry_ws/install/btcpp_ros2_interfaces/include/btcpp_ros2_interfaces/btcpp_ros2_interfaces/action/detail/sleep__functions.h
[6.049s] -- Installing: /home/ats/ats_sentry_ws/install/btcpp_ros2_interfaces/include/btcpp_ros2_interfaces/btcpp_ros2_interfaces/action/detail/sleep__functions.c
[6.049s] -- Installing: /home/ats/ats_sentry_ws/install/btcpp_ros2_interfaces/include/btcpp_ros2_interfaces/btcpp_ros2_interfaces/msg
[6.049s] -- Installing: /home/ats/ats_sentry_ws/install/btcpp_ros2_interfaces/include/btcpp_ros2_interfaces/btcpp_ros2_interfaces/msg/node_status.h
[6.050s] -- Installing: /home/ats/ats_sentry_ws/install/btcpp_ros2_interfaces/include/btcpp_ros2_interfaces/btcpp_ros2_interfaces/msg/detail
[6.050s] -- Installing: /home/ats/ats_sentry_ws/install/btcpp_ros2_interfaces/include/btcpp_ros2_interfaces/btcpp_ros2_interfaces/msg/detail/node_status__struct.h
[6.050s] -- Installing: /home/ats/ats_sentry_ws/install/btcpp_ros2_interfaces/include/btcpp_ros2_interfaces/btcpp_ros2_interfaces/msg/detail/node_status__functions.c
[6.050s] -- Installing: /home/ats/ats_sentry_ws/install/btcpp_ros2_interfaces/include/btcpp_ros2_interfaces/btcpp_ros2_interfaces/msg/detail/node_status__functions.h
[6.050s] -- Installing: /home/ats/ats_sentry_ws/install/btcpp_ros2_interfaces/include/btcpp_ros2_interfaces/btcpp_ros2_interfaces/msg/detail/node_status__type_support.h
[6.050s] -- Installing: /home/ats/ats_sentry_ws/install/btcpp_ros2_interfaces/include/btcpp_ros2_interfaces/btcpp_ros2_interfaces/msg/rosidl_generator_c__visibility_control.h
[6.050s] -- Installing: /home/ats/ats_sentry_ws/install/btcpp_ros2_interfaces/share/btcpp_ros2_interfaces/environment/library_path.sh
[6.050s] -- Installing: /home/ats/ats_sentry_ws/install/btcpp_ros2_interfaces/share/btcpp_ros2_interfaces/environment/library_path.dsv
[6.051s] -- Installing: /home/ats/ats_sentry_ws/install/btcpp_ros2_interfaces/lib/libbtcpp_ros2_interfaces__rosidl_generator_c.so
[6.051s] -- Set runtime path of "/home/ats/ats_sentry_ws/install/btcpp_ros2_interfaces/lib/libbtcpp_ros2_interfaces__rosidl_generator_c.so" to ""
[6.051s] -- Up-to-date: /home/ats/ats_sentry_ws/install/btcpp_ros2_interfaces/include/btcpp_ros2_interfaces/btcpp_ros2_interfaces
[6.051s] -- Up-to-date: /home/ats/ats_sentry_ws/install/btcpp_ros2_interfaces/include/btcpp_ros2_interfaces/btcpp_ros2_interfaces/action
[6.051s] -- Up-to-date: /home/ats/ats_sentry_ws/install/btcpp_ros2_interfaces/include/btcpp_ros2_interfaces/btcpp_ros2_interfaces/action/detail
[6.051s] -- Installing: /home/ats/ats_sentry_ws/install/btcpp_ros2_interfaces/include/btcpp_ros2_interfaces/btcpp_ros2_interfaces/action/detail/execute_tree__rosidl_typesupport_fastrtps_c.h
[6.052s] -- Installing: /home/ats/ats_sentry_ws/install/btcpp_ros2_interfaces/include/btcpp_ros2_interfaces/btcpp_ros2_interfaces/action/detail/sleep__rosidl_typesupport_fastrtps_c.h
[6.052s] -- Up-to-date: /home/ats/ats_sentry_ws/install/btcpp_ros2_interfaces/include/btcpp_ros2_interfaces/btcpp_ros2_interfaces/msg
[6.052s] -- Up-to-date: /home/ats/ats_sentry_ws/install/btcpp_ros2_interfaces/include/btcpp_ros2_interfaces/btcpp_ros2_interfaces/msg/detail
[6.052s] -- Installing: /home/ats/ats_sentry_ws/install/btcpp_ros2_interfaces/include/btcpp_ros2_interfaces/btcpp_ros2_interfaces/msg/detail/node_status__rosidl_typesupport_fastrtps_c.h
[6.052s] -- Installing: /home/ats/ats_sentry_ws/install/btcpp_ros2_interfaces/include/btcpp_ros2_interfaces/btcpp_ros2_interfaces/msg/rosidl_typesupport_fastrtps_c__visibility_control.h
[6.052s] -- Installing: /home/ats/ats_sentry_ws/install/btcpp_ros2_interfaces/lib/libbtcpp_ros2_interfaces__rosidl_typesupport_fastrtps_c.so
[6.052s] -- Set runtime path of "/home/ats/ats_sentry_ws/install/btcpp_ros2_interfaces/lib/libbtcpp_ros2_interfaces__rosidl_typesupport_fastrtps_c.so" to ""
[6.052s] -- Up-to-date: /home/ats/ats_sentry_ws/install/btcpp_ros2_interfaces/include/btcpp_ros2_interfaces/btcpp_ros2_interfaces
[6.052s] -- Up-to-date: /home/ats/ats_sentry_ws/install/btcpp_ros2_interfaces/include/btcpp_ros2_interfaces/btcpp_ros2_interfaces/action
[6.052s] -- Up-to-date: /home/ats/ats_sentry_ws/install/btcpp_ros2_interfaces/include/btcpp_ros2_interfaces/btcpp_ros2_interfaces/action/detail
[6.052s] -- Installing: /home/ats/ats_sentry_ws/install/btcpp_ros2_interfaces/include/btcpp_ros2_interfaces/btcpp_ros2_interfaces/action/detail/execute_tree__type_support.c
[6.053s] -- Installing: /home/ats/ats_sentry_ws/install/btcpp_ros2_interfaces/include/btcpp_ros2_interfaces/btcpp_ros2_interfaces/action/detail/sleep__rosidl_typesupport_introspection_c.h
[6.053s] -- Installing: /home/ats/ats_sentry_ws/install/btcpp_ros2_interfaces/include/btcpp_ros2_interfaces/btcpp_ros2_interfaces/action/detail/sleep__type_support.c
[6.053s] -- Installing: /home/ats/ats_sentry_ws/install/btcpp_ros2_interfaces/include/btcpp_ros2_interfaces/btcpp_ros2_interfaces/action/detail/execute_tree__rosidl_typesupport_introspection_c.h
[6.053s] -- Up-to-date: /home/ats/ats_sentry_ws/install/btcpp_ros2_interfaces/include/btcpp_ros2_interfaces/btcpp_ros2_interfaces/msg
[6.053s] -- Up-to-date: /home/ats/ats_sentry_ws/install/btcpp_ros2_interfaces/include/btcpp_ros2_interfaces/btcpp_ros2_interfaces/msg/detail
[6.053s] -- Installing: /home/ats/ats_sentry_ws/install/btcpp_ros2_interfaces/include/btcpp_ros2_interfaces/btcpp_ros2_interfaces/msg/detail/node_status__type_support.c
[6.053s] -- Installing: /home/ats/ats_sentry_ws/install/btcpp_ros2_interfaces/include/btcpp_ros2_interfaces/btcpp_ros2_interfaces/msg/detail/node_status__rosidl_typesupport_introspection_c.h
[6.053s] -- Installing: /home/ats/ats_sentry_ws/install/btcpp_ros2_interfaces/include/btcpp_ros2_interfaces/btcpp_ros2_interfaces/msg/rosidl_typesupport_introspection_c__visibility_control.h
[6.053s] -- Installing: /home/ats/ats_sentry_ws/install/btcpp_ros2_interfaces/lib/libbtcpp_ros2_interfaces__rosidl_typesupport_introspection_c.so
[6.053s] -- Set runtime path of "/home/ats/ats_sentry_ws/install/btcpp_ros2_interfaces/lib/libbtcpp_ros2_interfaces__rosidl_typesupport_introspection_c.so" to ""
[6.053s] -- Installing: /home/ats/ats_sentry_ws/install/btcpp_ros2_interfaces/lib/libbtcpp_ros2_interfaces__rosidl_typesupport_c.so
[6.053s] -- Set runtime path of "/home/ats/ats_sentry_ws/install/btcpp_ros2_interfaces/lib/libbtcpp_ros2_interfaces__rosidl_typesupport_c.so" to ""
[6.054s] -- Up-to-date: /home/ats/ats_sentry_ws/install/btcpp_ros2_interfaces/include/btcpp_ros2_interfaces/btcpp_ros2_interfaces
[6.054s] -- Up-to-date: /home/ats/ats_sentry_ws/install/btcpp_ros2_interfaces/include/btcpp_ros2_interfaces/btcpp_ros2_interfaces/action
[6.054s] -- Installing: /home/ats/ats_sentry_ws/install/btcpp_ros2_interfaces/include/btcpp_ros2_interfaces/btcpp_ros2_interfaces/action/execute_tree.hpp
[6.054s] -- Up-to-date: /home/ats/ats_sentry_ws/install/btcpp_ros2_interfaces/include/btcpp_ros2_interfaces/btcpp_ros2_interfaces/action/detail
[6.054s] -- Installing: /home/ats/ats_sentry_ws/install/btcpp_ros2_interfaces/include/btcpp_ros2_interfaces/btcpp_ros2_interfaces/action/detail/execute_tree__builder.hpp
[6.054s] -- Installing: /home/ats/ats_sentry_ws/install/btcpp_ros2_interfaces/include/btcpp_ros2_interfaces/btcpp_ros2_interfaces/action/detail/sleep__type_support.hpp
[6.054s] -- Installing: /home/ats/ats_sentry_ws/install/btcpp_ros2_interfaces/include/btcpp_ros2_interfaces/btcpp_ros2_interfaces/action/detail/sleep__traits.hpp
[6.054s] -- Installing: /home/ats/ats_sentry_ws/install/btcpp_ros2_interfaces/include/btcpp_ros2_interfaces/btcpp_ros2_interfaces/action/detail/execute_tree__traits.hpp
[6.054s] -- Installing: /home/ats/ats_sentry_ws/install/btcpp_ros2_interfaces/include/btcpp_ros2_interfaces/btcpp_ros2_interfaces/action/detail/sleep__struct.hpp
[6.054s] -- Installing: /home/ats/ats_sentry_ws/install/btcpp_ros2_interfaces/include/btcpp_ros2_interfaces/btcpp_ros2_interfaces/action/detail/sleep__builder.hpp
[6.055s] -- Installing: /home/ats/ats_sentry_ws/install/btcpp_ros2_interfaces/include/btcpp_ros2_interfaces/btcpp_ros2_interfaces/action/detail/execute_tree__type_support.hpp
[6.055s] -- Installing: /home/ats/ats_sentry_ws/install/btcpp_ros2_interfaces/include/btcpp_ros2_interfaces/btcpp_ros2_interfaces/action/detail/execute_tree__struct.hpp
[6.055s] -- Installing: /home/ats/ats_sentry_ws/install/btcpp_ros2_interfaces/include/btcpp_ros2_interfaces/btcpp_ros2_interfaces/action/sleep.hpp
[6.055s] -- Up-to-date: /home/ats/ats_sentry_ws/install/btcpp_ros2_interfaces/include/btcpp_ros2_interfaces/btcpp_ros2_interfaces/msg
[6.055s] -- Installing: /home/ats/ats_sentry_ws/install/btcpp_ros2_interfaces/include/btcpp_ros2_interfaces/btcpp_ros2_interfaces/msg/rosidl_generator_cpp__visibility_control.hpp
[6.055s] -- Up-to-date: /home/ats/ats_sentry_ws/install/btcpp_ros2_interfaces/include/btcpp_ros2_interfaces/btcpp_ros2_interfaces/msg/detail
[6.055s] -- Installing: /home/ats/ats_sentry_ws/install/btcpp_ros2_interfaces/include/btcpp_ros2_interfaces/btcpp_ros2_interfaces/msg/detail/node_status__struct.hpp
[6.055s] -- Installing: /home/ats/ats_sentry_ws/install/btcpp_ros2_interfaces/include/btcpp_ros2_interfaces/btcpp_ros2_interfaces/msg/detail/node_status__builder.hpp
[6.056s] -- Installing: /home/ats/ats_sentry_ws/install/btcpp_ros2_interfaces/include/btcpp_ros2_interfaces/btcpp_ros2_interfaces/msg/detail/node_status__type_support.hpp
[6.056s] -- Installing: /home/ats/ats_sentry_ws/install/btcpp_ros2_interfaces/include/btcpp_ros2_interfaces/btcpp_ros2_interfaces/msg/detail/node_status__traits.hpp
[6.056s] -- Installing: /home/ats/ats_sentry_ws/install/btcpp_ros2_interfaces/include/btcpp_ros2_interfaces/btcpp_ros2_interfaces/msg/node_status.hpp
[6.056s] -- Up-to-date: /home/ats/ats_sentry_ws/install/btcpp_ros2_interfaces/include/btcpp_ros2_interfaces/btcpp_ros2_interfaces
[6.056s] -- Up-to-date: /home/ats/ats_sentry_ws/install/btcpp_ros2_interfaces/include/btcpp_ros2_interfaces/btcpp_ros2_interfaces/action
[6.056s] -- Up-to-date: /home/ats/ats_sentry_ws/install/btcpp_ros2_interfaces/include/btcpp_ros2_interfaces/btcpp_ros2_interfaces/action/detail
[6.056s] -- Installing: /home/ats/ats_sentry_ws/install/btcpp_ros2_interfaces/include/btcpp_ros2_interfaces/btcpp_ros2_interfaces/action/detail/execute_tree__rosidl_typesupport_fastrtps_cpp.hpp
[6.056s] -- Installing: /home/ats/ats_sentry_ws/install/btcpp_ros2_interfaces/include/btcpp_ros2_interfaces/btcpp_ros2_interfaces/action/detail/dds_fastrtps
[6.056s] -- Installing: /home/ats/ats_sentry_ws/install/btcpp_ros2_interfaces/include/btcpp_ros2_interfaces/btcpp_ros2_interfaces/action/detail/sleep__rosidl_typesupport_fastrtps_cpp.hpp
[6.056s] -- Up-to-date: /home/ats/ats_sentry_ws/install/btcpp_ros2_interfaces/include/btcpp_ros2_interfaces/btcpp_ros2_interfaces/msg
[6.056s] -- Installing: /home/ats/ats_sentry_ws/install/btcpp_ros2_interfaces/include/btcpp_ros2_interfaces/btcpp_ros2_interfaces/msg/rosidl_typesupport_fastrtps_cpp__visibility_control.h
[6.057s] -- Up-to-date: /home/ats/ats_sentry_ws/install/btcpp_ros2_interfaces/include/btcpp_ros2_interfaces/btcpp_ros2_interfaces/msg/detail
[6.057s] -- Installing: /home/ats/ats_sentry_ws/install/btcpp_ros2_interfaces/include/btcpp_ros2_interfaces/btcpp_ros2_interfaces/msg/detail/dds_fastrtps
[6.057s] -- Installing: /home/ats/ats_sentry_ws/install/btcpp_ros2_interfaces/include/btcpp_ros2_interfaces/btcpp_ros2_interfaces/msg/detail/node_status__rosidl_typesupport_fastrtps_cpp.hpp
[6.057s] -- Installing: /home/ats/ats_sentry_ws/install/btcpp_ros2_interfaces/lib/libbtcpp_ros2_interfaces__rosidl_typesupport_fastrtps_cpp.so
[6.057s] -- Set runtime path of "/home/ats/ats_sentry_ws/install/btcpp_ros2_interfaces/lib/libbtcpp_ros2_interfaces__rosidl_typesupport_fastrtps_cpp.so" to ""
[6.057s] -- Up-to-date: /home/ats/ats_sentry_ws/install/btcpp_ros2_interfaces/include/btcpp_ros2_interfaces/btcpp_ros2_interfaces
[6.057s] -- Up-to-date: /home/ats/ats_sentry_ws/install/btcpp_ros2_interfaces/include/btcpp_ros2_interfaces/btcpp_ros2_interfaces/action
[6.057s] -- Up-to-date: /home/ats/ats_sentry_ws/install/btcpp_ros2_interfaces/include/btcpp_ros2_interfaces/btcpp_ros2_interfaces/action/detail
[6.057s] -- Installing: /home/ats/ats_sentry_ws/install/btcpp_ros2_interfaces/include/btcpp_ros2_interfaces/btcpp_ros2_interfaces/action/detail/execute_tree__rosidl_typesupport_introspection_cpp.hpp
[6.057s] -- Installing: /home/ats/ats_sentry_ws/install/btcpp_ros2_interfaces/include/btcpp_ros2_interfaces/btcpp_ros2_interfaces/action/detail/sleep__rosidl_typesupport_introspection_cpp.hpp
[6.057s] -- Installing: /home/ats/ats_sentry_ws/install/btcpp_ros2_interfaces/include/btcpp_ros2_interfaces/btcpp_ros2_interfaces/action/detail/sleep__type_support.cpp
[6.057s] -- Installing: /home/ats/ats_sentry_ws/install/btcpp_ros2_interfaces/include/btcpp_ros2_interfaces/btcpp_ros2_interfaces/action/detail/execute_tree__type_support.cpp
[6.057s] -- Up-to-date: /home/ats/ats_sentry_ws/install/btcpp_ros2_interfaces/include/btcpp_ros2_interfaces/btcpp_ros2_interfaces/msg
[6.057s] -- Up-to-date: /home/ats/ats_sentry_ws/install/btcpp_ros2_interfaces/include/btcpp_ros2_interfaces/btcpp_ros2_interfaces/msg/detail
[6.057s] -- Installing: /home/ats/ats_sentry_ws/install/btcpp_ros2_interfaces/include/btcpp_ros2_interfaces/btcpp_ros2_interfaces/msg/detail/node_status__rosidl_typesupport_introspection_cpp.hpp
[6.057s] -- Installing: /home/ats/ats_sentry_ws/install/btcpp_ros2_interfaces/include/btcpp_ros2_interfaces/btcpp_ros2_interfaces/msg/detail/node_status__type_support.cpp
[6.057s] -- Installing: /home/ats/ats_sentry_ws/install/btcpp_ros2_interfaces/lib/libbtcpp_ros2_interfaces__rosidl_typesupport_introspection_cpp.so
[6.057s] -- Set runtime path of "/home/ats/ats_sentry_ws/install/btcpp_ros2_interfaces/lib/libbtcpp_ros2_interfaces__rosidl_typesupport_introspection_cpp.so" to ""
[6.057s] -- Installing: /home/ats/ats_sentry_ws/install/btcpp_ros2_interfaces/lib/libbtcpp_ros2_interfaces__rosidl_typesupport_cpp.so
[6.057s] -- Set runtime path of "/home/ats/ats_sentry_ws/install/btcpp_ros2_interfaces/lib/libbtcpp_ros2_interfaces__rosidl_typesupport_cpp.so" to ""
[6.058s] -- Installing: /home/ats/ats_sentry_ws/install/btcpp_ros2_interfaces/share/btcpp_ros2_interfaces/environment/pythonpath.sh
[6.058s] -- Installing: /home/ats/ats_sentry_ws/install/btcpp_ros2_interfaces/share/btcpp_ros2_interfaces/environment/pythonpath.dsv
[6.058s] -- Installing: /home/ats/ats_sentry_ws/install/btcpp_ros2_interfaces/local/lib/python3.10/dist-packages/btcpp_ros2_interfaces-0.2.0-py3.10.egg-info
[6.058s] -- Installing: /home/ats/ats_sentry_ws/install/btcpp_ros2_interfaces/local/lib/python3.10/dist-packages/btcpp_ros2_interfaces-0.2.0-py3.10.egg-info/top_level.txt
[6.058s] -- Installing: /home/ats/ats_sentry_ws/install/btcpp_ros2_interfaces/local/lib/python3.10/dist-packages/btcpp_ros2_interfaces-0.2.0-py3.10.egg-info/SOURCES.txt
[6.058s] -- Installing: /home/ats/ats_sentry_ws/install/btcpp_ros2_interfaces/local/lib/python3.10/dist-packages/btcpp_ros2_interfaces-0.2.0-py3.10.egg-info/PKG-INFO
[6.058s] -- Installing: /home/ats/ats_sentry_ws/install/btcpp_ros2_interfaces/local/lib/python3.10/dist-packages/btcpp_ros2_interfaces-0.2.0-py3.10.egg-info/dependency_links.txt
[6.058s] -- Installing: /home/ats/ats_sentry_ws/install/btcpp_ros2_interfaces/local/lib/python3.10/dist-packages/btcpp_ros2_interfaces
[6.058s] -- Installing: /home/ats/ats_sentry_ws/install/btcpp_ros2_interfaces/local/lib/python3.10/dist-packages/btcpp_ros2_interfaces/btcpp_ros2_interfaces_s__rosidl_typesupport_fastrtps_c.cpython-310-x86_64-linux-gnu.so
[6.058s] -- Installing: /home/ats/ats_sentry_ws/install/btcpp_ros2_interfaces/local/lib/python3.10/dist-packages/btcpp_ros2_interfaces/_btcpp_ros2_interfaces_s.ep.rosidl_typesupport_fastrtps_c.c
[6.058s] -- Installing: /home/ats/ats_sentry_ws/install/btcpp_ros2_interfaces/local/lib/python3.10/dist-packages/btcpp_ros2_interfaces/btcpp_ros2_interfaces_s__rosidl_typesupport_introspection_c.cpython-310-x86_64-linux-gnu.so
[6.058s] -- Installing: /home/ats/ats_sentry_ws/install/btcpp_ros2_interfaces/local/lib/python3.10/dist-packages/btcpp_ros2_interfaces/__init__.py
[6.058s] -- Installing: /home/ats/ats_sentry_ws/install/btcpp_ros2_interfaces/local/lib/python3.10/dist-packages/btcpp_ros2_interfaces/btcpp_ros2_interfaces_s__rosidl_typesupport_c.cpython-310-x86_64-linux-gnu.so
[6.058s] -- Installing: /home/ats/ats_sentry_ws/install/btcpp_ros2_interfaces/local/lib/python3.10/dist-packages/btcpp_ros2_interfaces/action
[6.058s] -- Installing: /home/ats/ats_sentry_ws/install/btcpp_ros2_interfaces/local/lib/python3.10/dist-packages/btcpp_ros2_interfaces/action/__init__.py
[6.058s] -- Installing: /home/ats/ats_sentry_ws/install/btcpp_ros2_interfaces/local/lib/python3.10/dist-packages/btcpp_ros2_interfaces/action/_execute_tree_s.c
[6.059s] -- Installing: /home/ats/ats_sentry_ws/install/btcpp_ros2_interfaces/local/lib/python3.10/dist-packages/btcpp_ros2_interfaces/action/_sleep_s.c
[6.059s] -- Installing: /home/ats/ats_sentry_ws/install/btcpp_ros2_interfaces/local/lib/python3.10/dist-packages/btcpp_ros2_interfaces/action/_sleep.py
[6.059s] -- Installing: /home/ats/ats_sentry_ws/install/btcpp_ros2_interfaces/local/lib/python3.10/dist-packages/btcpp_ros2_interfaces/action/_execute_tree.py
[6.059s] -- Installing: /home/ats/ats_sentry_ws/install/btcpp_ros2_interfaces/local/lib/python3.10/dist-packages/btcpp_ros2_interfaces/_btcpp_ros2_interfaces_s.ep.rosidl_typesupport_c.c
[6.059s] -- Installing: /home/ats/ats_sentry_ws/install/btcpp_ros2_interfaces/local/lib/python3.10/dist-packages/btcpp_ros2_interfaces/msg
[6.059s] -- Installing: /home/ats/ats_sentry_ws/install/btcpp_ros2_interfaces/local/lib/python3.10/dist-packages/btcpp_ros2_interfaces/msg/_node_status.py
[6.059s] -- Installing: /home/ats/ats_sentry_ws/install/btcpp_ros2_interfaces/local/lib/python3.10/dist-packages/btcpp_ros2_interfaces/msg/__init__.py
[6.059s] -- Installing: /home/ats/ats_sentry_ws/install/btcpp_ros2_interfaces/local/lib/python3.10/dist-packages/btcpp_ros2_interfaces/msg/_node_status_s.c
[6.059s] -- Installing: /home/ats/ats_sentry_ws/install/btcpp_ros2_interfaces/local/lib/python3.10/dist-packages/btcpp_ros2_interfaces/libbtcpp_ros2_interfaces__rosidl_generator_py.so
[6.059s] -- Installing: /home/ats/ats_sentry_ws/install/btcpp_ros2_interfaces/local/lib/python3.10/dist-packages/btcpp_ros2_interfaces/_btcpp_ros2_interfaces_s.ep.rosidl_typesupport_introspection_c.c
[6.103s] Listing '/home/ats/ats_sentry_ws/install/btcpp_ros2_interfaces/local/lib/python3.10/dist-packages/btcpp_ros2_interfaces'...
[6.103s] Compiling '/home/ats/ats_sentry_ws/install/btcpp_ros2_interfaces/local/lib/python3.10/dist-packages/btcpp_ros2_interfaces/__init__.py'...
[6.103s] Listing '/home/ats/ats_sentry_ws/install/btcpp_ros2_interfaces/local/lib/python3.10/dist-packages/btcpp_ros2_interfaces/action'...
[6.103s] Compiling '/home/ats/ats_sentry_ws/install/btcpp_ros2_interfaces/local/lib/python3.10/dist-packages/btcpp_ros2_interfaces/action/__init__.py'...
[6.103s] Compiling '/home/ats/ats_sentry_ws/install/btcpp_ros2_interfaces/local/lib/python3.10/dist-packages/btcpp_ros2_interfaces/action/_execute_tree.py'...
[6.103s] Compiling '/home/ats/ats_sentry_ws/install/btcpp_ros2_interfaces/local/lib/python3.10/dist-packages/btcpp_ros2_interfaces/action/_sleep.py'...
[6.103s] Listing '/home/ats/ats_sentry_ws/install/btcpp_ros2_interfaces/local/lib/python3.10/dist-packages/btcpp_ros2_interfaces/msg'...
[6.103s] Compiling '/home/ats/ats_sentry_ws/install/btcpp_ros2_interfaces/local/lib/python3.10/dist-packages/btcpp_ros2_interfaces/msg/__init__.py'...
[6.103s] Compiling '/home/ats/ats_sentry_ws/install/btcpp_ros2_interfaces/local/lib/python3.10/dist-packages/btcpp_ros2_interfaces/msg/_node_status.py'...
[6.108s] -- Installing: /home/ats/ats_sentry_ws/install/btcpp_ros2_interfaces/local/lib/python3.10/dist-packages/btcpp_ros2_interfaces/btcpp_ros2_interfaces_s__rosidl_typesupport_fastrtps_c.cpython-310-x86_64-linux-gnu.so
[6.108s] -- Set runtime path of "/home/ats/ats_sentry_ws/install/btcpp_ros2_interfaces/local/lib/python3.10/dist-packages/btcpp_ros2_interfaces/btcpp_ros2_interfaces_s__rosidl_typesupport_fastrtps_c.cpython-310-x86_64-linux-gnu.so" to ""
[6.108s] -- Installing: /home/ats/ats_sentry_ws/install/btcpp_ros2_interfaces/local/lib/python3.10/dist-packages/btcpp_ros2_interfaces/btcpp_ros2_interfaces_s__rosidl_typesupport_introspection_c.cpython-310-x86_64-linux-gnu.so
[6.108s] -- Set runtime path of "/home/ats/ats_sentry_ws/install/btcpp_ros2_interfaces/local/lib/python3.10/dist-packages/btcpp_ros2_interfaces/btcpp_ros2_interfaces_s__rosidl_typesupport_introspection_c.cpython-310-x86_64-linux-gnu.so" to ""
[6.108s] -- Installing: /home/ats/ats_sentry_ws/install/btcpp_ros2_interfaces/local/lib/python3.10/dist-packages/btcpp_ros2_interfaces/btcpp_ros2_interfaces_s__rosidl_typesupport_c.cpython-310-x86_64-linux-gnu.so
[6.109s] -- Set runtime path of "/home/ats/ats_sentry_ws/install/btcpp_ros2_interfaces/local/lib/python3.10/dist-packages/btcpp_ros2_interfaces/btcpp_ros2_interfaces_s__rosidl_typesupport_c.cpython-310-x86_64-linux-gnu.so" to ""
[6.109s] -- Installing: /home/ats/ats_sentry_ws/install/btcpp_ros2_interfaces/lib/libbtcpp_ros2_interfaces__rosidl_generator_py.so
[6.109s] -- Set runtime path of "/home/ats/ats_sentry_ws/install/btcpp_ros2_interfaces/lib/libbtcpp_ros2_interfaces__rosidl_generator_py.so" to ""
[6.109s] -- Installing: /home/ats/ats_sentry_ws/install/btcpp_ros2_interfaces/share/btcpp_ros2_interfaces/msg/NodeStatus.idl
[6.109s] -- Installing: /home/ats/ats_sentry_ws/install/btcpp_ros2_interfaces/share/btcpp_ros2_interfaces/action/ExecuteTree.idl
[6.109s] -- Installing: /home/ats/ats_sentry_ws/install/btcpp_ros2_interfaces/share/btcpp_ros2_interfaces/action/Sleep.idl
[6.109s] -- Installing: /home/ats/ats_sentry_ws/install/btcpp_ros2_interfaces/share/btcpp_ros2_interfaces/msg/NodeStatus.msg
[6.110s] -- Installing: /home/ats/ats_sentry_ws/install/btcpp_ros2_interfaces/share/btcpp_ros2_interfaces/action/ExecuteTree.action
[6.110s] -- Installing: /home/ats/ats_sentry_ws/install/btcpp_ros2_interfaces/share/btcpp_ros2_interfaces/action/Sleep.action
[6.110s] -- Installing: /home/ats/ats_sentry_ws/install/btcpp_ros2_interfaces/share/ament_index/resource_index/package_run_dependencies/btcpp_ros2_interfaces
[6.111s] -- Installing: /home/ats/ats_sentry_ws/install/btcpp_ros2_interfaces/share/ament_index/resource_index/parent_prefix_path/btcpp_ros2_interfaces
[6.111s] -- Installing: /home/ats/ats_sentry_ws/install/btcpp_ros2_interfaces/share/btcpp_ros2_interfaces/environment/ament_prefix_path.sh
[6.111s] -- Installing: /home/ats/ats_sentry_ws/install/btcpp_ros2_interfaces/share/btcpp_ros2_interfaces/environment/ament_prefix_path.dsv
[6.111s] -- Installing: /home/ats/ats_sentry_ws/install/btcpp_ros2_interfaces/share/btcpp_ros2_interfaces/environment/path.sh
[6.111s] -- Installing: /home/ats/ats_sentry_ws/install/btcpp_ros2_interfaces/share/btcpp_ros2_interfaces/environment/path.dsv
[6.111s] -- Installing: /home/ats/ats_sentry_ws/install/btcpp_ros2_interfaces/share/btcpp_ros2_interfaces/local_setup.bash
[6.111s] -- Installing: /home/ats/ats_sentry_ws/install/btcpp_ros2_interfaces/share/btcpp_ros2_interfaces/local_setup.sh
[6.111s] -- Installing: /home/ats/ats_sentry_ws/install/btcpp_ros2_interfaces/share/btcpp_ros2_interfaces/local_setup.zsh
[6.111s] -- Installing: /home/ats/ats_sentry_ws/install/btcpp_ros2_interfaces/share/btcpp_ros2_interfaces/local_setup.dsv
[6.111s] -- Installing: /home/ats/ats_sentry_ws/install/btcpp_ros2_interfaces/share/btcpp_ros2_interfaces/package.dsv
[6.111s] -- Installing: /home/ats/ats_sentry_ws/install/btcpp_ros2_interfaces/share/ament_index/resource_index/packages/btcpp_ros2_interfaces
[6.112s] -- Installing: /home/ats/ats_sentry_ws/install/btcpp_ros2_interfaces/share/btcpp_ros2_interfaces/cmake/export_btcpp_ros2_interfaces__rosidl_generator_cExport.cmake
[6.112s] -- Installing: /home/ats/ats_sentry_ws/install/btcpp_ros2_interfaces/share/btcpp_ros2_interfaces/cmake/export_btcpp_ros2_interfaces__rosidl_generator_cExport-noconfig.cmake
[6.112s] -- Installing: /home/ats/ats_sentry_ws/install/btcpp_ros2_interfaces/share/btcpp_ros2_interfaces/cmake/export_btcpp_ros2_interfaces__rosidl_typesupport_fastrtps_cExport.cmake
[6.112s] -- Installing: /home/ats/ats_sentry_ws/install/btcpp_ros2_interfaces/share/btcpp_ros2_interfaces/cmake/export_btcpp_ros2_interfaces__rosidl_typesupport_fastrtps_cExport-noconfig.cmake
[6.112s] -- Installing: /home/ats/ats_sentry_ws/install/btcpp_ros2_interfaces/share/btcpp_ros2_interfaces/cmake/btcpp_ros2_interfaces__rosidl_typesupport_introspection_cExport.cmake
[6.112s] -- Installing: /home/ats/ats_sentry_ws/install/btcpp_ros2_interfaces/share/btcpp_ros2_interfaces/cmake/btcpp_ros2_interfaces__rosidl_typesupport_introspection_cExport-noconfig.cmake
[6.112s] -- Installing: /home/ats/ats_sentry_ws/install/btcpp_ros2_interfaces/share/btcpp_ros2_interfaces/cmake/btcpp_ros2_interfaces__rosidl_typesupport_cExport.cmake
[6.112s] -- Installing: /home/ats/ats_sentry_ws/install/btcpp_ros2_interfaces/share/btcpp_ros2_interfaces/cmake/btcpp_ros2_interfaces__rosidl_typesupport_cExport-noconfig.cmake
[6.112s] -- Installing: /home/ats/ats_sentry_ws/install/btcpp_ros2_interfaces/share/btcpp_ros2_interfaces/cmake/export_btcpp_ros2_interfaces__rosidl_generator_cppExport.cmake
[6.112s] -- Installing: /home/ats/ats_sentry_ws/install/btcpp_ros2_interfaces/share/btcpp_ros2_interfaces/cmake/export_btcpp_ros2_interfaces__rosidl_typesupport_fastrtps_cppExport.cmake
[6.112s] -- Installing: /home/ats/ats_sentry_ws/install/btcpp_ros2_interfaces/share/btcpp_ros2_interfaces/cmake/export_btcpp_ros2_interfaces__rosidl_typesupport_fastrtps_cppExport-noconfig.cmake
[6.112s] -- Installing: /home/ats/ats_sentry_ws/install/btcpp_ros2_interfaces/share/btcpp_ros2_interfaces/cmake/btcpp_ros2_interfaces__rosidl_typesupport_introspection_cppExport.cmake
[6.112s] -- Installing: /home/ats/ats_sentry_ws/install/btcpp_ros2_interfaces/share/btcpp_ros2_interfaces/cmake/btcpp_ros2_interfaces__rosidl_typesupport_introspection_cppExport-noconfig.cmake
[6.112s] -- Installing: /home/ats/ats_sentry_ws/install/btcpp_ros2_interfaces/share/btcpp_ros2_interfaces/cmake/btcpp_ros2_interfaces__rosidl_typesupport_cppExport.cmake
[6.112s] -- Installing: /home/ats/ats_sentry_ws/install/btcpp_ros2_interfaces/share/btcpp_ros2_interfaces/cmake/btcpp_ros2_interfaces__rosidl_typesupport_cppExport-noconfig.cmake
[6.112s] -- Installing: /home/ats/ats_sentry_ws/install/btcpp_ros2_interfaces/share/btcpp_ros2_interfaces/cmake/export_btcpp_ros2_interfaces__rosidl_generator_pyExport.cmake
[6.112s] -- Installing: /home/ats/ats_sentry_ws/install/btcpp_ros2_interfaces/share/btcpp_ros2_interfaces/cmake/export_btcpp_ros2_interfaces__rosidl_generator_pyExport-noconfig.cmake
[6.112s] -- Installing: /home/ats/ats_sentry_ws/install/btcpp_ros2_interfaces/share/btcpp_ros2_interfaces/cmake/rosidl_cmake-extras.cmake
[6.112s] -- Installing: /home/ats/ats_sentry_ws/install/btcpp_ros2_interfaces/share/btcpp_ros2_interfaces/cmake/ament_cmake_export_dependencies-extras.cmake
[6.113s] -- Installing: /home/ats/ats_sentry_ws/install/btcpp_ros2_interfaces/share/btcpp_ros2_interfaces/cmake/ament_cmake_export_include_directories-extras.cmake
[6.113s] -- Installing: /home/ats/ats_sentry_ws/install/btcpp_ros2_interfaces/share/btcpp_ros2_interfaces/cmake/ament_cmake_export_libraries-extras.cmake
[6.113s] -- Installing: /home/ats/ats_sentry_ws/install/btcpp_ros2_interfaces/share/btcpp_ros2_interfaces/cmake/ament_cmake_export_targets-extras.cmake
[6.113s] -- Installing: /home/ats/ats_sentry_ws/install/btcpp_ros2_interfaces/share/btcpp_ros2_interfaces/cmake/rosidl_cmake_export_typesupport_targets-extras.cmake
[6.113s] -- Installing: /home/ats/ats_sentry_ws/install/btcpp_ros2_interfaces/share/btcpp_ros2_interfaces/cmake/rosidl_cmake_export_typesupport_libraries-extras.cmake
[6.113s] -- Installing: /home/ats/ats_sentry_ws/install/btcpp_ros2_interfaces/share/btcpp_ros2_interfaces/cmake/btcpp_ros2_interfacesConfig.cmake
[6.113s] -- Installing: /home/ats/ats_sentry_ws/install/btcpp_ros2_interfaces/share/btcpp_ros2_interfaces/cmake/btcpp_ros2_interfacesConfig-version.cmake
[6.113s] -- Installing: /home/ats/ats_sentry_ws/install/btcpp_ros2_interfaces/share/btcpp_ros2_interfaces/package.xml
[6.115s] Invoked command in '/home/ats/ats_sentry_ws/build/btcpp_ros2_interfaces' returned '0': CMAKE_PREFIX_PATH=${CMAKE_PREFIX_PATH}:/opt/ros/humble /usr/bin/cmake --install /home/ats/ats_sentry_ws/build/btcpp_ros2_interfaces
