running egg_info
creating ../../../build/sdformat_tools/sdformat_tools.egg-info
writing manifest file '../../../build/sdformat_tools/sdformat_tools.egg-info/SOURCES.txt'
writing manifest file '../../../build/sdformat_tools/sdformat_tools.egg-info/SOURCES.txt'
running build
running build_py
creating /home/ats/ats_sentry_ws/build/sdformat_tools/build
creating /home/ats/ats_sentry_ws/build/sdformat_tools/build/lib
creating /home/ats/ats_sentry_ws/build/sdformat_tools/build/lib/sdformat_tools
copying sdformat_tools/sdf_util.py -> /home/ats/ats_sentry_ws/build/sdformat_tools/build/lib/sdformat_tools
copying sdformat_tools/__init__.py -> /home/ats/ats_sentry_ws/build/sdformat_tools/build/lib/sdformat_tools
copying sdformat_tools/xmacro4sdf.py -> /home/ats/ats_sentry_ws/build/sdformat_tools/build/lib/sdformat_tools
copying sdformat_tools/urdf_generator.py -> /home/ats/ats_sentry_ws/build/sdformat_tools/build/lib/sdformat_tools
copying sdformat_tools/sdf2urdf.py -> /home/ats/ats_sentry_ws/build/sdformat_tools/build/lib/sdformat_tools
running install
running install_lib
creating /home/ats/ats_sentry_ws/install/sdformat_tools/lib/python3.10/site-packages/sdformat_tools
copying /home/ats/ats_sentry_ws/build/sdformat_tools/build/lib/sdformat_tools/sdf_util.py -> /home/ats/ats_sentry_ws/install/sdformat_tools/lib/python3.10/site-packages/sdformat_tools
copying /home/ats/ats_sentry_ws/build/sdformat_tools/build/lib/sdformat_tools/__init__.py -> /home/ats/ats_sentry_ws/install/sdformat_tools/lib/python3.10/site-packages/sdformat_tools
copying /home/ats/ats_sentry_ws/build/sdformat_tools/build/lib/sdformat_tools/xmacro4sdf.py -> /home/ats/ats_sentry_ws/install/sdformat_tools/lib/python3.10/site-packages/sdformat_tools
copying /home/ats/ats_sentry_ws/build/sdformat_tools/build/lib/sdformat_tools/urdf_generator.py -> /home/ats/ats_sentry_ws/install/sdformat_tools/lib/python3.10/site-packages/sdformat_tools
copying /home/ats/ats_sentry_ws/build/sdformat_tools/build/lib/sdformat_tools/sdf2urdf.py -> /home/ats/ats_sentry_ws/install/sdformat_tools/lib/python3.10/site-packages/sdformat_tools
byte-compiling /home/ats/ats_sentry_ws/install/sdformat_tools/lib/python3.10/site-packages/sdformat_tools/sdf_util.py to sdf_util.cpython-310.pyc
byte-compiling /home/ats/ats_sentry_ws/install/sdformat_tools/lib/python3.10/site-packages/sdformat_tools/__init__.py to __init__.cpython-310.pyc
byte-compiling /home/ats/ats_sentry_ws/install/sdformat_tools/lib/python3.10/site-packages/sdformat_tools/xmacro4sdf.py to xmacro4sdf.cpython-310.pyc
byte-compiling /home/ats/ats_sentry_ws/install/sdformat_tools/lib/python3.10/site-packages/sdformat_tools/urdf_generator.py to urdf_generator.cpython-310.pyc
byte-compiling /home/ats/ats_sentry_ws/install/sdformat_tools/lib/python3.10/site-packages/sdformat_tools/sdf2urdf.py to sdf2urdf.cpython-310.pyc
running install_data
creating /home/ats/ats_sentry_ws/install/sdformat_tools/share/ament_index
creating /home/ats/ats_sentry_ws/install/sdformat_tools/share/ament_index/resource_index
creating /home/ats/ats_sentry_ws/install/sdformat_tools/share/ament_index/resource_index/packages
copying resource/sdformat_tools -> /home/ats/ats_sentry_ws/install/sdformat_tools/share/ament_index/resource_index/packages
copying package.xml -> /home/ats/ats_sentry_ws/install/sdformat_tools/share/sdformat_tools
running install_egg_info
Copying ../../../build/sdformat_tools/sdformat_tools.egg-info to /home/ats/ats_sentry_ws/install/sdformat_tools/lib/python3.10/site-packages/sdformat_tools-0.0.1-py3.10.egg-info
running install_scripts
writing list of installed files to '/home/ats/ats_sentry_ws/build/sdformat_tools/install.log'
