[1.234s] Invoking command in '/home/ats/ats_sentry_ws/src/dependencies/sdformat_tools': PYTHONPATH=/home/ats/ats_sentry_ws/build/sdformat_tools/prefix_override:/usr/lib/python3/dist-packages/colcon_core/task/python/colcon_distutils_commands:/home/ats/ats_sentry_ws/install/sdformat_tools/lib/python3.10/site-packages:${PYTHONPATH} /usr/bin/python3 -W ignore:setup.py install is deprecated -W ignore:easy_install command is deprecated setup.py egg_info --egg-base ../../../build/sdformat_tools build --build-base /home/ats/ats_sentry_ws/build/sdformat_tools/build install --record /home/ats/ats_sentry_ws/build/sdformat_tools/install.log --single-version-externally-managed install_data
[1.468s] running egg_info
[1.469s] creating ../../../build/sdformat_tools/sdformat_tools.egg-info
[1.470s] writing manifest file '../../../build/sdformat_tools/sdformat_tools.egg-info/SOURCES.txt'
[1.472s] writing manifest file '../../../build/sdformat_tools/sdformat_tools.egg-info/SOURCES.txt'
[1.472s] running build
[1.473s] running build_py
[1.473s] creating /home/ats/ats_sentry_ws/build/sdformat_tools/build
[1.473s] creating /home/ats/ats_sentry_ws/build/sdformat_tools/build/lib
[1.473s] creating /home/ats/ats_sentry_ws/build/sdformat_tools/build/lib/sdformat_tools
[1.473s] copying sdformat_tools/sdf_util.py -> /home/ats/ats_sentry_ws/build/sdformat_tools/build/lib/sdformat_tools
[1.473s] copying sdformat_tools/__init__.py -> /home/ats/ats_sentry_ws/build/sdformat_tools/build/lib/sdformat_tools
[1.473s] copying sdformat_tools/xmacro4sdf.py -> /home/ats/ats_sentry_ws/build/sdformat_tools/build/lib/sdformat_tools
[1.473s] copying sdformat_tools/urdf_generator.py -> /home/ats/ats_sentry_ws/build/sdformat_tools/build/lib/sdformat_tools
[1.473s] copying sdformat_tools/sdf2urdf.py -> /home/ats/ats_sentry_ws/build/sdformat_tools/build/lib/sdformat_tools
[1.473s] running install
[1.476s] running install_lib
[1.476s] creating /home/ats/ats_sentry_ws/install/sdformat_tools/lib/python3.10/site-packages/sdformat_tools
[1.477s] copying /home/ats/ats_sentry_ws/build/sdformat_tools/build/lib/sdformat_tools/sdf_util.py -> /home/ats/ats_sentry_ws/install/sdformat_tools/lib/python3.10/site-packages/sdformat_tools
[1.477s] copying /home/ats/ats_sentry_ws/build/sdformat_tools/build/lib/sdformat_tools/__init__.py -> /home/ats/ats_sentry_ws/install/sdformat_tools/lib/python3.10/site-packages/sdformat_tools
[1.477s] copying /home/ats/ats_sentry_ws/build/sdformat_tools/build/lib/sdformat_tools/xmacro4sdf.py -> /home/ats/ats_sentry_ws/install/sdformat_tools/lib/python3.10/site-packages/sdformat_tools
[1.477s] copying /home/ats/ats_sentry_ws/build/sdformat_tools/build/lib/sdformat_tools/urdf_generator.py -> /home/ats/ats_sentry_ws/install/sdformat_tools/lib/python3.10/site-packages/sdformat_tools
[1.477s] copying /home/ats/ats_sentry_ws/build/sdformat_tools/build/lib/sdformat_tools/sdf2urdf.py -> /home/ats/ats_sentry_ws/install/sdformat_tools/lib/python3.10/site-packages/sdformat_tools
[1.478s] byte-compiling /home/ats/ats_sentry_ws/install/sdformat_tools/lib/python3.10/site-packages/sdformat_tools/sdf_util.py to sdf_util.cpython-310.pyc
[1.478s] byte-compiling /home/ats/ats_sentry_ws/install/sdformat_tools/lib/python3.10/site-packages/sdformat_tools/__init__.py to __init__.cpython-310.pyc
[1.478s] byte-compiling /home/ats/ats_sentry_ws/install/sdformat_tools/lib/python3.10/site-packages/sdformat_tools/xmacro4sdf.py to xmacro4sdf.cpython-310.pyc
[1.479s] byte-compiling /home/ats/ats_sentry_ws/install/sdformat_tools/lib/python3.10/site-packages/sdformat_tools/urdf_generator.py to urdf_generator.cpython-310.pyc
[1.480s] byte-compiling /home/ats/ats_sentry_ws/install/sdformat_tools/lib/python3.10/site-packages/sdformat_tools/sdf2urdf.py to sdf2urdf.cpython-310.pyc
[1.481s] running install_data
[1.482s] creating /home/ats/ats_sentry_ws/install/sdformat_tools/share/ament_index
[1.482s] creating /home/ats/ats_sentry_ws/install/sdformat_tools/share/ament_index/resource_index
[1.482s] creating /home/ats/ats_sentry_ws/install/sdformat_tools/share/ament_index/resource_index/packages
[1.482s] copying resource/sdformat_tools -> /home/ats/ats_sentry_ws/install/sdformat_tools/share/ament_index/resource_index/packages
[1.482s] copying package.xml -> /home/ats/ats_sentry_ws/install/sdformat_tools/share/sdformat_tools
[1.482s] running install_egg_info
[1.483s] Copying ../../../build/sdformat_tools/sdformat_tools.egg-info to /home/ats/ats_sentry_ws/install/sdformat_tools/lib/python3.10/site-packages/sdformat_tools-0.0.1-py3.10.egg-info
[1.484s] running install_scripts
[1.504s] writing list of installed files to '/home/ats/ats_sentry_ws/build/sdformat_tools/install.log'
[1.527s] Invoked command in '/home/ats/ats_sentry_ws/src/dependencies/sdformat_tools' returned '0': PYTHONPATH=/home/ats/ats_sentry_ws/build/sdformat_tools/prefix_override:/usr/lib/python3/dist-packages/colcon_core/task/python/colcon_distutils_commands:/home/ats/ats_sentry_ws/install/sdformat_tools/lib/python3.10/site-packages:${PYTHONPATH} /usr/bin/python3 -W ignore:setup.py install is deprecated -W ignore:easy_install command is deprecated setup.py egg_info --egg-base ../../../build/sdformat_tools build --build-base /home/ats/ats_sentry_ws/build/sdformat_tools/build install --record /home/ats/ats_sentry_ws/build/sdformat_tools/install.log --single-version-externally-managed install_data
